<?xml version="1.0" encoding="UTF-8"?>
<!-- Generated by org.testng.reporters.JUnitXMLReporter -->
<testsuite ignored="0" hostname="DESKTOP-5AST0QG" failures="1" tests="2" name="Default test" time="31.29" errors="0" timestamp="2022-04-28T13:38:49 IST">
  <testcase classname="cucumber.options.TestRunner" name="runScenario" time="11.791">
    <failure type="org.junit.ComparisonFailure" message="expected:&amp;lt;[FULFILLED]&amp;gt; but was:&amp;lt;[OPEN]&amp;gt;">
      <![CDATA[org.junit.ComparisonFailure: expected:<[FULFILLED]> but was:<[OPEN]>
at org.junit.Assert.assertEquals(Assert.java:117)
at org.junit.Assert.assertEquals(Assert.java:146)
at stepDefinations.SDplaceOrderofBroker1.verify_key_of_response(SDplaceOrderofBroker1.java:105)
at ✽.Verify key "data.status" of response "OPEN"(file:///C:/Users/Dell/eclipse_csk/CSXautomation2/src/test/java/demoFeature/demo.feature:12)
]]>
    </failure>
  </testcase> <!-- runScenario -->
  <testcase classname="cucumber.options.TestRunner" name="runScenario" time="18.639"/>
</testsuite> <!-- Default test -->
