<?xml version="1.0" encoding="UTF-8"?>
<!-- Generated by org.testng.reporters.JUnitXMLReporter -->
<testsuite ignored="0" hostname="DESKTOP-5AST0QG" failures="2" tests="6" name="Command line test" time="72.209" errors="0" timestamp="2022-04-26T10:32:24 IST">
  <testcase classname="cucumber.options.TestRunner" name="runScenario" time="22.907"/>
  <testcase classname="cucumber.options.TestRunner" name="runScenario" time="23.479"/>
  <testcase classname="cucumber.options.TestRunner" name="runScenario" time="12.39"/>
  <testcase classname="cucumber.options.TestRunner" name="runScenario" time="10.378"/>
  <testcase classname="cucumber.options.TestRunner" name="runScenario" time="1.56">
    <failure type="org.junit.ComparisonFailure" message="expected:&amp;lt;[405]&amp;gt; but was:&amp;lt;[200]&amp;gt;">
      <![CDATA[org.junit.ComparisonFailure: expected:<[405]> but was:<[200]>
at org.junit.Assert.assertEquals(Assert.java:117)
at org.junit.Assert.assertEquals(Assert.java:146)
at stepDefinations.SDplaceOrderofBroker1.i_verify_the_in_step(SDplaceOrderofBroker1.java:96)
at ✽.I verify the  "200" in step(file:///C:/Users/Dell/eclipse_csk/CSXautomation2/src/test/java/feature/placeOrder.feature:100)
]]>
    </failure>
  </testcase> <!-- runScenario -->
  <testcase classname="cucumber.options.TestRunner" name="runScenario" time="0.449">
    <failure type="org.junit.ComparisonFailure" message="expected:&amp;lt;[5]00&amp;gt; but was:&amp;lt;[2]00&amp;gt;">
      <![CDATA[org.junit.ComparisonFailure: expected:<[5]00> but was:<[2]00>
at org.junit.Assert.assertEquals(Assert.java:117)
at org.junit.Assert.assertEquals(Assert.java:146)
at stepDefinations.SDplaceOrderofBroker1.i_verify_the_in_step(SDplaceOrderofBroker1.java:96)
at ✽.I verify the  "200" in step(file:///C:/Users/Dell/eclipse_csk/CSXautomation2/src/test/java/feature/placeOrder.feature:107)
]]>
    </failure>
  </testcase> <!-- runScenario -->
</testsuite> <!-- Command line test -->
