<?xml version="1.0" encoding="UTF-8"?>
<!-- Generated by org.testng.reporters.JUnitXMLReporter -->
<testsuite ignored="0" hostname="DESKTOP-5AST0QG" failures="2" tests="9" name="Command line test" time="82.841" errors="0" timestamp="2022-04-26T17:40:41 IST">
  <testcase classname="cucumber.options.TestRunner" name="runScenario" time="24.386"/>
  <testcase classname="cucumber.options.TestRunner" name="runScenario" time="27.666"/>
  <testcase classname="cucumber.options.TestRunner" name="runScenario" time="17.636"/>
  <testcase classname="cucumber.options.TestRunner" name="runScenario" time="8.688"/>
  <testcase classname="cucumber.options.TestRunner" name="runScenario" time="1.767">
    <failure type="org.junit.ComparisonFailure" message="expected:&amp;lt;[405]&amp;gt; but was:&amp;lt;[200]&amp;gt;">
      <![CDATA[org.junit.ComparisonFailure: expected:<[405]> but was:<[200]>
at org.junit.Assert.assertEquals(Assert.java:117)
at org.junit.Assert.assertEquals(Assert.java:146)
at stepDefinations.SDplaceOrderofBroker1.i_verify_the_in_step(SDplaceOrderofBroker1.java:97)
at ✽.I verify the  "200" in step(file:///C:/Users/Dell/eclipse_csk/CSXautomation2/src/test/java/feature/placeOrder.feature:100)
]]>
    </failure>
  </testcase> <!-- runScenario -->
  <testcase classname="cucumber.options.TestRunner" name="runScenario" time="0.495">
    <failure type="org.junit.ComparisonFailure" message="expected:&amp;lt;[5]00&amp;gt; but was:&amp;lt;[2]00&amp;gt;">
      <![CDATA[org.junit.ComparisonFailure: expected:<[5]00> but was:<[2]00>
at org.junit.Assert.assertEquals(Assert.java:117)
at org.junit.Assert.assertEquals(Assert.java:146)
at stepDefinations.SDplaceOrderofBroker1.i_verify_the_in_step(SDplaceOrderofBroker1.java:97)
at ✽.I verify the  "200" in step(file:///C:/Users/Dell/eclipse_csk/CSXautomation2/src/test/java/feature/placeOrder.feature:107)
]]>
    </failure>
  </testcase> <!-- runScenario -->
  <testcase classname="cucumber.options.TestRunner" name="runScenario" time="0.533"/>
  <testcase classname="cucumber.options.TestRunner" name="runScenario" time="0.537"/>
  <testcase classname="cucumber.options.TestRunner" name="runScenario" time="0.4"/>
</testsuite> <!-- Command line test -->
