<?xml version="1.0" encoding="UTF-8" ?>
<testsuite tests="10" failures="6" name="cucumber.options.TestRunner" time="204.331" errors="0" skipped="0">
  <properties>
[...]
</properties>
  <testcase classname="cucumber.options.TestRunner" name="runScenario" time="82.272">
    <failure message="Failed to parse the JSON document" type="io.restassured.path.json.exception.JsonPathException">io.restassured.path.json.exception.JsonPathException: Failed to parse the JSON document
	at io.restassured.path.json.JsonPath$ExceptionCatcher.invoke(JsonPath.java:1002)
	at io.restassured.path.json.JsonPath$4.doParseWith(JsonPath.java:967)
	at io.restassured.path.json.JsonPath$JsonParser.parseWith(JsonPath.java:1047)
	at io.restassured.path.json.JsonPath.get(JsonPath.java:202)
	at resource.Utils.getJsonPath(Utils.java:84)
	at stepDefinations.SDplaceOrderofBroker1.take_balance_of_with_api_with_name(SDplaceOrderofBroker1.java:156)
	at ✽.take balance of &quot;INR&quot; with api &quot;Getbalance&quot; with name &quot;s3b1inr&quot;(file:///C:/Users/Dell/eclipse_csk/CSXautomation2/src/test/java/demoFeature/demo.feature:28)
Caused by: groovy.json.JsonException: Lexing failed on line: 1, column: 1, while reading &apos;S&apos;, no possible valid JSON value or punctuation could be recognized.
	at groovy.json.JsonLexer.nextToken(JsonLexer.java:86)
	at groovy.json.JsonLexer$nextToken.call(Unknown Source)
	at io.restassured.internal.path.json.ConfigurableJsonSlurper.parse(ConfigurableJsonSlurper.groovy:97)
	at io.restassured.internal.path.json.ConfigurableJsonSlurper$parse.callCurrent(Unknown Source)
	at io.restassured.internal.path.json.ConfigurableJsonSlurper.parseText(ConfigurableJsonSlurper.groovy:83)
	at io.restassured.path.json.JsonPath$4$1.method(JsonPath.java:965)
	at io.restassured.path.json.JsonPath$ExceptionCatcher.invoke(JsonPath.java:1000)
	at io.restassured.path.json.JsonPath$4.doParseWith(JsonPath.java:967)
	at io.restassured.path.json.JsonPath$JsonParser.parseWith(JsonPath.java:1047)
	at io.restassured.path.json.JsonPath.get(JsonPath.java:202)
	at resource.Utils.getJsonPath(Utils.java:84)
	at stepDefinations.SDplaceOrderofBroker1.take_balance_of_with_api_with_name(SDplaceOrderofBroker1.java:156)
	at java.base/jdk.internal.reflect.NativeMethodAccessorImpl.invoke0(Native Method)
	at java.base/jdk.internal.reflect.NativeMethodAccessorImpl.invoke(NativeMethodAccessorImpl.java:77)
	at java.base/jdk.internal.reflect.DelegatingMethodAccessorImpl.invoke(DelegatingMethodAccessorImpl.java:43)
	at java.base/java.lang.reflect.Method.invoke(Method.java:568)
	at io.cucumber.java.Invoker.doInvoke(Invoker.java:66)
	at io.cucumber.java.Invoker.invoke(Invoker.java:24)
	at io.cucumber.java.AbstractGlueDefinition.invokeMethod(AbstractGlueDefinition.java:47)
	at io.cucumber.java.JavaStepDefinition.execute(JavaStepDefinition.java:29)
	at io.cucumber.core.runner.CoreStepDefinition.execute(CoreStepDefinition.java:66)
	at io.cucumber.core.runner.PickleStepDefinitionMatch.runStep(PickleStepDefinitionMatch.java:63)
	at io.cucumber.core.runner.ExecutionMode$1.execute(ExecutionMode.java:10)
	at io.cucumber.core.runner.TestStep.executeStep(TestStep.java:86)
	at io.cucumber.core.runner.TestStep.run(TestStep.java:57)
	at io.cucumber.core.runner.PickleStepTestStep.run(PickleStepTestStep.java:51)
	at io.cucumber.core.runner.TestCase.run(TestCase.java:95)
	at io.cucumber.core.runner.Runner.runPickle(Runner.java:75)
	at io.cucumber.testng.TestNGCucumberRunner.lambda$runScenario$1(TestNGCucumberRunner.java:132)
	at io.cucumber.core.runtime.CucumberExecutionContext.lambda$runTestCase$3(CucumberExecutionContext.java:151)
	at io.cucumber.core.runtime.RethrowingThrowableCollector.executeAndThrow(RethrowingThrowableCollector.java:23)
	at io.cucumber.core.runtime.CucumberExecutionContext.runTestCase(CucumberExecutionContext.java:151)
	at io.cucumber.testng.TestNGCucumberRunner.runScenario(TestNGCucumberRunner.java:129)
	at cucumber.options.TestRunner.runScenario(TestRunner.java:25)
	at java.base/jdk.internal.reflect.NativeMethodAccessorImpl.invoke0(Native Method)
	at java.base/jdk.internal.reflect.NativeMethodAccessorImpl.invoke(NativeMethodAccessorImpl.java:77)
	at java.base/jdk.internal.reflect.DelegatingMethodAccessorImpl.invoke(DelegatingMethodAccessorImpl.java:43)
	at java.base/java.lang.reflect.Method.invoke(Method.java:568)
	at org.testng.internal.MethodInvocationHelper.invokeMethod(MethodInvocationHelper.java:133)
	at org.testng.internal.TestInvoker.invokeMethod(TestInvoker.java:598)
	at org.testng.internal.TestInvoker.invokeTestMethod(TestInvoker.java:173)
	at org.testng.internal.MethodRunner.runInSequence(MethodRunner.java:46)
	at org.testng.internal.TestInvoker$MethodInvocationAgent.invoke(TestInvoker.java:824)
	at org.testng.internal.TestInvoker.invokeTestMethods(TestInvoker.java:146)
	at org.testng.internal.TestMethodWorker.invokeTestMethods(TestMethodWorker.java:146)
	at org.testng.internal.TestMethodWorker.run(TestMethodWorker.java:128)
	at java.base/java.util.ArrayList.forEach(ArrayList.java:1511)
	at org.testng.TestRunner.privateRun(TestRunner.java:794)
	at org.testng.TestRunner.run(TestRunner.java:596)
	at org.testng.SuiteRunner.runTest(SuiteRunner.java:377)
	at org.testng.SuiteRunner.runSequentially(SuiteRunner.java:371)
	at org.testng.SuiteRunner.privateRun(SuiteRunner.java:332)
	at org.testng.SuiteRunner.run(SuiteRunner.java:276)
	at org.testng.SuiteRunnerWorker.runSuite(SuiteRunnerWorker.java:53)
	at org.testng.SuiteRunnerWorker.run(SuiteRunnerWorker.java:96)
	at org.testng.TestNG.runSuitesSequentially(TestNG.java:1212)
	at org.testng.TestNG.runSuitesLocally(TestNG.java:1134)
	at org.testng.TestNG.runSuites(TestNG.java:1063)
	at org.testng.TestNG.run(TestNG.java:1031)
	at org.apache.maven.surefire.testng.TestNGExecutor.run(TestNGExecutor.java:77)
	at org.apache.maven.surefire.testng.TestNGDirectoryTestSuite.execute(TestNGDirectoryTestSuite.java:110)
	at org.apache.maven.surefire.testng.TestNGProvider.invoke(TestNGProvider.java:106)
	at java.base/jdk.internal.reflect.NativeMethodAccessorImpl.invoke0(Native Method)
	at java.base/jdk.internal.reflect.NativeMethodAccessorImpl.invoke(NativeMethodAccessorImpl.java:77)
	at java.base/jdk.internal.reflect.DelegatingMethodAccessorImpl.invoke(DelegatingMethodAccessorImpl.java:43)
	at java.base/java.lang.reflect.Method.invoke(Method.java:568)
	at org.apache.maven.surefire.util.ReflectionUtils.invokeMethodWithArray(ReflectionUtils.java:189)
	at org.apache.maven.surefire.booter.ProviderFactory$ProviderProxy.invoke(ProviderFactory.java:165)
	at org.apache.maven.surefire.booter.ProviderFactory.invokeProvider(ProviderFactory.java:85)
	at org.apache.maven.surefire.booter.ForkedBooter.runSuitesInProcess(ForkedBooter.java:115)
	at org.apache.maven.surefire.booter.ForkedBooter.main(ForkedBooter.java:75)
Caused by: groovy.json.JsonException: Lexing failed on line: 1, column: 1, while reading &apos;S&apos;, no possible valid JSON value or punctuation could be recognized.
	at groovy.json.JsonLexer.nextToken(JsonLexer.java:86)
	at groovy.json.JsonLexer$nextToken.call(Unknown Source)
	at io.restassured.internal.path.json.ConfigurableJsonSlurper.parse(ConfigurableJsonSlurper.groovy:97)
	at io.restassured.internal.path.json.ConfigurableJsonSlurper$parse.callCurrent(Unknown Source)
	at io.restassured.internal.path.json.ConfigurableJsonSlurper.parseText(ConfigurableJsonSlurper.groovy:83)
	at io.restassured.path.json.JsonPath$4$1.method(JsonPath.java:965)
	at io.restassured.path.json.JsonPath$ExceptionCatcher.invoke(JsonPath.java:1000)
	at io.restassured.path.json.JsonPath$4.doParseWith(JsonPath.java:967)
	at io.restassured.path.json.JsonPath$JsonParser.parseWith(JsonPath.java:1047)
	at io.restassured.path.json.JsonPath.get(JsonPath.java:202)
	at resource.Utils.getJsonPath(Utils.java:84)
	at stepDefinations.SDplaceOrderofBroker1.take_balance_of_with_api_with_name(SDplaceOrderofBroker1.java:156)
	at java.base/jdk.internal.reflect.NativeMethodAccessorImpl.invoke0(Native Method)
	at java.base/jdk.internal.reflect.NativeMethodAccessorImpl.invoke(NativeMethodAccessorImpl.java:77)
	at java.base/jdk.internal.reflect.DelegatingMethodAccessorImpl.invoke(DelegatingMethodAccessorImpl.java:43)
	at java.base/java.lang.reflect.Method.invoke(Method.java:568)
	at io.cucumber.java.Invoker.doInvoke(Invoker.java:66)
	at io.cucumber.java.Invoker.invoke(Invoker.java:24)
	at io.cucumber.java.AbstractGlueDefinition.invokeMethod(AbstractGlueDefinition.java:47)
	at io.cucumber.java.JavaStepDefinition.execute(JavaStepDefinition.java:29)
	at io.cucumber.core.runner.CoreStepDefinition.execute(CoreStepDefinition.java:66)
	at io.cucumber.core.runner.PickleStepDefinitionMatch.runStep(PickleStepDefinitionMatch.java:63)
	at io.cucumber.core.runner.ExecutionMode$1.execute(ExecutionMode.java:10)
	at io.cucumber.core.runner.TestStep.executeStep(TestStep.java:86)
	at io.cucumber.core.runner.TestStep.run(TestStep.java:57)
	at io.cucumber.core.runner.PickleStepTestStep.run(PickleStepTestStep.java:51)
	at io.cucumber.core.runner.TestCase.run(TestCase.java:95)
	at io.cucumber.core.runner.Runner.runPickle(Runner.java:75)
	at io.cucumber.testng.TestNGCucumberRunner.lambda$runScenario$1(TestNGCucumberRunner.java:132)
	at io.cucumber.core.runtime.CucumberExecutionContext.lambda$runTestCase$3(CucumberExecutionContext.java:151)
	at io.cucumber.core.runtime.RethrowingThrowableCollector.executeAndThrow(RethrowingThrowableCollector.java:23)
	at io.cucumber.core.runtime.CucumberExecutionContext.runTestCase(CucumberExecutionContext.java:151)
	at io.cucumber.testng.TestNGCucumberRunner.runScenario(TestNGCucumberRunner.java:129)
	at cucumber.options.TestRunner.runScenario(TestRunner.java:25)
	at java.base/jdk.internal.reflect.NativeMethodAccessorImpl.invoke0(Native Method)
	at java.base/jdk.internal.reflect.NativeMethodAccessorImpl.invoke(NativeMethodAccessorImpl.java:77)
	at java.base/jdk.internal.reflect.DelegatingMethodAccessorImpl.invoke(DelegatingMethodAccessorImpl.java:43)
	at java.base/java.lang.reflect.Method.invoke(Method.java:568)
	at org.testng.internal.MethodInvocationHelper.invokeMethod(MethodInvocationHelper.java:133)
	at org.testng.internal.TestInvoker.invokeMethod(TestInvoker.java:598)
	at org.testng.internal.TestInvoker.invokeTestMethod(TestInvoker.java:173)
	at org.testng.internal.MethodRunner.runInSequence(MethodRunner.java:46)
	at org.testng.internal.TestInvoker$MethodInvocationAgent.invoke(TestInvoker.java:824)
	at org.testng.internal.TestInvoker.invokeTestMethods(TestInvoker.java:146)
	at org.testng.internal.TestMethodWorker.invokeTestMethods(TestMethodWorker.java:146)
	at org.testng.internal.TestMethodWorker.run(TestMethodWorker.java:128)
	at java.base/java.util.ArrayList.forEach(ArrayList.java:1511)
	at org.testng.TestRunner.privateRun(TestRunner.java:794)
	at org.testng.TestRunner.run(TestRunner.java:596)
	at org.testng.SuiteRunner.runTest(SuiteRunner.java:377)
	at org.testng.SuiteRunner.runSequentially(SuiteRunner.java:371)
	at org.testng.SuiteRunner.privateRun(SuiteRunner.java:332)
	at org.testng.SuiteRunner.run(SuiteRunner.java:276)
	at org.testng.SuiteRunnerWorker.runSuite(SuiteRunnerWorker.java:53)
	at org.testng.SuiteRunnerWorker.run(SuiteRunnerWorker.java:96)
	at org.testng.TestNG.runSuitesSequentially(TestNG.java:1212)
	at org.testng.TestNG.runSuitesLocally(TestNG.java:1134)
	at org.testng.TestNG.runSuites(TestNG.java:1063)
	at org.testng.TestNG.run(TestNG.java:1031)
	at org.apache.maven.surefire.testng.TestNGExecutor.run(TestNGExecutor.java:77)
	at org.apache.maven.surefire.testng.TestNGDirectoryTestSuite.execute(TestNGDirectoryTestSuite.java:110)
	at org.apache.maven.surefire.testng.TestNGProvider.invoke(TestNGProvider.java:106)
	at java.base/jdk.internal.reflect.NativeMethodAccessorImpl.invoke0(Native Method)
	at java.base/jdk.internal.reflect.NativeMethodAccessorImpl.invoke(NativeMethodAccessorImpl.java:77)
	at java.base/jdk.internal.reflect.DelegatingMethodAccessorImpl.invoke(DelegatingMethodAccessorImpl.java:43)
	at java.base/java.lang.reflect.Method.invoke(Method.java:568)
	at org.apache.maven.surefire.util.ReflectionUtils.invokeMethodWithArray(ReflectionUtils.java:189)
	at org.apache.maven.surefire.booter.ProviderFactory$ProviderProxy.invoke(ProviderFactory.java:165)
	at org.apache.maven.surefire.booter.ProviderFactory.invokeProvider(ProviderFactory.java:85)
	at org.apache.maven.surefire.booter.ForkedBooter.runSuitesInProcess(ForkedBooter.java:115)
	at org.apache.maven.surefire.booter.ForkedBooter.main(ForkedBooter.java:75)
</failure>
    <system-out>Configuring TestNG with: org.apache.maven.surefire.testng.conf.TestNG652Configurator@3d8314f0

@GetBalanceforDifferentBroker @Regression
Scenario: Verify funds for diffrent broker in fulfilled case                                                                                                      &amp;#27;[90m# src/test/java/demoFeature/demo.feature:4&amp;#27;[0m
s1b1inr = 8.04769462556554E8
  &amp;#27;[32mGiven &amp;#27;[0m&amp;#27;[32mtake balance of &amp;#27;[0m&amp;#27;[32m&amp;#27;[1m&quot;INR&quot;&amp;#27;[0m&amp;#27;[32m with api &amp;#27;[0m&amp;#27;[32m&amp;#27;[1m&quot;Getbalance&quot;&amp;#27;[0m&amp;#27;[32m with name &amp;#27;[0m&amp;#27;[32m&amp;#27;[1m&quot;s1b1inr&quot;&amp;#27;[0m                                                                                           &amp;#27;[90m# stepDefinations.SDplaceOrderofBroker1.take_balance_of_with_api_with_name(java.lang.String,java.lang.String,java.lang.String)&amp;#27;[0m
s1b1btc = 8001680.087313
  &amp;#27;[32mGiven &amp;#27;[0m&amp;#27;[32mtake balance of &amp;#27;[0m&amp;#27;[32m&amp;#27;[1m&quot;BTC&quot;&amp;#27;[0m&amp;#27;[32m with api &amp;#27;[0m&amp;#27;[32m&amp;#27;[1m&quot;Getbalance&quot;&amp;#27;[0m&amp;#27;[32m with name &amp;#27;[0m&amp;#27;[32m&amp;#27;[1m&quot;s1b1btc&quot;&amp;#27;[0m                                                                                           &amp;#27;[90m# stepDefinations.SDplaceOrderofBroker1.take_balance_of_with_api_with_name(java.lang.String,java.lang.String,java.lang.String)&amp;#27;[0m
s1b2inr = 1.7454647008485E7
  &amp;#27;[32mGiven &amp;#27;[0m&amp;#27;[32mFor_Broker2_take balance of &amp;#27;[0m&amp;#27;[32m&amp;#27;[1m&quot;INR&quot;&amp;#27;[0m&amp;#27;[32m with api &amp;#27;[0m&amp;#27;[32m&amp;#27;[1m&quot;Getbalance&quot;&amp;#27;[0m&amp;#27;[32m with name &amp;#27;[0m&amp;#27;[32m&amp;#27;[1m&quot;s1b2inr&quot;&amp;#27;[0m                                                                               &amp;#27;[90m# stepDefinations.SDplaceOrderofBroker1.For_Broker2_take_balance_of_with_api_with_name(java.lang.String,java.lang.String,java.lang.String)&amp;#27;[0m
s1b2btc = 818.756247
  &amp;#27;[32mGiven &amp;#27;[0m&amp;#27;[32mFor_Broker2_take balance of &amp;#27;[0m&amp;#27;[32m&amp;#27;[1m&quot;BTC&quot;&amp;#27;[0m&amp;#27;[32m with api &amp;#27;[0m&amp;#27;[32m&amp;#27;[1m&quot;Getbalance&quot;&amp;#27;[0m&amp;#27;[32m with name &amp;#27;[0m&amp;#27;[32m&amp;#27;[1m&quot;s1b2btc&quot;&amp;#27;[0m                                                                               &amp;#27;[90m# stepDefinations.SDplaceOrderofBroker1.For_Broker2_take_balance_of_with_api_with_name(java.lang.String,java.lang.String,java.lang.String)&amp;#27;[0m
  &amp;#27;[32mGiven &amp;#27;[0m&amp;#27;[32mPlacing an order of type &amp;#27;[0m&amp;#27;[32m&amp;#27;[1m&quot;limit&quot;&amp;#27;[0m&amp;#27;[32m side &amp;#27;[0m&amp;#27;[32m&amp;#27;[1m&quot;BUY&quot;&amp;#27;[0m&amp;#27;[32m instrument &amp;#27;[0m&amp;#27;[32m&amp;#27;[1m&quot;btc/inr&quot;&amp;#27;[0m&amp;#27;[32m quantityType &amp;#27;[0m&amp;#27;[32m&amp;#27;[1m&quot;quote&quot;&amp;#27;[0m&amp;#27;[32m quantity &amp;#27;[0m&amp;#27;[32m&amp;#27;[1m&quot;10000&quot;&amp;#27;[0m&amp;#27;[32m limitPrice &amp;#27;[0m&amp;#27;[32m&amp;#27;[1m&quot;3500000&quot;&amp;#27;[0m&amp;#27;[32m username &amp;#27;[0m&amp;#27;[32m&amp;#27;[1m&quot;user1&quot;&amp;#27;[0m              &amp;#27;[90m# stepDefinations.SDplaceOrderofBroker1.placing_an_order_of_type_side_instrument_quantity_type_quantity_limit_price_username(java.lang.String,java.lang.String,java.lang.String,java.lang.String,java.lang.String,java.lang.String,java.lang.String)&amp;#27;[0m
  &amp;#27;[32mWhen &amp;#27;[0m&amp;#27;[32mProviding request PathUrl &amp;#27;[0m&amp;#27;[32m&amp;#27;[1m&quot;PlaceOrder&quot;&amp;#27;[0m&amp;#27;[32m with method &amp;#27;[0m&amp;#27;[32m&amp;#27;[1m&quot;POST&quot;&amp;#27;[0m                                                                                                  &amp;#27;[90m# stepDefinations.SDplaceOrderofBroker1.providing_request_path_url_with_method(java.lang.String,java.lang.String)&amp;#27;[0m
{&quot;data&quot;:{&quot;average_price&quot;:&quot;0&quot;,&quot;brokerID&quot;:&quot;97c02e87-a473-414b-9d27-78764a93d439&quot;,&quot;filledQuantity&quot;:0,&quot;instrument&quot;:&quot;BTC/INR&quot;,&quot;limit_price&quot;:&quot;3500000&quot;,&quot;makerFee&quot;:&quot;0.1&quot;,&quot;orderID&quot;:&quot;0ac92a31-6d83-4025-8e4c-728b1d72c152&quot;,&quot;quantity&quot;:0.00285,&quot;side&quot;:&quot;BUY&quot;,&quot;status&quot;:&quot;OPEN&quot;,&quot;takerFee&quot;:&quot;0.2&quot;},&quot;message&quot;:&quot;Order placed successfully&quot;}

  &amp;#27;[32mThen &amp;#27;[0m&amp;#27;[32mI verify the  &amp;#27;[0m&amp;#27;[32m&amp;#27;[1m&quot;200&quot;&amp;#27;[0m&amp;#27;[32m in step&amp;#27;[0m                                                                                                                                &amp;#27;[90m# stepDefinations.SDplaceOrderofBroker1.i_verify_the_in_step(java.lang.String)&amp;#27;[0m
  &amp;#27;[32mAnd &amp;#27;[0m&amp;#27;[32mVerify key &amp;#27;[0m&amp;#27;[32m&amp;#27;[1m&quot;message&quot;&amp;#27;[0m&amp;#27;[32m of response &amp;#27;[0m&amp;#27;[32m&amp;#27;[1m&quot;Order placed successfully&quot;&amp;#27;[0m                                                                                                &amp;#27;[90m# stepDefinations.SDplaceOrderofBroker1.verify_key_of_response(java.lang.String,java.lang.String)&amp;#27;[0m
  &amp;#27;[32mAnd &amp;#27;[0m&amp;#27;[32mVerify the &amp;#27;[0m&amp;#27;[32m&amp;#27;[1m&quot;data.orderID&quot;&amp;#27;[0m&amp;#27;[32m of response &amp;#27;[0m&amp;#27;[32m&amp;#27;[1m&quot;GetOrder&quot;&amp;#27;[0m                                                                                                            &amp;#27;[90m# stepDefinations.SDplaceOrderofBroker1.verify_the_of_response(java.lang.String,java.lang.String)&amp;#27;[0m
  &amp;#27;[32mAnd &amp;#27;[0m&amp;#27;[32mVerify key &amp;#27;[0m&amp;#27;[32m&amp;#27;[1m&quot;data.status&quot;&amp;#27;[0m&amp;#27;[32m of response &amp;#27;[0m&amp;#27;[32m&amp;#27;[1m&quot;OPEN&quot;&amp;#27;[0m                                                                                                                 &amp;#27;[90m# stepDefinations.SDplaceOrderofBroker1.verify_key_of_response(java.lang.String,java.lang.String)&amp;#27;[0m
s2b1inr = 8.04759467606554E8
  &amp;#27;[32mGiven &amp;#27;[0m&amp;#27;[32mtake balance of &amp;#27;[0m&amp;#27;[32m&amp;#27;[1m&quot;INR&quot;&amp;#27;[0m&amp;#27;[32m with api &amp;#27;[0m&amp;#27;[32m&amp;#27;[1m&quot;Getbalance&quot;&amp;#27;[0m&amp;#27;[32m with name &amp;#27;[0m&amp;#27;[32m&amp;#27;[1m&quot;s2b1inr&quot;&amp;#27;[0m                                                                                           &amp;#27;[90m# stepDefinations.SDplaceOrderofBroker1.take_balance_of_with_api_with_name(java.lang.String,java.lang.String,java.lang.String)&amp;#27;[0m
s2b1btc = 8001680.087313
  &amp;#27;[32mGiven &amp;#27;[0m&amp;#27;[32mtake balance of &amp;#27;[0m&amp;#27;[32m&amp;#27;[1m&quot;BTC&quot;&amp;#27;[0m&amp;#27;[32m with api &amp;#27;[0m&amp;#27;[32m&amp;#27;[1m&quot;Getbalance&quot;&amp;#27;[0m&amp;#27;[32m with name &amp;#27;[0m&amp;#27;[32m&amp;#27;[1m&quot;s2b1btc&quot;&amp;#27;[0m                                                                                           &amp;#27;[90m# stepDefinations.SDplaceOrderofBroker1.take_balance_of_with_api_with_name(java.lang.String,java.lang.String,java.lang.String)&amp;#27;[0m
s2b2inr = 1.7454647008485E7
  &amp;#27;[32mGiven &amp;#27;[0m&amp;#27;[32mFor_Broker2_take balance of &amp;#27;[0m&amp;#27;[32m&amp;#27;[1m&quot;INR&quot;&amp;#27;[0m&amp;#27;[32m with api &amp;#27;[0m&amp;#27;[32m&amp;#27;[1m&quot;Getbalance&quot;&amp;#27;[0m&amp;#27;[32m with name &amp;#27;[0m&amp;#27;[32m&amp;#27;[1m&quot;s2b2inr&quot;&amp;#27;[0m                                                                               &amp;#27;[90m# stepDefinations.SDplaceOrderofBroker1.For_Broker2_take_balance_of_with_api_with_name(java.lang.String,java.lang.String,java.lang.String)&amp;#27;[0m
s2b2btc = 818.756247
  &amp;#27;[32mGiven &amp;#27;[0m&amp;#27;[32mFor_Broker2_take balance of &amp;#27;[0m&amp;#27;[32m&amp;#27;[1m&quot;BTC&quot;&amp;#27;[0m&amp;#27;[32m with api &amp;#27;[0m&amp;#27;[32m&amp;#27;[1m&quot;Getbalance&quot;&amp;#27;[0m&amp;#27;[32m with name &amp;#27;[0m&amp;#27;[32m&amp;#27;[1m&quot;s2b2btc&quot;&amp;#27;[0m                                                                               &amp;#27;[90m# stepDefinations.SDplaceOrderofBroker1.For_Broker2_take_balance_of_with_api_with_name(java.lang.String,java.lang.String,java.lang.String)&amp;#27;[0m
  &amp;#27;[32mGiven &amp;#27;[0m&amp;#27;[32mFor_Broker2_Placing an order of type &amp;#27;[0m&amp;#27;[32m&amp;#27;[1m&quot;limit&quot;&amp;#27;[0m&amp;#27;[32m side &amp;#27;[0m&amp;#27;[32m&amp;#27;[1m&quot;SELL&quot;&amp;#27;[0m&amp;#27;[32m instrument &amp;#27;[0m&amp;#27;[32m&amp;#27;[1m&quot;btc/inr&quot;&amp;#27;[0m&amp;#27;[32m quantityType &amp;#27;[0m&amp;#27;[32m&amp;#27;[1m&quot;quote&quot;&amp;#27;[0m&amp;#27;[32m quantity &amp;#27;[0m&amp;#27;[32m&amp;#27;[1m&quot;10000&quot;&amp;#27;[0m&amp;#27;[32m limitPrice &amp;#27;[0m&amp;#27;[32m&amp;#27;[1m&quot;3500000&quot;&amp;#27;[0m&amp;#27;[32m username &amp;#27;[0m&amp;#27;[32m&amp;#27;[1m&quot;user1&quot;&amp;#27;[0m &amp;#27;[90m# stepDefinations.SDplaceOrderofBroker1.For_Broker2_placing_an_order_of_type_side_instrument_quantity_type_quantity_limit_price_username(java.lang.String,java.lang.String,java.lang.String,java.lang.String,java.lang.String,java.lang.String,java.lang.String)&amp;#27;[0m
  &amp;#27;[32mWhen &amp;#27;[0m&amp;#27;[32mFor_Broker2_Providing request PathUrl &amp;#27;[0m&amp;#27;[32m&amp;#27;[1m&quot;PlaceOrder&quot;&amp;#27;[0m&amp;#27;[32m with method &amp;#27;[0m&amp;#27;[32m&amp;#27;[1m&quot;POST&quot;&amp;#27;[0m                                                                                      &amp;#27;[90m# stepDefinations.SDplaceOrderofBroker1.For_Broker2_providing_request_path_url_with_method(java.lang.String,java.lang.String)&amp;#27;[0m
  &amp;#27;[32mThen &amp;#27;[0m&amp;#27;[32mFor_Broker2_I verify the  &amp;#27;[0m&amp;#27;[32m&amp;#27;[1m&quot;200&quot;&amp;#27;[0m&amp;#27;[32m in step&amp;#27;[0m                                                                                                                    &amp;#27;[90m# stepDefinations.SDplaceOrderofBroker1.For_Broker2_i_verify_the_in_step(java.lang.String)&amp;#27;[0m
  &amp;#27;[32mAnd &amp;#27;[0m&amp;#27;[32mFor_Broker2_Verify key &amp;#27;[0m&amp;#27;[32m&amp;#27;[1m&quot;message&quot;&amp;#27;[0m&amp;#27;[32m of response &amp;#27;[0m&amp;#27;[32m&amp;#27;[1m&quot;Order placed successfully&quot;&amp;#27;[0m                                                                                    &amp;#27;[90m# stepDefinations.SDplaceOrderofBroker1.For_Broker2_verify_key_of_response(java.lang.String,java.lang.String)&amp;#27;[0m
  &amp;#27;[32mAnd &amp;#27;[0m&amp;#27;[32mFor_Broker2_Verify the &amp;#27;[0m&amp;#27;[32m&amp;#27;[1m&quot;data.orderID&quot;&amp;#27;[0m&amp;#27;[32m of response &amp;#27;[0m&amp;#27;[32m&amp;#27;[1m&quot;GetOrder&quot;&amp;#27;[0m                                                                                                &amp;#27;[90m# stepDefinations.SDplaceOrderofBroker1.For_Broker2_verify_the_of_response(java.lang.String,java.lang.String)&amp;#27;[0m
  &amp;#27;[32mWhen &amp;#27;[0m&amp;#27;[32mProviding request PathUrl &amp;#27;[0m&amp;#27;[32m&amp;#27;[1m&quot;CancelAllOrders&quot;&amp;#27;[0m&amp;#27;[32m with method &amp;#27;[0m&amp;#27;[32m&amp;#27;[1m&quot;DELETE&quot;&amp;#27;[0m                                                                                           &amp;#27;[90m# stepDefinations.SDplaceOrderofBroker1.providing_request_path_url_with_method(java.lang.String,java.lang.String)&amp;#27;[0m
  &amp;#27;[32mWhen &amp;#27;[0m&amp;#27;[32mFor_Broker2_Providing request PathUrl &amp;#27;[0m&amp;#27;[32m&amp;#27;[1m&quot;CancelAllOrders&quot;&amp;#27;[0m&amp;#27;[32m with method &amp;#27;[0m&amp;#27;[32m&amp;#27;[1m&quot;DELETE&quot;&amp;#27;[0m                                                                               &amp;#27;[90m# stepDefinations.SDplaceOrderofBroker1.For_Broker2_providing_request_path_url_with_method(java.lang.String,java.lang.String)&amp;#27;[0m
  &amp;#27;[31mGiven &amp;#27;[0m&amp;#27;[31mtake balance of &amp;#27;[0m&amp;#27;[31m&amp;#27;[1m&quot;INR&quot;&amp;#27;[0m&amp;#27;[31m with api &amp;#27;[0m&amp;#27;[31m&amp;#27;[1m&quot;Getbalance&quot;&amp;#27;[0m&amp;#27;[31m with name &amp;#27;[0m&amp;#27;[31m&amp;#27;[1m&quot;s3b1inr&quot;&amp;#27;[0m                                                                                           &amp;#27;[90m# stepDefinations.SDplaceOrderofBroker1.take_balance_of_with_api_with_name(java.lang.String,java.lang.String,java.lang.String)&amp;#27;[0m
      &amp;#27;[31mio.restassured.path.json.exception.JsonPathException: Failed to parse the JSON document
	at io.restassured.path.json.JsonPath$ExceptionCatcher.invoke(JsonPath.java:1002)
	at io.restassured.path.json.JsonPath$4.doParseWith(JsonPath.java:967)
	at io.restassured.path.json.JsonPath$JsonParser.parseWith(JsonPath.java:1047)
	at io.restassured.path.json.JsonPath.get(JsonPath.java:202)
	at resource.Utils.getJsonPath(Utils.java:84)
	at stepDefinations.SDplaceOrderofBroker1.take_balance_of_with_api_with_name(SDplaceOrderofBroker1.java:156)
	at âœ½.take balance of &quot;INR&quot; with api &quot;Getbalance&quot; with name &quot;s3b1inr&quot;(file:///C:/Users/Dell/eclipse_csk/CSXautomation2/src/test/java/demoFeature/demo.feature:28)
Caused by: groovy.json.JsonException: Lexing failed on line: 1, column: 1, while reading &apos;S&apos;, no possible valid JSON value or punctuation could be recognized.
	at groovy.json.JsonLexer.nextToken(JsonLexer.java:86)
	at groovy.json.JsonLexer$nextToken.call(Unknown Source)
	at io.restassured.internal.path.json.ConfigurableJsonSlurper.parse(ConfigurableJsonSlurper.groovy:97)
	at io.restassured.internal.path.json.ConfigurableJsonSlurper$parse.callCurrent(Unknown Source)
	at io.restassured.internal.path.json.ConfigurableJsonSlurper.parseText(ConfigurableJsonSlurper.groovy:83)
	at io.restassured.path.json.JsonPath$4$1.method(JsonPath.java:965)
	at io.restassured.path.json.JsonPath$ExceptionCatcher.invoke(JsonPath.java:1000)
	at io.restassured.path.json.JsonPath$4.doParseWith(JsonPath.java:967)
	at io.restassured.path.json.JsonPath$JsonParser.parseWith(JsonPath.java:1047)
	at io.restassured.path.json.JsonPath.get(JsonPath.java:202)
	at resource.Utils.getJsonPath(Utils.java:84)
	at stepDefinations.SDplaceOrderofBroker1.take_balance_of_with_api_with_name(SDplaceOrderofBroker1.java:156)
	at java.base/jdk.internal.reflect.NativeMethodAccessorImpl.invoke0(Native Method)
	at java.base/jdk.internal.reflect.NativeMethodAccessorImpl.invoke(NativeMethodAccessorImpl.java:77)
	at java.base/jdk.internal.reflect.DelegatingMethodAccessorImpl.invoke(DelegatingMethodAccessorImpl.java:43)
	at java.base/java.lang.reflect.Method.invoke(Method.java:568)
	at io.cucumber.java.Invoker.doInvoke(Invoker.java:66)
	at io.cucumber.java.Invoker.invoke(Invoker.java:24)
	at io.cucumber.java.AbstractGlueDefinition.invokeMethod(AbstractGlueDefinition.java:47)
	at io.cucumber.java.JavaStepDefinition.execute(JavaStepDefinition.java:29)
	at io.cucumber.core.runner.CoreStepDefinition.execute(CoreStepDefinition.java:66)
	at io.cucumber.core.runner.PickleStepDefinitionMatch.runStep(PickleStepDefinitionMatch.java:63)
	at io.cucumber.core.runner.ExecutionMode$1.execute(ExecutionMode.java:10)
	at io.cucumber.core.runner.TestStep.executeStep(TestStep.java:86)
	at io.cucumber.core.runner.TestStep.run(TestStep.java:57)
	at io.cucumber.core.runner.PickleStepTestStep.run(PickleStepTestStep.java:51)
	at io.cucumber.core.runner.TestCase.run(TestCase.java:95)
	at io.cucumber.core.runner.Runner.runPickle(Runner.java:75)
	at io.cucumber.testng.TestNGCucumberRunner.lambda$runScenario$1(TestNGCucumberRunner.java:132)
	at io.cucumber.core.runtime.CucumberExecutionContext.lambda$runTestCase$3(CucumberExecutionContext.java:151)
	at io.cucumber.core.runtime.RethrowingThrowableCollector.executeAndThrow(RethrowingThrowableCollector.java:23)
	at io.cucumber.core.runtime.CucumberExecutionContext.runTestCase(CucumberExecutionContext.java:151)
	at io.cucumber.testng.TestNGCucumberRunner.runScenario(TestNGCucumberRunner.java:129)
	at cucumber.options.TestRunner.runScenario(TestRunner.java:25)
	at java.base/jdk.internal.reflect.NativeMethodAccessorImpl.invoke0(Native Method)
	at java.base/jdk.internal.reflect.NativeMethodAccessorImpl.invoke(NativeMethodAccessorImpl.java:77)
	at java.base/jdk.internal.reflect.DelegatingMethodAccessorImpl.invoke(DelegatingMethodAccessorImpl.java:43)
	at java.base/java.lang.reflect.Method.invoke(Method.java:568)
	at org.testng.internal.MethodInvocationHelper.invokeMethod(MethodInvocationHelper.java:133)
	at org.testng.internal.TestInvoker.invokeMethod(TestInvoker.java:598)
	at org.testng.internal.TestInvoker.invokeTestMethod(TestInvoker.java:173)
	at org.testng.internal.MethodRunner.runInSequence(MethodRunner.java:46)
	at org.testng.internal.TestInvoker$MethodInvocationAgent.invoke(TestInvoker.java:824)
	at org.testng.internal.TestInvoker.invokeTestMethods(TestInvoker.java:146)
	at org.testng.internal.TestMethodWorker.invokeTestMethods(TestMethodWorker.java:146)
	at org.testng.internal.TestMethodWorker.run(TestMethodWorker.java:128)
	at java.base/java.util.ArrayList.forEach(ArrayList.java:1511)
	at org.testng.TestRunner.privateRun(TestRunner.java:794)
	at org.testng.TestRunner.run(TestRunner.java:596)
	at org.testng.SuiteRunner.runTest(SuiteRunner.java:377)
	at org.testng.SuiteRunner.runSequentially(SuiteRunner.java:371)
	at org.testng.SuiteRunner.privateRun(SuiteRunner.java:332)
	at org.testng.SuiteRunner.run(SuiteRunner.java:276)
	at org.testng.SuiteRunnerWorker.runSuite(SuiteRunnerWorker.java:53)
	at org.testng.SuiteRunnerWorker.run(SuiteRunnerWorker.java:96)
	at org.testng.TestNG.runSuitesSequentially(TestNG.java:1212)
	at org.testng.TestNG.runSuitesLocally(TestNG.java:1134)
	at org.testng.TestNG.runSuites(TestNG.java:1063)
	at org.testng.TestNG.run(TestNG.java:1031)
	at org.apache.maven.surefire.testng.TestNGExecutor.run(TestNGExecutor.java:77)
	at org.apache.maven.surefire.testng.TestNGDirectoryTestSuite.execute(TestNGDirectoryTestSuite.java:110)
	at org.apache.maven.surefire.testng.TestNGProvider.invoke(TestNGProvider.java:106)
	at java.base/jdk.internal.reflect.NativeMethodAccessorImpl.invoke0(Native Method)
	at java.base/jdk.internal.reflect.NativeMethodAccessorImpl.invoke(NativeMethodAccessorImpl.java:77)
	at java.base/jdk.internal.reflect.DelegatingMethodAccessorImpl.invoke(DelegatingMethodAccessorImpl.java:43)
	at java.base/java.lang.reflect.Method.invoke(Method.java:568)
	at org.apache.maven.surefire.util.ReflectionUtils.invokeMethodWithArray(ReflectionUtils.java:189)
	at org.apache.maven.surefire.booter.ProviderFactory$ProviderProxy.invoke(ProviderFactory.java:165)
	at org.apache.maven.surefire.booter.ProviderFactory.invokeProvider(ProviderFactory.java:85)
	at org.apache.maven.surefire.booter.ForkedBooter.runSuitesInProcess(ForkedBooter.java:115)
	at org.apache.maven.surefire.booter.ForkedBooter.main(ForkedBooter.java:75)
&amp;#27;[0m
  &amp;#27;[36mGiven &amp;#27;[0m&amp;#27;[36mtake balance of &amp;#27;[0m&amp;#27;[36m&amp;#27;[1m&quot;BTC&quot;&amp;#27;[0m&amp;#27;[36m with api &amp;#27;[0m&amp;#27;[36m&amp;#27;[1m&quot;Getbalance&quot;&amp;#27;[0m&amp;#27;[36m with name &amp;#27;[0m&amp;#27;[36m&amp;#27;[1m&quot;s3b1btc&quot;&amp;#27;[0m                                                                                           &amp;#27;[90m# stepDefinations.SDplaceOrderofBroker1.take_balance_of_with_api_with_name(java.lang.String,java.lang.String,java.lang.String)&amp;#27;[0m
  &amp;#27;[36mGiven &amp;#27;[0m&amp;#27;[36mFor_Broker2_take balance of &amp;#27;[0m&amp;#27;[36m&amp;#27;[1m&quot;INR&quot;&amp;#27;[0m&amp;#27;[36m with api &amp;#27;[0m&amp;#27;[36m&amp;#27;[1m&quot;Getbalance&quot;&amp;#27;[0m&amp;#27;[36m with name &amp;#27;[0m&amp;#27;[36m&amp;#27;[1m&quot;s3b2inr&quot;&amp;#27;[0m                                                                               &amp;#27;[90m# stepDefinations.SDplaceOrderofBroker1.For_Broker2_take_balance_of_with_api_with_name(java.lang.String,java.lang.String,java.lang.String)&amp;#27;[0m
  &amp;#27;[36mGiven &amp;#27;[0m&amp;#27;[36mFor_Broker2_take balance of &amp;#27;[0m&amp;#27;[36m&amp;#27;[1m&quot;BTC&quot;&amp;#27;[0m&amp;#27;[36m with api &amp;#27;[0m&amp;#27;[36m&amp;#27;[1m&quot;Getbalance&quot;&amp;#27;[0m&amp;#27;[36m with name &amp;#27;[0m&amp;#27;[36m&amp;#27;[1m&quot;s3b2btc&quot;&amp;#27;[0m                                                                               &amp;#27;[90m# stepDefinations.SDplaceOrderofBroker1.For_Broker2_take_balance_of_with_api_with_name(java.lang.String,java.lang.String,java.lang.String)&amp;#27;[0m
  &amp;#27;[36mThen &amp;#27;[0m&amp;#27;[36mCheck fees &amp;#27;[0m&amp;#27;[36m&amp;#27;[1m&quot;2&quot;&amp;#27;[0m&amp;#27;[36m for diffrent broker&amp;#27;[0m                                                                                                                         &amp;#27;[90m# stepDefinations.SDplaceOrderofBroker1.calculate_fees_for_diffrent_broker(java.lang.String)&amp;#27;[0m
</system-out>
    <system-err>SLF4J: Failed to load class &quot;org.slf4j.impl.StaticLoggerBinder&quot;.
SLF4J: Defaulting to no-operation (NOP) logger implementation
SLF4J: See http://www.slf4j.org/codes.html#StaticLoggerBinder for further details.
</system-err>
  </testcase>
  <testcase classname="cucumber.options.TestRunner" name="runScenario" time="18.992">
    <failure message="expected same:&lt;14.910000085830688&gt; was not:&lt;3&gt;" type="java.lang.AssertionError">java.lang.AssertionError: expected same:&lt;14.910000085830688&gt; was not:&lt;3&gt;
	at org.junit.Assert.fail(Assert.java:89)
	at org.junit.Assert.failNotSame(Assert.java:829)
	at org.junit.Assert.assertSame(Assert.java:772)
	at org.junit.Assert.assertSame(Assert.java:783)
	at stepDefinations.SDplaceOrderofBroker1.calculate_fees_for_same_broker(SDplaceOrderofBroker1.java:178)
	at ✽.Check fees &quot;3&quot; for same broker(file:///C:/Users/Dell/eclipse_csk/CSXautomation2/src/test/java/demoFeature/demo.feature:62)
</failure>
    <system-out>
@GetBalanceforSameBroker @Regression
Scenario: Verify funds for same broker in fulfilled case                                                                                             &amp;#27;[90m# src/test/java/demoFeature/demo.feature:36&amp;#27;[0m
s1b1inr = 8.04759477586554E8
  &amp;#27;[32mGiven &amp;#27;[0m&amp;#27;[32mtake balance of &amp;#27;[0m&amp;#27;[32m&amp;#27;[1m&quot;INR&quot;&amp;#27;[0m&amp;#27;[32m with api &amp;#27;[0m&amp;#27;[32m&amp;#27;[1m&quot;Getbalance&quot;&amp;#27;[0m&amp;#27;[32m with name &amp;#27;[0m&amp;#27;[32m&amp;#27;[1m&quot;s1b1inr&quot;&amp;#27;[0m                                                                              &amp;#27;[90m# stepDefinations.SDplaceOrderofBroker1.take_balance_of_with_api_with_name(java.lang.String,java.lang.String,java.lang.String)&amp;#27;[0m
s1b1btc = 8001680.090163
  &amp;#27;[32mGiven &amp;#27;[0m&amp;#27;[32mtake balance of &amp;#27;[0m&amp;#27;[32m&amp;#27;[1m&quot;BTC&quot;&amp;#27;[0m&amp;#27;[32m with api &amp;#27;[0m&amp;#27;[32m&amp;#27;[1m&quot;Getbalance&quot;&amp;#27;[0m&amp;#27;[32m with name &amp;#27;[0m&amp;#27;[32m&amp;#27;[1m&quot;s1b1btc&quot;&amp;#27;[0m                                                                              &amp;#27;[90m# stepDefinations.SDplaceOrderofBroker1.take_balance_of_with_api_with_name(java.lang.String,java.lang.String,java.lang.String)&amp;#27;[0m
  &amp;#27;[32mGiven &amp;#27;[0m&amp;#27;[32mPlacing an order of type &amp;#27;[0m&amp;#27;[32m&amp;#27;[1m&quot;limit&quot;&amp;#27;[0m&amp;#27;[32m side &amp;#27;[0m&amp;#27;[32m&amp;#27;[1m&quot;BUY&quot;&amp;#27;[0m&amp;#27;[32m instrument &amp;#27;[0m&amp;#27;[32m&amp;#27;[1m&quot;btc/inr&quot;&amp;#27;[0m&amp;#27;[32m quantityType &amp;#27;[0m&amp;#27;[32m&amp;#27;[1m&quot;quote&quot;&amp;#27;[0m&amp;#27;[32m quantity &amp;#27;[0m&amp;#27;[32m&amp;#27;[1m&quot;10000&quot;&amp;#27;[0m&amp;#27;[32m limitPrice &amp;#27;[0m&amp;#27;[32m&amp;#27;[1m&quot;3500000&quot;&amp;#27;[0m&amp;#27;[32m username &amp;#27;[0m&amp;#27;[32m&amp;#27;[1m&quot;user1&quot;&amp;#27;[0m &amp;#27;[90m# stepDefinations.SDplaceOrderofBroker1.placing_an_order_of_type_side_instrument_quantity_type_quantity_limit_price_username(java.lang.String,java.lang.String,java.lang.String,java.lang.String,java.lang.String,java.lang.String,java.lang.String)&amp;#27;[0m
  &amp;#27;[32mWhen &amp;#27;[0m&amp;#27;[32mProviding request PathUrl &amp;#27;[0m&amp;#27;[32m&amp;#27;[1m&quot;PlaceOrder&quot;&amp;#27;[0m&amp;#27;[32m with method &amp;#27;[0m&amp;#27;[32m&amp;#27;[1m&quot;POST&quot;&amp;#27;[0m                                                                                     &amp;#27;[90m# stepDefinations.SDplaceOrderofBroker1.providing_request_path_url_with_method(java.lang.String,java.lang.String)&amp;#27;[0m
{&quot;data&quot;:{&quot;average_price&quot;:&quot;0&quot;,&quot;brokerID&quot;:&quot;97c02e87-a473-414b-9d27-78764a93d439&quot;,&quot;filledQuantity&quot;:0,&quot;instrument&quot;:&quot;BTC/INR&quot;,&quot;limit_price&quot;:&quot;3500000&quot;,&quot;makerFee&quot;:&quot;0.1&quot;,&quot;orderID&quot;:&quot;bc639a7b-d9df-476b-9f8a-d8dd6dff5a48&quot;,&quot;quantity&quot;:0.00285,&quot;side&quot;:&quot;BUY&quot;,&quot;status&quot;:&quot;OPEN&quot;,&quot;takerFee&quot;:&quot;0.2&quot;},&quot;message&quot;:&quot;Order placed successfully&quot;}

  &amp;#27;[32mThen &amp;#27;[0m&amp;#27;[32mI verify the  &amp;#27;[0m&amp;#27;[32m&amp;#27;[1m&quot;200&quot;&amp;#27;[0m&amp;#27;[32m in step&amp;#27;[0m                                                                                                                   &amp;#27;[90m# stepDefinations.SDplaceOrderofBroker1.i_verify_the_in_step(java.lang.String)&amp;#27;[0m
  &amp;#27;[32mAnd &amp;#27;[0m&amp;#27;[32mVerify key &amp;#27;[0m&amp;#27;[32m&amp;#27;[1m&quot;message&quot;&amp;#27;[0m&amp;#27;[32m of response &amp;#27;[0m&amp;#27;[32m&amp;#27;[1m&quot;Order placed successfully&quot;&amp;#27;[0m                                                                                   &amp;#27;[90m# stepDefinations.SDplaceOrderofBroker1.verify_key_of_response(java.lang.String,java.lang.String)&amp;#27;[0m
  &amp;#27;[32mAnd &amp;#27;[0m&amp;#27;[32mVerify the &amp;#27;[0m&amp;#27;[32m&amp;#27;[1m&quot;data.orderID&quot;&amp;#27;[0m&amp;#27;[32m of response &amp;#27;[0m&amp;#27;[32m&amp;#27;[1m&quot;GetOrder&quot;&amp;#27;[0m                                                                                               &amp;#27;[90m# stepDefinations.SDplaceOrderofBroker1.verify_the_of_response(java.lang.String,java.lang.String)&amp;#27;[0m
  &amp;#27;[32mAnd &amp;#27;[0m&amp;#27;[32mVerify key &amp;#27;[0m&amp;#27;[32m&amp;#27;[1m&quot;data.status&quot;&amp;#27;[0m&amp;#27;[32m of response &amp;#27;[0m&amp;#27;[32m&amp;#27;[1m&quot;OPEN&quot;&amp;#27;[0m                                                                                                    &amp;#27;[90m# stepDefinations.SDplaceOrderofBroker1.verify_key_of_response(java.lang.String,java.lang.String)&amp;#27;[0m
aa = 8.04749482636554E8
  &amp;#27;[32mGiven &amp;#27;[0m&amp;#27;[32mtake balance of &amp;#27;[0m&amp;#27;[32m&amp;#27;[1m&quot;INR&quot;&amp;#27;[0m&amp;#27;[32m with api &amp;#27;[0m&amp;#27;[32m&amp;#27;[1m&quot;Getbalance&quot;&amp;#27;[0m&amp;#27;[32m with name &amp;#27;[0m&amp;#27;[32m&amp;#27;[1m&quot;aa&quot;&amp;#27;[0m                                                                                   &amp;#27;[90m# stepDefinations.SDplaceOrderofBroker1.take_balance_of_with_api_with_name(java.lang.String,java.lang.String,java.lang.String)&amp;#27;[0m
s2b1inr = 8.04749482636554E8
  &amp;#27;[32mGiven &amp;#27;[0m&amp;#27;[32mtake balance of &amp;#27;[0m&amp;#27;[32m&amp;#27;[1m&quot;INR&quot;&amp;#27;[0m&amp;#27;[32m with api &amp;#27;[0m&amp;#27;[32m&amp;#27;[1m&quot;Getbalance&quot;&amp;#27;[0m&amp;#27;[32m with name &amp;#27;[0m&amp;#27;[32m&amp;#27;[1m&quot;s2b1inr&quot;&amp;#27;[0m                                                                              &amp;#27;[90m# stepDefinations.SDplaceOrderofBroker1.take_balance_of_with_api_with_name(java.lang.String,java.lang.String,java.lang.String)&amp;#27;[0m
s2b1btc = 8001680.090163
  &amp;#27;[32mGiven &amp;#27;[0m&amp;#27;[32mtake balance of &amp;#27;[0m&amp;#27;[32m&amp;#27;[1m&quot;BTC&quot;&amp;#27;[0m&amp;#27;[32m with api &amp;#27;[0m&amp;#27;[32m&amp;#27;[1m&quot;Getbalance&quot;&amp;#27;[0m&amp;#27;[32m with name &amp;#27;[0m&amp;#27;[32m&amp;#27;[1m&quot;s2b1btc&quot;&amp;#27;[0m                                                                              &amp;#27;[90m# stepDefinations.SDplaceOrderofBroker1.take_balance_of_with_api_with_name(java.lang.String,java.lang.String,java.lang.String)&amp;#27;[0m
  &amp;#27;[32mGiven &amp;#27;[0m&amp;#27;[32mPlacing an order of type &amp;#27;[0m&amp;#27;[32m&amp;#27;[1m&quot;limit&quot;&amp;#27;[0m&amp;#27;[32m side &amp;#27;[0m&amp;#27;[32m&amp;#27;[1m&quot;SELL&quot;&amp;#27;[0m&amp;#27;[32m instrument &amp;#27;[0m&amp;#27;[32m&amp;#27;[1m&quot;btc/inr&quot;&amp;#27;[0m&amp;#27;[32m quantityType &amp;#27;[0m&amp;#27;[32m&amp;#27;[1m&quot;quote&quot;&amp;#27;[0m&amp;#27;[32m quantity &amp;#27;[0m&amp;#27;[32m&amp;#27;[1m&quot;5000&quot;&amp;#27;[0m&amp;#27;[32m limitPrice &amp;#27;[0m&amp;#27;[32m&amp;#27;[1m&quot;3500000&quot;&amp;#27;[0m&amp;#27;[32m username &amp;#27;[0m&amp;#27;[32m&amp;#27;[1m&quot;user2&quot;&amp;#27;[0m &amp;#27;[90m# stepDefinations.SDplaceOrderofBroker1.placing_an_order_of_type_side_instrument_quantity_type_quantity_limit_price_username(java.lang.String,java.lang.String,java.lang.String,java.lang.String,java.lang.String,java.lang.String,java.lang.String)&amp;#27;[0m
  &amp;#27;[32mWhen &amp;#27;[0m&amp;#27;[32mProviding request PathUrl &amp;#27;[0m&amp;#27;[32m&amp;#27;[1m&quot;PlaceOrder&quot;&amp;#27;[0m&amp;#27;[32m with method &amp;#27;[0m&amp;#27;[32m&amp;#27;[1m&quot;POST&quot;&amp;#27;[0m                                                                                     &amp;#27;[90m# stepDefinations.SDplaceOrderofBroker1.providing_request_path_url_with_method(java.lang.String,java.lang.String)&amp;#27;[0m
{&quot;data&quot;:{&quot;average_price&quot;:&quot;0&quot;,&quot;brokerID&quot;:&quot;97c02e87-a473-414b-9d27-78764a93d439&quot;,&quot;filledQuantity&quot;:0,&quot;instrument&quot;:&quot;BTC/INR&quot;,&quot;limit_price&quot;:&quot;3500000&quot;,&quot;makerFee&quot;:&quot;0.1&quot;,&quot;orderID&quot;:&quot;75acab67-b1d8-4d56-a43a-1a7b7841694f&quot;,&quot;quantity&quot;:0.00142,&quot;side&quot;:&quot;SELL&quot;,&quot;status&quot;:&quot;OPEN&quot;,&quot;takerFee&quot;:&quot;0.2&quot;},&quot;message&quot;:&quot;Order placed successfully&quot;}

  &amp;#27;[32mThen &amp;#27;[0m&amp;#27;[32mI verify the  &amp;#27;[0m&amp;#27;[32m&amp;#27;[1m&quot;200&quot;&amp;#27;[0m&amp;#27;[32m in step&amp;#27;[0m                                                                                                                   &amp;#27;[90m# stepDefinations.SDplaceOrderofBroker1.i_verify_the_in_step(java.lang.String)&amp;#27;[0m
  &amp;#27;[32mAnd &amp;#27;[0m&amp;#27;[32mVerify key &amp;#27;[0m&amp;#27;[32m&amp;#27;[1m&quot;message&quot;&amp;#27;[0m&amp;#27;[32m of response &amp;#27;[0m&amp;#27;[32m&amp;#27;[1m&quot;Order placed successfully&quot;&amp;#27;[0m                                                                                   &amp;#27;[90m# stepDefinations.SDplaceOrderofBroker1.verify_key_of_response(java.lang.String,java.lang.String)&amp;#27;[0m
  &amp;#27;[32mAnd &amp;#27;[0m&amp;#27;[32mVerify the &amp;#27;[0m&amp;#27;[32m&amp;#27;[1m&quot;data.orderID&quot;&amp;#27;[0m&amp;#27;[32m of response &amp;#27;[0m&amp;#27;[32m&amp;#27;[1m&quot;GetOrder&quot;&amp;#27;[0m                                                                                               &amp;#27;[90m# stepDefinations.SDplaceOrderofBroker1.verify_the_of_response(java.lang.String,java.lang.String)&amp;#27;[0m
  &amp;#27;[32mWhen &amp;#27;[0m&amp;#27;[32mProviding request PathUrl &amp;#27;[0m&amp;#27;[32m&amp;#27;[1m&quot;CancelAllOrders&quot;&amp;#27;[0m&amp;#27;[32m with method &amp;#27;[0m&amp;#27;[32m&amp;#27;[1m&quot;DELETE&quot;&amp;#27;[0m                                                                              &amp;#27;[90m# stepDefinations.SDplaceOrderofBroker1.providing_request_path_url_with_method(java.lang.String,java.lang.String)&amp;#27;[0m
s3b1inr = 8.04759462676554E8
  &amp;#27;[32mGiven &amp;#27;[0m&amp;#27;[32mtake balance of &amp;#27;[0m&amp;#27;[32m&amp;#27;[1m&quot;INR&quot;&amp;#27;[0m&amp;#27;[32m with api &amp;#27;[0m&amp;#27;[32m&amp;#27;[1m&quot;Getbalance&quot;&amp;#27;[0m&amp;#27;[32m with name &amp;#27;[0m&amp;#27;[32m&amp;#27;[1m&quot;s3b1inr&quot;&amp;#27;[0m                                                                              &amp;#27;[90m# stepDefinations.SDplaceOrderofBroker1.take_balance_of_with_api_with_name(java.lang.String,java.lang.String,java.lang.String)&amp;#27;[0m
s3b1btc = 8001680.090163
  &amp;#27;[32mGiven &amp;#27;[0m&amp;#27;[32mtake balance of &amp;#27;[0m&amp;#27;[32m&amp;#27;[1m&quot;BTC&quot;&amp;#27;[0m&amp;#27;[32m with api &amp;#27;[0m&amp;#27;[32m&amp;#27;[1m&quot;Getbalance&quot;&amp;#27;[0m&amp;#27;[32m with name &amp;#27;[0m&amp;#27;[32m&amp;#27;[1m&quot;s3b1btc&quot;&amp;#27;[0m                                                                              &amp;#27;[90m# stepDefinations.SDplaceOrderofBroker1.take_balance_of_with_api_with_name(java.lang.String,java.lang.String,java.lang.String)&amp;#27;[0m
BTC is Same
  &amp;#27;[31mThen &amp;#27;[0m&amp;#27;[31mCheck fees &amp;#27;[0m&amp;#27;[31m&amp;#27;[1m&quot;3&quot;&amp;#27;[0m&amp;#27;[31m for same broker&amp;#27;[0m                                                                                                                &amp;#27;[90m# stepDefinations.SDplaceOrderofBroker1.calculate_fees_for_same_broker(java.lang.String)&amp;#27;[0m
      &amp;#27;[31mjava.lang.AssertionError: expected same:&lt;14.910000085830688&gt; was not:&lt;3&gt;
	at org.junit.Assert.fail(Assert.java:89)
	at org.junit.Assert.failNotSame(Assert.java:829)
	at org.junit.Assert.assertSame(Assert.java:772)
	at org.junit.Assert.assertSame(Assert.java:783)
	at stepDefinations.SDplaceOrderofBroker1.calculate_fees_for_same_broker(SDplaceOrderofBroker1.java:178)
	at âœ½.Check fees &quot;3&quot; for same broker(file:///C:/Users/Dell/eclipse_csk/CSXautomation2/src/test/java/demoFeature/demo.feature:62)
&amp;#27;[0m
</system-out>
  </testcase>
  <testcase classname="cucumber.options.TestRunner" name="runScenario" time="32.913">
    <failure message="The step &apos;Calculate fees &quot;3.0111&quot; for same broker&apos; is undefined.
You can implement this step using the snippet(s) below:

@Then(&quot;Calculate fees {string} for same broker&quot;)
public void calculate_fees_for_same_broker(String string) {
    // Write code here that turns the phrase above into concrete actions
    throw new io.cucumber.java.PendingException();
}
" type="io.cucumber.testng.UndefinedStepException">io.cucumber.testng.UndefinedStepException: The step &apos;Calculate fees &quot;3.0111&quot; for same broker&apos; is undefined.
You can implement this step using the snippet(s) below:
@Then(&quot;Calculate fees {string} for same broker&quot;)
public void calculate_fees_for_same_broker(String string) {
    // Write code here that turns the phrase above into concrete actions
    throw new io.cucumber.java.PendingException();
}

	at io.cucumber.core.runtime.TestCaseResultObserver.assertTestCasePassed(TestCaseResultObserver.java:69)
	at io.cucumber.testng.TestCaseResultObserver.assertTestCasePassed(TestCaseResultObserver.java:23)
	at io.cucumber.testng.TestNGCucumberRunner.lambda$runScenario$1(TestNGCucumberRunner.java:133)
	at io.cucumber.core.runtime.CucumberExecutionContext.lambda$runTestCase$3(CucumberExecutionContext.java:151)
	at io.cucumber.core.runtime.RethrowingThrowableCollector.executeAndThrow(RethrowingThrowableCollector.java:23)
	at io.cucumber.core.runtime.CucumberExecutionContext.runTestCase(CucumberExecutionContext.java:151)
	at io.cucumber.testng.TestNGCucumberRunner.runScenario(TestNGCucumberRunner.java:129)
	at cucumber.options.TestRunner.runScenario(TestRunner.java:25)
</failure>
    <system-out>
@GetBalanceforSameBroker @Regression
Scenario: Verify GetBalance                                                                                                                       &amp;#27;[90m# src/test/java/demoFeature/example.feature:4&amp;#27;[0m
s1b1inr = 8.04759462676554E8
  &amp;#27;[32mGiven &amp;#27;[0m&amp;#27;[32mtake balance of &amp;#27;[0m&amp;#27;[32m&amp;#27;[1m&quot;INR&quot;&amp;#27;[0m&amp;#27;[32m with api &amp;#27;[0m&amp;#27;[32m&amp;#27;[1m&quot;Getbalance&quot;&amp;#27;[0m&amp;#27;[32m with name &amp;#27;[0m&amp;#27;[32m&amp;#27;[1m&quot;s1b1inr&quot;&amp;#27;[0m                                                                           &amp;#27;[90m# stepDefinations.SDplaceOrderofBroker1.take_balance_of_with_api_with_name(java.lang.String,java.lang.String,java.lang.String)&amp;#27;[0m
s1b1btc = 8001680.090163
  &amp;#27;[32mGiven &amp;#27;[0m&amp;#27;[32mtake balance of &amp;#27;[0m&amp;#27;[32m&amp;#27;[1m&quot;BTC&quot;&amp;#27;[0m&amp;#27;[32m with api &amp;#27;[0m&amp;#27;[32m&amp;#27;[1m&quot;Getbalance&quot;&amp;#27;[0m&amp;#27;[32m with name &amp;#27;[0m&amp;#27;[32m&amp;#27;[1m&quot;s1b1btc&quot;&amp;#27;[0m                                                                           &amp;#27;[90m# stepDefinations.SDplaceOrderofBroker1.take_balance_of_with_api_with_name(java.lang.String,java.lang.String,java.lang.String)&amp;#27;[0m
  &amp;#27;[32mGiven &amp;#27;[0m&amp;#27;[32mPlacing an order of type &amp;#27;[0m&amp;#27;[32m&amp;#27;[1m&quot;limit&quot;&amp;#27;[0m&amp;#27;[32m side &amp;#27;[0m&amp;#27;[32m&amp;#27;[1m&quot;BUY&quot;&amp;#27;[0m&amp;#27;[32m instrument &amp;#27;[0m&amp;#27;[32m&amp;#27;[1m&quot;btc/inr&quot;&amp;#27;[0m&amp;#27;[32m quantityType &amp;#27;[0m&amp;#27;[32m&amp;#27;[1m&quot;quote&quot;&amp;#27;[0m&amp;#27;[32m quantity &amp;#27;[0m&amp;#27;[32m&amp;#27;[1m&quot;10000&quot;&amp;#27;[0m&amp;#27;[32m limitPrice &amp;#27;[0m&amp;#27;[32m&amp;#27;[1m&quot;102&quot;&amp;#27;[0m&amp;#27;[32m username &amp;#27;[0m&amp;#27;[32m&amp;#27;[1m&quot;user1&quot;&amp;#27;[0m  &amp;#27;[90m# stepDefinations.SDplaceOrderofBroker1.placing_an_order_of_type_side_instrument_quantity_type_quantity_limit_price_username(java.lang.String,java.lang.String,java.lang.String,java.lang.String,java.lang.String,java.lang.String,java.lang.String)&amp;#27;[0m
  &amp;#27;[32mWhen &amp;#27;[0m&amp;#27;[32mProviding request PathUrl &amp;#27;[0m&amp;#27;[32m&amp;#27;[1m&quot;PlaceOrder&quot;&amp;#27;[0m&amp;#27;[32m with method &amp;#27;[0m&amp;#27;[32m&amp;#27;[1m&quot;POST&quot;&amp;#27;[0m                                                                                  &amp;#27;[90m# stepDefinations.SDplaceOrderofBroker1.providing_request_path_url_with_method(java.lang.String,java.lang.String)&amp;#27;[0m
{&quot;data&quot;:{&quot;average_price&quot;:&quot;0&quot;,&quot;brokerID&quot;:&quot;97c02e87-a473-414b-9d27-78764a93d439&quot;,&quot;filledQuantity&quot;:0,&quot;instrument&quot;:&quot;BTC/INR&quot;,&quot;limit_price&quot;:&quot;102&quot;,&quot;makerFee&quot;:&quot;0.1&quot;,&quot;orderID&quot;:&quot;330069cb-db20-4eeb-ae08-c47abc1738bb&quot;,&quot;quantity&quot;:98.03921,&quot;side&quot;:&quot;BUY&quot;,&quot;status&quot;:&quot;OPEN&quot;,&quot;takerFee&quot;:&quot;0.2&quot;},&quot;message&quot;:&quot;Order placed successfully&quot;}

  &amp;#27;[32mThen &amp;#27;[0m&amp;#27;[32mI verify the  &amp;#27;[0m&amp;#27;[32m&amp;#27;[1m&quot;200&quot;&amp;#27;[0m&amp;#27;[32m in step&amp;#27;[0m                                                                                                                &amp;#27;[90m# stepDefinations.SDplaceOrderofBroker1.i_verify_the_in_step(java.lang.String)&amp;#27;[0m
  &amp;#27;[32mAnd &amp;#27;[0m&amp;#27;[32mVerify key &amp;#27;[0m&amp;#27;[32m&amp;#27;[1m&quot;message&quot;&amp;#27;[0m&amp;#27;[32m of response &amp;#27;[0m&amp;#27;[32m&amp;#27;[1m&quot;Order placed successfully&quot;&amp;#27;[0m                                                                                &amp;#27;[90m# stepDefinations.SDplaceOrderofBroker1.verify_key_of_response(java.lang.String,java.lang.String)&amp;#27;[0m
  &amp;#27;[32mAnd &amp;#27;[0m&amp;#27;[32mVerify the &amp;#27;[0m&amp;#27;[32m&amp;#27;[1m&quot;data.orderID&quot;&amp;#27;[0m&amp;#27;[32m of response &amp;#27;[0m&amp;#27;[32m&amp;#27;[1m&quot;GetOrder&quot;&amp;#27;[0m                                                                                            &amp;#27;[90m# stepDefinations.SDplaceOrderofBroker1.verify_the_of_response(java.lang.String,java.lang.String)&amp;#27;[0m
  &amp;#27;[32mAnd &amp;#27;[0m&amp;#27;[32mVerify key &amp;#27;[0m&amp;#27;[32m&amp;#27;[1m&quot;data.status&quot;&amp;#27;[0m&amp;#27;[32m of response &amp;#27;[0m&amp;#27;[32m&amp;#27;[1m&quot;OPEN&quot;&amp;#27;[0m                                                                                                 &amp;#27;[90m# stepDefinations.SDplaceOrderofBroker1.verify_key_of_response(java.lang.String,java.lang.String)&amp;#27;[0m
s2b1inr = 8.04749442676554E8
  &amp;#27;[32mGiven &amp;#27;[0m&amp;#27;[32mtake balance of &amp;#27;[0m&amp;#27;[32m&amp;#27;[1m&quot;INR&quot;&amp;#27;[0m&amp;#27;[32m with api &amp;#27;[0m&amp;#27;[32m&amp;#27;[1m&quot;Getbalance&quot;&amp;#27;[0m&amp;#27;[32m with name &amp;#27;[0m&amp;#27;[32m&amp;#27;[1m&quot;s2b1inr&quot;&amp;#27;[0m                                                                           &amp;#27;[90m# stepDefinations.SDplaceOrderofBroker1.take_balance_of_with_api_with_name(java.lang.String,java.lang.String,java.lang.String)&amp;#27;[0m
s2b1btc = 8001680.090163
  &amp;#27;[32mGiven &amp;#27;[0m&amp;#27;[32mtake balance of &amp;#27;[0m&amp;#27;[32m&amp;#27;[1m&quot;BTC&quot;&amp;#27;[0m&amp;#27;[32m with api &amp;#27;[0m&amp;#27;[32m&amp;#27;[1m&quot;Getbalance&quot;&amp;#27;[0m&amp;#27;[32m with name &amp;#27;[0m&amp;#27;[32m&amp;#27;[1m&quot;s2b1btc&quot;&amp;#27;[0m                                                                           &amp;#27;[90m# stepDefinations.SDplaceOrderofBroker1.take_balance_of_with_api_with_name(java.lang.String,java.lang.String,java.lang.String)&amp;#27;[0m
  &amp;#27;[32mGiven &amp;#27;[0m&amp;#27;[32mPlacing an order of type &amp;#27;[0m&amp;#27;[32m&amp;#27;[1m&quot;limit&quot;&amp;#27;[0m&amp;#27;[32m side &amp;#27;[0m&amp;#27;[32m&amp;#27;[1m&quot;SELL&quot;&amp;#27;[0m&amp;#27;[32m instrument &amp;#27;[0m&amp;#27;[32m&amp;#27;[1m&quot;btc/inr&quot;&amp;#27;[0m&amp;#27;[32m quantityType &amp;#27;[0m&amp;#27;[32m&amp;#27;[1m&quot;quote&quot;&amp;#27;[0m&amp;#27;[32m quantity &amp;#27;[0m&amp;#27;[32m&amp;#27;[1m&quot;10000&quot;&amp;#27;[0m&amp;#27;[32m limitPrice &amp;#27;[0m&amp;#27;[32m&amp;#27;[1m&quot;102&quot;&amp;#27;[0m&amp;#27;[32m username &amp;#27;[0m&amp;#27;[32m&amp;#27;[1m&quot;user2&quot;&amp;#27;[0m &amp;#27;[90m# stepDefinations.SDplaceOrderofBroker1.placing_an_order_of_type_side_instrument_quantity_type_quantity_limit_price_username(java.lang.String,java.lang.String,java.lang.String,java.lang.String,java.lang.String,java.lang.String,java.lang.String)&amp;#27;[0m
  &amp;#27;[32mWhen &amp;#27;[0m&amp;#27;[32mProviding request PathUrl &amp;#27;[0m&amp;#27;[32m&amp;#27;[1m&quot;PlaceOrder&quot;&amp;#27;[0m&amp;#27;[32m with method &amp;#27;[0m&amp;#27;[32m&amp;#27;[1m&quot;POST&quot;&amp;#27;[0m                                                                                  &amp;#27;[90m# stepDefinations.SDplaceOrderofBroker1.providing_request_path_url_with_method(java.lang.String,java.lang.String)&amp;#27;[0m
{&quot;data&quot;:{&quot;average_price&quot;:&quot;0&quot;,&quot;brokerID&quot;:&quot;97c02e87-a473-414b-9d27-78764a93d439&quot;,&quot;filledQuantity&quot;:0,&quot;instrument&quot;:&quot;BTC/INR&quot;,&quot;limit_price&quot;:&quot;102&quot;,&quot;makerFee&quot;:&quot;0.1&quot;,&quot;orderID&quot;:&quot;96f3c99e-a70f-4dde-b3c3-e00cfd00c8b9&quot;,&quot;quantity&quot;:98.03921,&quot;side&quot;:&quot;SELL&quot;,&quot;status&quot;:&quot;OPEN&quot;,&quot;takerFee&quot;:&quot;0.2&quot;},&quot;message&quot;:&quot;Order placed successfully&quot;}

  &amp;#27;[32mThen &amp;#27;[0m&amp;#27;[32mI verify the  &amp;#27;[0m&amp;#27;[32m&amp;#27;[1m&quot;200&quot;&amp;#27;[0m&amp;#27;[32m in step&amp;#27;[0m                                                                                                                &amp;#27;[90m# stepDefinations.SDplaceOrderofBroker1.i_verify_the_in_step(java.lang.String)&amp;#27;[0m
  &amp;#27;[32mAnd &amp;#27;[0m&amp;#27;[32mVerify key &amp;#27;[0m&amp;#27;[32m&amp;#27;[1m&quot;message&quot;&amp;#27;[0m&amp;#27;[32m of response &amp;#27;[0m&amp;#27;[32m&amp;#27;[1m&quot;Order placed successfully&quot;&amp;#27;[0m                                                                                &amp;#27;[90m# stepDefinations.SDplaceOrderofBroker1.verify_key_of_response(java.lang.String,java.lang.String)&amp;#27;[0m
  &amp;#27;[32mAnd &amp;#27;[0m&amp;#27;[32mVerify the &amp;#27;[0m&amp;#27;[32m&amp;#27;[1m&quot;data.orderID&quot;&amp;#27;[0m&amp;#27;[32m of response &amp;#27;[0m&amp;#27;[32m&amp;#27;[1m&quot;GetOrder&quot;&amp;#27;[0m                                                                                            &amp;#27;[90m# stepDefinations.SDplaceOrderofBroker1.verify_the_of_response(java.lang.String,java.lang.String)&amp;#27;[0m
  &amp;#27;[32mWhen &amp;#27;[0m&amp;#27;[32mProviding request PathUrl &amp;#27;[0m&amp;#27;[32m&amp;#27;[1m&quot;CancelAllOrders&quot;&amp;#27;[0m&amp;#27;[32m with method &amp;#27;[0m&amp;#27;[32m&amp;#27;[1m&quot;DELETE&quot;&amp;#27;[0m                                                                           &amp;#27;[90m# stepDefinations.SDplaceOrderofBroker1.providing_request_path_url_with_method(java.lang.String,java.lang.String)&amp;#27;[0m
s3b1inr = 8.04759432676554E8
  &amp;#27;[32mGiven &amp;#27;[0m&amp;#27;[32mtake balance of &amp;#27;[0m&amp;#27;[32m&amp;#27;[1m&quot;INR&quot;&amp;#27;[0m&amp;#27;[32m with api &amp;#27;[0m&amp;#27;[32m&amp;#27;[1m&quot;Getbalance&quot;&amp;#27;[0m&amp;#27;[32m with name &amp;#27;[0m&amp;#27;[32m&amp;#27;[1m&quot;s3b1inr&quot;&amp;#27;[0m                                                                           &amp;#27;[90m# stepDefinations.SDplaceOrderofBroker1.take_balance_of_with_api_with_name(java.lang.String,java.lang.String,java.lang.String)&amp;#27;[0m
s3b1btc = 8001680.090163
  &amp;#27;[32mGiven &amp;#27;[0m&amp;#27;[32mtake balance of &amp;#27;[0m&amp;#27;[32m&amp;#27;[1m&quot;BTC&quot;&amp;#27;[0m&amp;#27;[32m with api &amp;#27;[0m&amp;#27;[32m&amp;#27;[1m&quot;Getbalance&quot;&amp;#27;[0m&amp;#27;[32m with name &amp;#27;[0m&amp;#27;[32m&amp;#27;[1m&quot;s3b1btc&quot;&amp;#27;[0m                                                                           &amp;#27;[90m# stepDefinations.SDplaceOrderofBroker1.take_balance_of_with_api_with_name(java.lang.String,java.lang.String,java.lang.String)&amp;#27;[0m
  &amp;#27;[33mThen &amp;#27;[0m&amp;#27;[33mCalculate fees &quot;3.0111&quot; for same broker&amp;#27;[0m
</system-out>
  </testcase>
  <testcase classname="cucumber.options.TestRunner" name="runScenario" time="33.622">
    <failure message="The step &apos;Calculate fees for diffrent broker&apos; is undefined.
You can implement this step using the snippet(s) below:

@Then(&quot;Calculate fees for diffrent broker&quot;)
public void calculate_fees_for_diffrent_broker() {
    // Write code here that turns the phrase above into concrete actions
    throw new io.cucumber.java.PendingException();
}
" type="io.cucumber.testng.UndefinedStepException">io.cucumber.testng.UndefinedStepException: The step &apos;Calculate fees for diffrent broker&apos; is undefined.
You can implement this step using the snippet(s) below:
@Then(&quot;Calculate fees for diffrent broker&quot;)
public void calculate_fees_for_diffrent_broker() {
    // Write code here that turns the phrase above into concrete actions
    throw new io.cucumber.java.PendingException();
}

	at io.cucumber.core.runtime.TestCaseResultObserver.assertTestCasePassed(TestCaseResultObserver.java:69)
	at io.cucumber.testng.TestCaseResultObserver.assertTestCasePassed(TestCaseResultObserver.java:23)
	at io.cucumber.testng.TestNGCucumberRunner.lambda$runScenario$1(TestNGCucumberRunner.java:133)
	at io.cucumber.core.runtime.CucumberExecutionContext.lambda$runTestCase$3(CucumberExecutionContext.java:151)
	at io.cucumber.core.runtime.RethrowingThrowableCollector.executeAndThrow(RethrowingThrowableCollector.java:23)
	at io.cucumber.core.runtime.CucumberExecutionContext.runTestCase(CucumberExecutionContext.java:151)
	at io.cucumber.testng.TestNGCucumberRunner.runScenario(TestNGCucumberRunner.java:129)
	at cucumber.options.TestRunner.runScenario(TestRunner.java:25)
</failure>
    <system-out>
@GetBalanceforDifferentBroker @Regression
Scenario: Verify GetBalance of diffrent broker                                                                                                                &amp;#27;[90m# src/test/java/demoFeature/example.feature:28&amp;#27;[0m
s1b1inr = 8.04759432676554E8
  &amp;#27;[32mGiven &amp;#27;[0m&amp;#27;[32mtake balance of &amp;#27;[0m&amp;#27;[32m&amp;#27;[1m&quot;INR&quot;&amp;#27;[0m&amp;#27;[32m with api &amp;#27;[0m&amp;#27;[32m&amp;#27;[1m&quot;Getbalance&quot;&amp;#27;[0m&amp;#27;[32m with name &amp;#27;[0m&amp;#27;[32m&amp;#27;[1m&quot;s1b1inr&quot;&amp;#27;[0m                                                                                       &amp;#27;[90m# stepDefinations.SDplaceOrderofBroker1.take_balance_of_with_api_with_name(java.lang.String,java.lang.String,java.lang.String)&amp;#27;[0m
s1b1btc = 8001680.090163
  &amp;#27;[32mGiven &amp;#27;[0m&amp;#27;[32mtake balance of &amp;#27;[0m&amp;#27;[32m&amp;#27;[1m&quot;BTC&quot;&amp;#27;[0m&amp;#27;[32m with api &amp;#27;[0m&amp;#27;[32m&amp;#27;[1m&quot;Getbalance&quot;&amp;#27;[0m&amp;#27;[32m with name &amp;#27;[0m&amp;#27;[32m&amp;#27;[1m&quot;s1b1btc&quot;&amp;#27;[0m                                                                                       &amp;#27;[90m# stepDefinations.SDplaceOrderofBroker1.take_balance_of_with_api_with_name(java.lang.String,java.lang.String,java.lang.String)&amp;#27;[0m
s1b2inr = 1.7464616018485E7
  &amp;#27;[32mGiven &amp;#27;[0m&amp;#27;[32mFor_Broker2_take balance of &amp;#27;[0m&amp;#27;[32m&amp;#27;[1m&quot;INR&quot;&amp;#27;[0m&amp;#27;[32m with api &amp;#27;[0m&amp;#27;[32m&amp;#27;[1m&quot;Getbalance&quot;&amp;#27;[0m&amp;#27;[32m with name &amp;#27;[0m&amp;#27;[32m&amp;#27;[1m&quot;s1b2inr&quot;&amp;#27;[0m                                                                           &amp;#27;[90m# stepDefinations.SDplaceOrderofBroker1.For_Broker2_take_balance_of_with_api_with_name(java.lang.String,java.lang.String,java.lang.String)&amp;#27;[0m
s1b2btc = 818.753397
  &amp;#27;[32mGiven &amp;#27;[0m&amp;#27;[32mFor_Broker2_take balance of &amp;#27;[0m&amp;#27;[32m&amp;#27;[1m&quot;BTC&quot;&amp;#27;[0m&amp;#27;[32m with api &amp;#27;[0m&amp;#27;[32m&amp;#27;[1m&quot;Getbalance&quot;&amp;#27;[0m&amp;#27;[32m with name &amp;#27;[0m&amp;#27;[32m&amp;#27;[1m&quot;s1b2btc&quot;&amp;#27;[0m                                                                           &amp;#27;[90m# stepDefinations.SDplaceOrderofBroker1.For_Broker2_take_balance_of_with_api_with_name(java.lang.String,java.lang.String,java.lang.String)&amp;#27;[0m
  &amp;#27;[32mGiven &amp;#27;[0m&amp;#27;[32mPlacing an order of type &amp;#27;[0m&amp;#27;[32m&amp;#27;[1m&quot;limit&quot;&amp;#27;[0m&amp;#27;[32m side &amp;#27;[0m&amp;#27;[32m&amp;#27;[1m&quot;BUY&quot;&amp;#27;[0m&amp;#27;[32m instrument &amp;#27;[0m&amp;#27;[32m&amp;#27;[1m&quot;btc/inr&quot;&amp;#27;[0m&amp;#27;[32m quantityType &amp;#27;[0m&amp;#27;[32m&amp;#27;[1m&quot;quote&quot;&amp;#27;[0m&amp;#27;[32m quantity &amp;#27;[0m&amp;#27;[32m&amp;#27;[1m&quot;10000&quot;&amp;#27;[0m&amp;#27;[32m limitPrice &amp;#27;[0m&amp;#27;[32m&amp;#27;[1m&quot;10000&quot;&amp;#27;[0m&amp;#27;[32m username &amp;#27;[0m&amp;#27;[32m&amp;#27;[1m&quot;user1&quot;&amp;#27;[0m            &amp;#27;[90m# stepDefinations.SDplaceOrderofBroker1.placing_an_order_of_type_side_instrument_quantity_type_quantity_limit_price_username(java.lang.String,java.lang.String,java.lang.String,java.lang.String,java.lang.String,java.lang.String,java.lang.String)&amp;#27;[0m
  &amp;#27;[32mWhen &amp;#27;[0m&amp;#27;[32mProviding request PathUrl &amp;#27;[0m&amp;#27;[32m&amp;#27;[1m&quot;PlaceOrder&quot;&amp;#27;[0m&amp;#27;[32m with method &amp;#27;[0m&amp;#27;[32m&amp;#27;[1m&quot;POST&quot;&amp;#27;[0m                                                                                              &amp;#27;[90m# stepDefinations.SDplaceOrderofBroker1.providing_request_path_url_with_method(java.lang.String,java.lang.String)&amp;#27;[0m
{&quot;data&quot;:{&quot;average_price&quot;:&quot;0&quot;,&quot;brokerID&quot;:&quot;97c02e87-a473-414b-9d27-78764a93d439&quot;,&quot;filledQuantity&quot;:0,&quot;instrument&quot;:&quot;BTC/INR&quot;,&quot;limit_price&quot;:&quot;10000&quot;,&quot;makerFee&quot;:&quot;0.1&quot;,&quot;orderID&quot;:&quot;31f2a832-599b-45b8-a32d-7af6e3153fa2&quot;,&quot;quantity&quot;:1,&quot;side&quot;:&quot;BUY&quot;,&quot;status&quot;:&quot;OPEN&quot;,&quot;takerFee&quot;:&quot;0.2&quot;},&quot;message&quot;:&quot;Order placed successfully&quot;}

  &amp;#27;[32mThen &amp;#27;[0m&amp;#27;[32mI verify the  &amp;#27;[0m&amp;#27;[32m&amp;#27;[1m&quot;200&quot;&amp;#27;[0m&amp;#27;[32m in step&amp;#27;[0m                                                                                                                            &amp;#27;[90m# stepDefinations.SDplaceOrderofBroker1.i_verify_the_in_step(java.lang.String)&amp;#27;[0m
  &amp;#27;[32mAnd &amp;#27;[0m&amp;#27;[32mVerify key &amp;#27;[0m&amp;#27;[32m&amp;#27;[1m&quot;message&quot;&amp;#27;[0m&amp;#27;[32m of response &amp;#27;[0m&amp;#27;[32m&amp;#27;[1m&quot;Order placed successfully&quot;&amp;#27;[0m                                                                                            &amp;#27;[90m# stepDefinations.SDplaceOrderofBroker1.verify_key_of_response(java.lang.String,java.lang.String)&amp;#27;[0m
  &amp;#27;[32mAnd &amp;#27;[0m&amp;#27;[32mVerify the &amp;#27;[0m&amp;#27;[32m&amp;#27;[1m&quot;data.orderID&quot;&amp;#27;[0m&amp;#27;[32m of response &amp;#27;[0m&amp;#27;[32m&amp;#27;[1m&quot;GetOrder&quot;&amp;#27;[0m                                                                                                        &amp;#27;[90m# stepDefinations.SDplaceOrderofBroker1.verify_the_of_response(java.lang.String,java.lang.String)&amp;#27;[0m
  &amp;#27;[32mAnd &amp;#27;[0m&amp;#27;[32mVerify key &amp;#27;[0m&amp;#27;[32m&amp;#27;[1m&quot;data.status&quot;&amp;#27;[0m&amp;#27;[32m of response &amp;#27;[0m&amp;#27;[32m&amp;#27;[1m&quot;OPEN&quot;&amp;#27;[0m                                                                                                             &amp;#27;[90m# stepDefinations.SDplaceOrderofBroker1.verify_key_of_response(java.lang.String,java.lang.String)&amp;#27;[0m
s2b1inr = 8.04749412676554E8
  &amp;#27;[32mGiven &amp;#27;[0m&amp;#27;[32mtake balance of &amp;#27;[0m&amp;#27;[32m&amp;#27;[1m&quot;INR&quot;&amp;#27;[0m&amp;#27;[32m with api &amp;#27;[0m&amp;#27;[32m&amp;#27;[1m&quot;Getbalance&quot;&amp;#27;[0m&amp;#27;[32m with name &amp;#27;[0m&amp;#27;[32m&amp;#27;[1m&quot;s2b1inr&quot;&amp;#27;[0m                                                                                       &amp;#27;[90m# stepDefinations.SDplaceOrderofBroker1.take_balance_of_with_api_with_name(java.lang.String,java.lang.String,java.lang.String)&amp;#27;[0m
s2b1btc = 8001680.090163
  &amp;#27;[32mGiven &amp;#27;[0m&amp;#27;[32mtake balance of &amp;#27;[0m&amp;#27;[32m&amp;#27;[1m&quot;BTC&quot;&amp;#27;[0m&amp;#27;[32m with api &amp;#27;[0m&amp;#27;[32m&amp;#27;[1m&quot;Getbalance&quot;&amp;#27;[0m&amp;#27;[32m with name &amp;#27;[0m&amp;#27;[32m&amp;#27;[1m&quot;s2b1btc&quot;&amp;#27;[0m                                                                                       &amp;#27;[90m# stepDefinations.SDplaceOrderofBroker1.take_balance_of_with_api_with_name(java.lang.String,java.lang.String,java.lang.String)&amp;#27;[0m
s2b2inr = 1.7464616018485E7
  &amp;#27;[32mGiven &amp;#27;[0m&amp;#27;[32mFor_Broker2_take balance of &amp;#27;[0m&amp;#27;[32m&amp;#27;[1m&quot;INR&quot;&amp;#27;[0m&amp;#27;[32m with api &amp;#27;[0m&amp;#27;[32m&amp;#27;[1m&quot;Getbalance&quot;&amp;#27;[0m&amp;#27;[32m with name &amp;#27;[0m&amp;#27;[32m&amp;#27;[1m&quot;s2b2inr&quot;&amp;#27;[0m                                                                           &amp;#27;[90m# stepDefinations.SDplaceOrderofBroker1.For_Broker2_take_balance_of_with_api_with_name(java.lang.String,java.lang.String,java.lang.String)&amp;#27;[0m
s2b2btc = 818.753397
  &amp;#27;[32mGiven &amp;#27;[0m&amp;#27;[32mFor_Broker2_take balance of &amp;#27;[0m&amp;#27;[32m&amp;#27;[1m&quot;BTC&quot;&amp;#27;[0m&amp;#27;[32m with api &amp;#27;[0m&amp;#27;[32m&amp;#27;[1m&quot;Getbalance&quot;&amp;#27;[0m&amp;#27;[32m with name &amp;#27;[0m&amp;#27;[32m&amp;#27;[1m&quot;s2b2btc&quot;&amp;#27;[0m                                                                           &amp;#27;[90m# stepDefinations.SDplaceOrderofBroker1.For_Broker2_take_balance_of_with_api_with_name(java.lang.String,java.lang.String,java.lang.String)&amp;#27;[0m
  &amp;#27;[32mGiven &amp;#27;[0m&amp;#27;[32mFor_Broker2_Placing an order of type &amp;#27;[0m&amp;#27;[32m&amp;#27;[1m&quot;limit&quot;&amp;#27;[0m&amp;#27;[32m side &amp;#27;[0m&amp;#27;[32m&amp;#27;[1m&quot;SELL&quot;&amp;#27;[0m&amp;#27;[32m instrument &amp;#27;[0m&amp;#27;[32m&amp;#27;[1m&quot;btc/inr&quot;&amp;#27;[0m&amp;#27;[32m quantityType &amp;#27;[0m&amp;#27;[32m&amp;#27;[1m&quot;quote&quot;&amp;#27;[0m&amp;#27;[32m quantity &amp;#27;[0m&amp;#27;[32m&amp;#27;[1m&quot;5000&quot;&amp;#27;[0m&amp;#27;[32m limitPrice &amp;#27;[0m&amp;#27;[32m&amp;#27;[1m&quot;5000&quot;&amp;#27;[0m&amp;#27;[32m username &amp;#27;[0m&amp;#27;[32m&amp;#27;[1m&quot;user1&quot;&amp;#27;[0m &amp;#27;[90m# stepDefinations.SDplaceOrderofBroker1.For_Broker2_placing_an_order_of_type_side_instrument_quantity_type_quantity_limit_price_username(java.lang.String,java.lang.String,java.lang.String,java.lang.String,java.lang.String,java.lang.String,java.lang.String)&amp;#27;[0m
  &amp;#27;[32mWhen &amp;#27;[0m&amp;#27;[32mFor_Broker2_Providing request PathUrl &amp;#27;[0m&amp;#27;[32m&amp;#27;[1m&quot;PlaceOrder&quot;&amp;#27;[0m&amp;#27;[32m with method &amp;#27;[0m&amp;#27;[32m&amp;#27;[1m&quot;POST&quot;&amp;#27;[0m                                                                                  &amp;#27;[90m# stepDefinations.SDplaceOrderofBroker1.For_Broker2_providing_request_path_url_with_method(java.lang.String,java.lang.String)&amp;#27;[0m
  &amp;#27;[32mThen &amp;#27;[0m&amp;#27;[32mFor_Broker2_I verify the  &amp;#27;[0m&amp;#27;[32m&amp;#27;[1m&quot;200&quot;&amp;#27;[0m&amp;#27;[32m in step&amp;#27;[0m                                                                                                                &amp;#27;[90m# stepDefinations.SDplaceOrderofBroker1.For_Broker2_i_verify_the_in_step(java.lang.String)&amp;#27;[0m
  &amp;#27;[32mAnd &amp;#27;[0m&amp;#27;[32mFor_Broker2_Verify key &amp;#27;[0m&amp;#27;[32m&amp;#27;[1m&quot;message&quot;&amp;#27;[0m&amp;#27;[32m of response &amp;#27;[0m&amp;#27;[32m&amp;#27;[1m&quot;Order placed successfully&quot;&amp;#27;[0m                                                                                &amp;#27;[90m# stepDefinations.SDplaceOrderofBroker1.For_Broker2_verify_key_of_response(java.lang.String,java.lang.String)&amp;#27;[0m
  &amp;#27;[32mAnd &amp;#27;[0m&amp;#27;[32mFor_Broker2_Verify the &amp;#27;[0m&amp;#27;[32m&amp;#27;[1m&quot;data.orderID&quot;&amp;#27;[0m&amp;#27;[32m of response &amp;#27;[0m&amp;#27;[32m&amp;#27;[1m&quot;GetOrder&quot;&amp;#27;[0m                                                                                            &amp;#27;[90m# stepDefinations.SDplaceOrderofBroker1.For_Broker2_verify_the_of_response(java.lang.String,java.lang.String)&amp;#27;[0m
  &amp;#27;[32mWhen &amp;#27;[0m&amp;#27;[32mProviding request PathUrl &amp;#27;[0m&amp;#27;[32m&amp;#27;[1m&quot;CancelAllOrders&quot;&amp;#27;[0m&amp;#27;[32m with method &amp;#27;[0m&amp;#27;[32m&amp;#27;[1m&quot;DELETE&quot;&amp;#27;[0m                                                                                       &amp;#27;[90m# stepDefinations.SDplaceOrderofBroker1.providing_request_path_url_with_method(java.lang.String,java.lang.String)&amp;#27;[0m
  &amp;#27;[32mWhen &amp;#27;[0m&amp;#27;[32mFor_Broker2_Providing request PathUrl &amp;#27;[0m&amp;#27;[32m&amp;#27;[1m&quot;CancelAllOrders&quot;&amp;#27;[0m&amp;#27;[32m with method &amp;#27;[0m&amp;#27;[32m&amp;#27;[1m&quot;DELETE&quot;&amp;#27;[0m                                                                           &amp;#27;[90m# stepDefinations.SDplaceOrderofBroker1.For_Broker2_providing_request_path_url_with_method(java.lang.String,java.lang.String)&amp;#27;[0m
s3b1inr = 8.04749422676554E8
  &amp;#27;[32mGiven &amp;#27;[0m&amp;#27;[32mtake balance of &amp;#27;[0m&amp;#27;[32m&amp;#27;[1m&quot;INR&quot;&amp;#27;[0m&amp;#27;[32m with api &amp;#27;[0m&amp;#27;[32m&amp;#27;[1m&quot;Getbalance&quot;&amp;#27;[0m&amp;#27;[32m with name &amp;#27;[0m&amp;#27;[32m&amp;#27;[1m&quot;s3b1inr&quot;&amp;#27;[0m                                                                                       &amp;#27;[90m# stepDefinations.SDplaceOrderofBroker1.take_balance_of_with_api_with_name(java.lang.String,java.lang.String,java.lang.String)&amp;#27;[0m
s3b1btc = 8001681.090163
  &amp;#27;[32mGiven &amp;#27;[0m&amp;#27;[32mtake balance of &amp;#27;[0m&amp;#27;[32m&amp;#27;[1m&quot;BTC&quot;&amp;#27;[0m&amp;#27;[32m with api &amp;#27;[0m&amp;#27;[32m&amp;#27;[1m&quot;Getbalance&quot;&amp;#27;[0m&amp;#27;[32m with name &amp;#27;[0m&amp;#27;[32m&amp;#27;[1m&quot;s3b1btc&quot;&amp;#27;[0m                                                                                       &amp;#27;[90m# stepDefinations.SDplaceOrderofBroker1.take_balance_of_with_api_with_name(java.lang.String,java.lang.String,java.lang.String)&amp;#27;[0m
s3b2inr = 1.7474610018485E7
  &amp;#27;[32mGiven &amp;#27;[0m&amp;#27;[32mFor_Broker2_take balance of &amp;#27;[0m&amp;#27;[32m&amp;#27;[1m&quot;INR&quot;&amp;#27;[0m&amp;#27;[32m with api &amp;#27;[0m&amp;#27;[32m&amp;#27;[1m&quot;Getbalance&quot;&amp;#27;[0m&amp;#27;[32m with name &amp;#27;[0m&amp;#27;[32m&amp;#27;[1m&quot;s3b2inr&quot;&amp;#27;[0m                                                                           &amp;#27;[90m# stepDefinations.SDplaceOrderofBroker1.For_Broker2_take_balance_of_with_api_with_name(java.lang.String,java.lang.String,java.lang.String)&amp;#27;[0m
s3b2btc = 817.753397
  &amp;#27;[32mGiven &amp;#27;[0m&amp;#27;[32mFor_Broker2_take balance of &amp;#27;[0m&amp;#27;[32m&amp;#27;[1m&quot;BTC&quot;&amp;#27;[0m&amp;#27;[32m with api &amp;#27;[0m&amp;#27;[32m&amp;#27;[1m&quot;Getbalance&quot;&amp;#27;[0m&amp;#27;[32m with name &amp;#27;[0m&amp;#27;[32m&amp;#27;[1m&quot;s3b2btc&quot;&amp;#27;[0m                                                                           &amp;#27;[90m# stepDefinations.SDplaceOrderofBroker1.For_Broker2_take_balance_of_with_api_with_name(java.lang.String,java.lang.String,java.lang.String)&amp;#27;[0m
  &amp;#27;[33mThen &amp;#27;[0m&amp;#27;[33mCalculate fees for diffrent broker&amp;#27;[0m
</system-out>
  </testcase>
  <testcase classname="cucumber.options.TestRunner" name="runScenario" time="13.125"/>
  <testcase classname="cucumber.options.TestRunner" name="runScenario" time="5.087"/>
  <testcase classname="cucumber.options.TestRunner" name="runScenario" time="1.394">
    <failure message="expected:&lt;[4]00&gt; but was:&lt;[2]00&gt;" type="org.junit.ComparisonFailure">org.junit.ComparisonFailure: expected:&lt;[4]00&gt; but was:&lt;[2]00&gt;
	at org.junit.Assert.assertEquals(Assert.java:117)
	at org.junit.Assert.assertEquals(Assert.java:146)
	at stepDefinations.SDplaceOrderofBroker1.i_verify_the_in_step(SDplaceOrderofBroker1.java:97)
	at ✽.I verify the  &quot;200&quot; in step(file:///C:/Users/Dell/eclipse_csk/CSXautomation2/src/test/java/demoFeature/example.feature:97)
</failure>
    <system-out>
@Add_Delete_IP @Regression
Scenario: Verify Add IP and delete IP                            &amp;#27;[90m# src/test/java/demoFeature/example.feature:94&amp;#27;[0m
  &amp;#27;[32mGiven &amp;#27;[0m&amp;#27;[32mAdd IP for a broker&amp;#27;[0m                                      &amp;#27;[90m# stepDefinations.SDplaceOrderofBroker1.add_ip_for_a_broker()&amp;#27;[0m
  &amp;#27;[32mWhen &amp;#27;[0m&amp;#27;[32mProviding request PathUrl &amp;#27;[0m&amp;#27;[32m&amp;#27;[1m&quot;AddIP&quot;&amp;#27;[0m&amp;#27;[32m with method &amp;#27;[0m&amp;#27;[32m&amp;#27;[1m&quot;POST&quot;&amp;#27;[0m      &amp;#27;[90m# stepDefinations.SDplaceOrderofBroker1.providing_request_path_url_with_method(java.lang.String,java.lang.String)&amp;#27;[0m
  &amp;#27;[31mThen &amp;#27;[0m&amp;#27;[31mI verify the  &amp;#27;[0m&amp;#27;[31m&amp;#27;[1m&quot;200&quot;&amp;#27;[0m&amp;#27;[31m in step&amp;#27;[0m                               &amp;#27;[90m# stepDefinations.SDplaceOrderofBroker1.i_verify_the_in_step(java.lang.String)&amp;#27;[0m
      &amp;#27;[31morg.junit.ComparisonFailure: expected:&lt;[4]00&gt; but was:&lt;[2]00&gt;
	at org.junit.Assert.assertEquals(Assert.java:117)
	at org.junit.Assert.assertEquals(Assert.java:146)
	at stepDefinations.SDplaceOrderofBroker1.i_verify_the_in_step(SDplaceOrderofBroker1.java:97)
	at âœ½.I verify the  &quot;200&quot; in step(file:///C:/Users/Dell/eclipse_csk/CSXautomation2/src/test/java/demoFeature/example.feature:97)
&amp;#27;[0m
  &amp;#27;[36mThen &amp;#27;[0m&amp;#27;[36mExtracting the data &amp;#27;[0m&amp;#27;[36m&amp;#27;[1m&quot;data&quot;&amp;#27;[0m                                &amp;#27;[90m# stepDefinations.SDplaceOrderofBroker1.Extracting_the_data(java.lang.String)&amp;#27;[0m
  &amp;#27;[36mWhen &amp;#27;[0m&amp;#27;[36mProviding request PathUrl &amp;#27;[0m&amp;#27;[36m&amp;#27;[1m&quot;AddIP&quot;&amp;#27;[0m&amp;#27;[36m with method &amp;#27;[0m&amp;#27;[36m&amp;#27;[1m&quot;DELETE&quot;&amp;#27;[0m    &amp;#27;[90m# stepDefinations.SDplaceOrderofBroker1.providing_request_path_url_with_method(java.lang.String,java.lang.String)&amp;#27;[0m
  &amp;#27;[36mThen &amp;#27;[0m&amp;#27;[36mI verify the  &amp;#27;[0m&amp;#27;[36m&amp;#27;[1m&quot;200&quot;&amp;#27;[0m&amp;#27;[36m in step&amp;#27;[0m                               &amp;#27;[90m# stepDefinations.SDplaceOrderofBroker1.i_verify_the_in_step(java.lang.String)&amp;#27;[0m
  &amp;#27;[36mAnd &amp;#27;[0m&amp;#27;[36mVerify key &amp;#27;[0m&amp;#27;[36m&amp;#27;[1m&quot;message&quot;&amp;#27;[0m&amp;#27;[36m of response &amp;#27;[0m&amp;#27;[36m&amp;#27;[1m&quot;IP removed successfully&quot;&amp;#27;[0m &amp;#27;[90m# stepDefinations.SDplaceOrderofBroker1.verify_key_of_response(java.lang.String,java.lang.String)&amp;#27;[0m
</system-out>
  </testcase>
  <testcase classname="cucumber.options.TestRunner" name="runScenario" time="15.743">
    <failure message="expected:&lt;[5]00&gt; but was:&lt;[2]00&gt;" type="org.junit.ComparisonFailure">org.junit.ComparisonFailure: expected:&lt;[5]00&gt; but was:&lt;[2]00&gt;
	at org.junit.Assert.assertEquals(Assert.java:117)
	at org.junit.Assert.assertEquals(Assert.java:146)
	at stepDefinations.SDplaceOrderofBroker1.i_verify_the_in_step(SDplaceOrderofBroker1.java:97)
	at ✽.I verify the  &quot;200&quot; in step(file:///C:/Users/Dell/eclipse_csk/CSXautomation2/src/test/java/demoFeature/example.feature:107)
</failure>
    <system-out>
@CancelAllOrder @Regression
Scenario: Verify CancelAllOrder                                                      &amp;#27;[90m# src/test/java/demoFeature/example.feature:104&amp;#27;[0m
  &amp;#27;[32mWhen &amp;#27;[0m&amp;#27;[32mProviding request PathUrl &amp;#27;[0m&amp;#27;[32m&amp;#27;[1m&quot;CancelAllOrders&quot;&amp;#27;[0m&amp;#27;[32m with method &amp;#27;[0m&amp;#27;[32m&amp;#27;[1m&quot;DELETE&quot;&amp;#27;[0m              &amp;#27;[90m# stepDefinations.SDplaceOrderofBroker1.providing_request_path_url_with_method(java.lang.String,java.lang.String)&amp;#27;[0m
  &amp;#27;[31mThen &amp;#27;[0m&amp;#27;[31mI verify the  &amp;#27;[0m&amp;#27;[31m&amp;#27;[1m&quot;200&quot;&amp;#27;[0m&amp;#27;[31m in step&amp;#27;[0m                                                   &amp;#27;[90m# stepDefinations.SDplaceOrderofBroker1.i_verify_the_in_step(java.lang.String)&amp;#27;[0m
      &amp;#27;[31morg.junit.ComparisonFailure: expected:&lt;[5]00&gt; but was:&lt;[2]00&gt;
	at org.junit.Assert.assertEquals(Assert.java:117)
	at org.junit.Assert.assertEquals(Assert.java:146)
	at stepDefinations.SDplaceOrderofBroker1.i_verify_the_in_step(SDplaceOrderofBroker1.java:97)
	at âœ½.I verify the  &quot;200&quot; in step(file:///C:/Users/Dell/eclipse_csk/CSXautomation2/src/test/java/demoFeature/example.feature:107)
&amp;#27;[0m
  &amp;#27;[36mAnd &amp;#27;[0m&amp;#27;[36mVerify key &amp;#27;[0m&amp;#27;[36m&amp;#27;[1m&quot;message&quot;&amp;#27;[0m&amp;#27;[36m of response &amp;#27;[0m&amp;#27;[36m&amp;#27;[1m&quot;Orders cancellation in progress&quot;&amp;#27;[0m             &amp;#27;[90m# stepDefinations.SDplaceOrderofBroker1.verify_key_of_response(java.lang.String,java.lang.String)&amp;#27;[0m
  &amp;#27;[36mWhen &amp;#27;[0m&amp;#27;[36mFor_Broker2_Providing request PathUrl &amp;#27;[0m&amp;#27;[36m&amp;#27;[1m&quot;CancelAllOrders&quot;&amp;#27;[0m&amp;#27;[36m with method &amp;#27;[0m&amp;#27;[36m&amp;#27;[1m&quot;DELETE&quot;&amp;#27;[0m  &amp;#27;[90m# stepDefinations.SDplaceOrderofBroker1.For_Broker2_providing_request_path_url_with_method(java.lang.String,java.lang.String)&amp;#27;[0m
  &amp;#27;[36mThen &amp;#27;[0m&amp;#27;[36mFor_Broker2_I verify the  &amp;#27;[0m&amp;#27;[36m&amp;#27;[1m&quot;200&quot;&amp;#27;[0m&amp;#27;[36m in step&amp;#27;[0m                                       &amp;#27;[90m# stepDefinations.SDplaceOrderofBroker1.For_Broker2_i_verify_the_in_step(java.lang.String)&amp;#27;[0m
  &amp;#27;[36mAnd &amp;#27;[0m&amp;#27;[36mFor_Broker2_Verify key &amp;#27;[0m&amp;#27;[36m&amp;#27;[1m&quot;message&quot;&amp;#27;[0m&amp;#27;[36m of response &amp;#27;[0m&amp;#27;[36m&amp;#27;[1m&quot;Orders cancellation in progress&quot;&amp;#27;[0m &amp;#27;[90m# stepDefinations.SDplaceOrderofBroker1.For_Broker2_verify_key_of_response(java.lang.String,java.lang.String)&amp;#27;[0m
</system-out>
  </testcase>
  <testcase classname="cucumber.options.TestRunner" name="runScenario" time="0.667"/>
  <testcase classname="cucumber.options.TestRunner" name="runScenario" time="0.516"/>
</testsuite>