<?xml version="1.0" encoding="UTF-8" ?>
<testsuite tests="6" failures="2" name="cucumber.options.TestRunner" time="71.162" errors="0" skipped="0">
  <properties>
[...]
</properties>
  <testcase classname="cucumber.options.TestRunner" name="runScenario" time="22.908"/>
  <testcase classname="cucumber.options.TestRunner" name="runScenario" time="23.475"/>
  <testcase classname="cucumber.options.TestRunner" name="runScenario" time="12.39"/>
  <testcase classname="cucumber.options.TestRunner" name="runScenario" time="10.379"/>
  <testcase classname="cucumber.options.TestRunner" name="runScenario" time="1.563">
    <failure message="expected:&lt;[405]&gt; but was:&lt;[200]&gt;" type="org.junit.ComparisonFailure">org.junit.ComparisonFailure: expected:&lt;[405]&gt; but was:&lt;[200]&gt;
	at org.junit.Assert.assertEquals(Assert.java:117)
	at org.junit.Assert.assertEquals(Assert.java:146)
	at stepDefinations.SDplaceOrderofBroker1.i_verify_the_in_step(SDplaceOrderofBroker1.java:96)
	at ✽.I verify the  &quot;200&quot; in step(file:///C:/Users/Dell/eclipse_csk/CSXautomation2/src/test/java/feature/placeOrder.feature:100)
</failure>
    <system-out>
@Add_Delete_IP @Regression
Scenario: Verify Add IP and delete IP                            &amp;#27;[90m# src/test/java/feature/placeOrder.feature:94&amp;#27;[0m
  &amp;#27;[32mGiven &amp;#27;[0m&amp;#27;[32mAdd IP for a broker&amp;#27;[0m                                      &amp;#27;[90m# stepDefinations.SDplaceOrderofBroker1.add_ip_for_a_broker()&amp;#27;[0m
  &amp;#27;[32mWhen &amp;#27;[0m&amp;#27;[32mProviding request PathUrl &amp;#27;[0m&amp;#27;[32m&amp;#27;[1m&quot;AddIP&quot;&amp;#27;[0m&amp;#27;[32m with method &amp;#27;[0m&amp;#27;[32m&amp;#27;[1m&quot;POST&quot;&amp;#27;[0m      &amp;#27;[90m# stepDefinations.SDplaceOrderofBroker1.providing_request_path_url_with_method(java.lang.String,java.lang.String)&amp;#27;[0m
{&quot;data&quot;:&quot;&quot;,&quot;message&quot;:&quot;IP already registered for Broker&quot;}

  &amp;#27;[32mThen &amp;#27;[0m&amp;#27;[32mI verify the  &amp;#27;[0m&amp;#27;[32m&amp;#27;[1m&quot;200&quot;&amp;#27;[0m&amp;#27;[32m in step&amp;#27;[0m                               &amp;#27;[90m# stepDefinations.SDplaceOrderofBroker1.i_verify_the_in_step(java.lang.String)&amp;#27;[0m
  &amp;#27;[32mThen &amp;#27;[0m&amp;#27;[32mExtracting the data &amp;#27;[0m&amp;#27;[32m&amp;#27;[1m&quot;data&quot;&amp;#27;[0m                                &amp;#27;[90m# stepDefinations.SDplaceOrderofBroker1.Extracting_the_data(java.lang.String)&amp;#27;[0m
  &amp;#27;[32mWhen &amp;#27;[0m&amp;#27;[32mProviding request PathUrl &amp;#27;[0m&amp;#27;[32m&amp;#27;[1m&quot;AddIP&quot;&amp;#27;[0m&amp;#27;[32m with method &amp;#27;[0m&amp;#27;[32m&amp;#27;[1m&quot;DELETE&quot;&amp;#27;[0m    &amp;#27;[90m# stepDefinations.SDplaceOrderofBroker1.providing_request_path_url_with_method(java.lang.String,java.lang.String)&amp;#27;[0m
  &amp;#27;[31mThen &amp;#27;[0m&amp;#27;[31mI verify the  &amp;#27;[0m&amp;#27;[31m&amp;#27;[1m&quot;200&quot;&amp;#27;[0m&amp;#27;[31m in step&amp;#27;[0m                               &amp;#27;[90m# stepDefinations.SDplaceOrderofBroker1.i_verify_the_in_step(java.lang.String)&amp;#27;[0m
      &amp;#27;[31morg.junit.ComparisonFailure: expected:&lt;[405]&gt; but was:&lt;[200]&gt;
	at org.junit.Assert.assertEquals(Assert.java:117)
	at org.junit.Assert.assertEquals(Assert.java:146)
	at stepDefinations.SDplaceOrderofBroker1.i_verify_the_in_step(SDplaceOrderofBroker1.java:96)
	at âœ½.I verify the  &quot;200&quot; in step(file:///C:/Users/Dell/eclipse_csk/CSXautomation2/src/test/java/feature/placeOrder.feature:100)
&amp;#27;[0m
  &amp;#27;[36mAnd &amp;#27;[0m&amp;#27;[36mVerify key &amp;#27;[0m&amp;#27;[36m&amp;#27;[1m&quot;message&quot;&amp;#27;[0m&amp;#27;[36m of response &amp;#27;[0m&amp;#27;[36m&amp;#27;[1m&quot;IP removed successfully&quot;&amp;#27;[0m &amp;#27;[90m# stepDefinations.SDplaceOrderofBroker1.verify_key_of_response(java.lang.String,java.lang.String)&amp;#27;[0m
</system-out>
  </testcase>
  <testcase classname="cucumber.options.TestRunner" name="runScenario" time="0.447">
    <failure message="expected:&lt;[5]00&gt; but was:&lt;[2]00&gt;" type="org.junit.ComparisonFailure">org.junit.ComparisonFailure: expected:&lt;[5]00&gt; but was:&lt;[2]00&gt;
	at org.junit.Assert.assertEquals(Assert.java:117)
	at org.junit.Assert.assertEquals(Assert.java:146)
	at stepDefinations.SDplaceOrderofBroker1.i_verify_the_in_step(SDplaceOrderofBroker1.java:96)
	at ✽.I verify the  &quot;200&quot; in step(file:///C:/Users/Dell/eclipse_csk/CSXautomation2/src/test/java/feature/placeOrder.feature:107)
</failure>
    <system-out>
@CancelAllOrder @Regression
Scenario: Verify CancelAllOrder                                                      &amp;#27;[90m# src/test/java/feature/placeOrder.feature:104&amp;#27;[0m
  &amp;#27;[32mWhen &amp;#27;[0m&amp;#27;[32mProviding request PathUrl &amp;#27;[0m&amp;#27;[32m&amp;#27;[1m&quot;CancelAllOrders&quot;&amp;#27;[0m&amp;#27;[32m with method &amp;#27;[0m&amp;#27;[32m&amp;#27;[1m&quot;DELETE&quot;&amp;#27;[0m              &amp;#27;[90m# stepDefinations.SDplaceOrderofBroker1.providing_request_path_url_with_method(java.lang.String,java.lang.String)&amp;#27;[0m
  &amp;#27;[31mThen &amp;#27;[0m&amp;#27;[31mI verify the  &amp;#27;[0m&amp;#27;[31m&amp;#27;[1m&quot;200&quot;&amp;#27;[0m&amp;#27;[31m in step&amp;#27;[0m                                                   &amp;#27;[90m# stepDefinations.SDplaceOrderofBroker1.i_verify_the_in_step(java.lang.String)&amp;#27;[0m
      &amp;#27;[31morg.junit.ComparisonFailure: expected:&lt;[5]00&gt; but was:&lt;[2]00&gt;
	at org.junit.Assert.assertEquals(Assert.java:117)
	at org.junit.Assert.assertEquals(Assert.java:146)
	at stepDefinations.SDplaceOrderofBroker1.i_verify_the_in_step(SDplaceOrderofBroker1.java:96)
	at âœ½.I verify the  &quot;200&quot; in step(file:///C:/Users/Dell/eclipse_csk/CSXautomation2/src/test/java/feature/placeOrder.feature:107)
&amp;#27;[0m
  &amp;#27;[36mAnd &amp;#27;[0m&amp;#27;[36mVerify key &amp;#27;[0m&amp;#27;[36m&amp;#27;[1m&quot;message&quot;&amp;#27;[0m&amp;#27;[36m of response &amp;#27;[0m&amp;#27;[36m&amp;#27;[1m&quot;Orders cancellation in progress&quot;&amp;#27;[0m             &amp;#27;[90m# stepDefinations.SDplaceOrderofBroker1.verify_key_of_response(java.lang.String,java.lang.String)&amp;#27;[0m
  &amp;#27;[36mWhen &amp;#27;[0m&amp;#27;[36mFor_Broker2_Providing request PathUrl &amp;#27;[0m&amp;#27;[36m&amp;#27;[1m&quot;CancelAllOrders&quot;&amp;#27;[0m&amp;#27;[36m with method &amp;#27;[0m&amp;#27;[36m&amp;#27;[1m&quot;DELETE&quot;&amp;#27;[0m  &amp;#27;[90m# stepDefinations.SDplaceOrderofBroker1.For_Broker2_providing_request_path_url_with_method(java.lang.String,java.lang.String)&amp;#27;[0m
  &amp;#27;[36mThen &amp;#27;[0m&amp;#27;[36mFor_Broker2_I verify the  &amp;#27;[0m&amp;#27;[36m&amp;#27;[1m&quot;200&quot;&amp;#27;[0m&amp;#27;[36m in step&amp;#27;[0m                                       &amp;#27;[90m# stepDefinations.SDplaceOrderofBroker1.For_Broker2_i_verify_the_in_step(java.lang.String)&amp;#27;[0m
  &amp;#27;[36mAnd &amp;#27;[0m&amp;#27;[36mFor_Broker2_Verify key &amp;#27;[0m&amp;#27;[36m&amp;#27;[1m&quot;message&quot;&amp;#27;[0m&amp;#27;[36m of response &amp;#27;[0m&amp;#27;[36m&amp;#27;[1m&quot;Orders cancellation in progress&quot;&amp;#27;[0m &amp;#27;[90m# stepDefinations.SDplaceOrderofBroker1.For_Broker2_verify_key_of_response(java.lang.String,java.lang.String)&amp;#27;[0m
</system-out>
  </testcase>
</testsuite>