<?xml version="1.0" encoding="UTF-8"?>
<testng-results ignored="0" total="16" passed="9" failed="7" skipped="0">
  <reporter-output>
  </reporter-output>
  <suite started-at="2022-05-18T15:00:20 IST" name="cucumber.options.TestRunner" finished-at="2022-05-18T15:03:16 IST" duration-ms="176049">
    <groups>
    </groups>
    <test started-at="2022-05-18T15:00:20 IST" name="Command line test" finished-at="2022-05-18T15:03:16 IST" duration-ms="176049">
      <class name="cucumber.options.TestRunner">
        <test-method is-config="true" signature="setUp()[pri:0, instance:cucumber.options.TestRunner@6497b078]" started-at="2022-05-18T15:00:20 IST" name="setUp" finished-at="2022-05-18T15:00:21 IST" duration-ms="324" status="PASS">
          <reporter-output>
          </reporter-output>
        </test-method> <!-- setUp -->
        <test-method signature="runScenario(io.cucumber.testng.PickleWrapper,io.cucumber.testng.FeatureWrapper)[pri:0, instance:cucumber.options.TestRunner@6497b078]" started-at="2022-05-18T15:00:21 IST" name="runScenario" data-provider="scenarios" finished-at="2022-05-18T15:00:43 IST" duration-ms="22857" status="FAIL">
          <params>
            <param index="0">
              <value>
                <![CDATA["Verify funds for diffrent broker in fulfilled case"]]>
              </value>
            </param>
            <param index="1">
              <value>
                <![CDATA["Verify funds for diffrent broker"]]>
              </value>
            </param>
          </params>
          <exception class="org.junit.ComparisonFailure">
            <message>
              <![CDATA[expected:<2[.93999999761581]4> but was:<2[5.]4>]]>
            </message>
            <full-stacktrace>
              <![CDATA[org.junit.ComparisonFailure: expected:<2[.93999999761581]4> but was:<2[5.]4>
at org.junit.Assert.assertEquals(Assert.java:117)
at org.junit.Assert.assertEquals(Assert.java:146)
at stepDefinations.SDplaceOrderofBroker1.calculate_fees_for_diffrent_broker(SDplaceOrderofBroker1.java:266)
at ✽.Check fees "25.4" for diffrent broker(file:///C:/Users/Dell/eclipse_csk/CSXautomation2Optimision/src/test/java/ETHfeature/ETHINRdiffBrokerFunds2.feature:44)
]]>
            </full-stacktrace>
          </exception> <!-- org.junit.ComparisonFailure -->
          <reporter-output>
          </reporter-output>
        </test-method> <!-- runScenario -->
        <test-method signature="runScenario(io.cucumber.testng.PickleWrapper,io.cucumber.testng.FeatureWrapper)[pri:0, instance:cucumber.options.TestRunner@6497b078]" started-at="2022-05-18T15:00:43 IST" name="runScenario" data-provider="scenarios" finished-at="2022-05-18T15:01:04 IST" duration-ms="20827" status="FAIL">
          <params>
            <param index="0">
              <value>
                <![CDATA["Verify funds for diffrent broker in partially fulfilled case"]]>
              </value>
            </param>
            <param index="1">
              <value>
                <![CDATA["Verify funds for diffrent broker"]]>
              </value>
            </param>
          </params>
          <exception class="org.junit.ComparisonFailure">
            <message>
              <![CDATA[expected:<1[.4700000062584877]> but was:<1[2.9]>]]>
            </message>
            <full-stacktrace>
              <![CDATA[org.junit.ComparisonFailure: expected:<1[.4700000062584877]> but was:<1[2.9]>
at org.junit.Assert.assertEquals(Assert.java:117)
at org.junit.Assert.assertEquals(Assert.java:146)
at stepDefinations.SDplaceOrderofBroker1.calculate_fees_for_diffrent_broker(SDplaceOrderofBroker1.java:266)
at ✽.Check fees "12.9" for diffrent broker(file:///C:/Users/Dell/eclipse_csk/CSXautomation2Optimision/src/test/java/ETHfeature/ETHINRdiffBrokerFunds2.feature:86)
]]>
            </full-stacktrace>
          </exception> <!-- org.junit.ComparisonFailure -->
          <reporter-output>
          </reporter-output>
        </test-method> <!-- runScenario -->
        <test-method signature="runScenario(io.cucumber.testng.PickleWrapper,io.cucumber.testng.FeatureWrapper)[pri:0, instance:cucumber.options.TestRunner@6497b078]" started-at="2022-05-18T15:01:04 IST" name="runScenario" data-provider="scenarios" finished-at="2022-05-18T15:01:25 IST" duration-ms="20843" status="PASS">
          <params>
            <param index="0">
              <value>
                <![CDATA["Verify funds for diffrent broker in cancelled case"]]>
              </value>
            </param>
            <param index="1">
              <value>
                <![CDATA["Verify funds for diffrent broker"]]>
              </value>
            </param>
          </params>
          <reporter-output>
          </reporter-output>
        </test-method> <!-- runScenario -->
        <test-method signature="runScenario(io.cucumber.testng.PickleWrapper,io.cucumber.testng.FeatureWrapper)[pri:0, instance:cucumber.options.TestRunner@6497b078]" started-at="2022-05-18T15:01:25 IST" name="runScenario" data-provider="scenarios" finished-at="2022-05-18T15:01:45 IST" duration-ms="20270" status="FAIL">
          <params>
            <param index="0">
              <value>
                <![CDATA["Verify funds for diffrent broker in price improvement case"]]>
              </value>
            </param>
            <param index="1">
              <value>
                <![CDATA["Verify funds for diffrent broker"]]>
              </value>
            </param>
          </params>
          <exception class="org.junit.ComparisonFailure">
            <message>
              <![CDATA[expected:<2[.93999999761581]4> but was:<2[5.]4>]]>
            </message>
            <full-stacktrace>
              <![CDATA[org.junit.ComparisonFailure: expected:<2[.93999999761581]4> but was:<2[5.]4>
at org.junit.Assert.assertEquals(Assert.java:117)
at org.junit.Assert.assertEquals(Assert.java:146)
at stepDefinations.SDplaceOrderofBroker1.calculate_fees_for_diffrent_broker(SDplaceOrderofBroker1.java:266)
at ✽.Check fees "25.4" for diffrent broker(file:///C:/Users/Dell/eclipse_csk/CSXautomation2Optimision/src/test/java/ETHfeature/ETHINRdiffBrokerFunds2.feature:170)
]]>
            </full-stacktrace>
          </exception> <!-- org.junit.ComparisonFailure -->
          <reporter-output>
          </reporter-output>
        </test-method> <!-- runScenario -->
        <test-method signature="runScenario(io.cucumber.testng.PickleWrapper,io.cucumber.testng.FeatureWrapper)[pri:0, instance:cucumber.options.TestRunner@6497b078]" started-at="2022-05-18T15:01:45 IST" name="runScenario" data-provider="scenarios" finished-at="2022-05-18T15:01:48 IST" duration-ms="2284" status="PASS">
          <params>
            <param index="0">
              <value>
                <![CDATA["Verify place order , get order  and cancel order api"]]>
              </value>
            </param>
            <param index="1">
              <value>
                <![CDATA["CSX Regression"]]>
              </value>
            </param>
          </params>
          <reporter-output>
          </reporter-output>
        </test-method> <!-- runScenario -->
        <test-method signature="runScenario(io.cucumber.testng.PickleWrapper,io.cucumber.testng.FeatureWrapper)[pri:0, instance:cucumber.options.TestRunner@6497b078]" started-at="2022-05-18T15:01:48 IST" name="runScenario" data-provider="scenarios" finished-at="2022-05-18T15:01:51 IST" duration-ms="3747" status="PASS">
          <params>
            <param index="0">
              <value>
                <![CDATA["Verify Update Order api"]]>
              </value>
            </param>
            <param index="1">
              <value>
                <![CDATA["CSX Regression"]]>
              </value>
            </param>
          </params>
          <reporter-output>
          </reporter-output>
        </test-method> <!-- runScenario -->
        <test-method signature="runScenario(io.cucumber.testng.PickleWrapper,io.cucumber.testng.FeatureWrapper)[pri:0, instance:cucumber.options.TestRunner@6497b078]" started-at="2022-05-18T15:01:51 IST" name="runScenario" data-provider="scenarios" finished-at="2022-05-18T15:01:53 IST" duration-ms="1673" status="PASS">
          <params>
            <param index="0">
              <value>
                <![CDATA["Verify Add IP and delete IP"]]>
              </value>
            </param>
            <param index="1">
              <value>
                <![CDATA["CSX Regression"]]>
              </value>
            </param>
          </params>
          <reporter-output>
          </reporter-output>
        </test-method> <!-- runScenario -->
        <test-method signature="runScenario(io.cucumber.testng.PickleWrapper,io.cucumber.testng.FeatureWrapper)[pri:0, instance:cucumber.options.TestRunner@6497b078]" started-at="2022-05-18T15:01:53 IST" name="runScenario" data-provider="scenarios" finished-at="2022-05-18T15:01:54 IST" duration-ms="884" status="PASS">
          <params>
            <param index="0">
              <value>
                <![CDATA["Verify CancelAllOrder"]]>
              </value>
            </param>
            <param index="1">
              <value>
                <![CDATA["CSX Regression"]]>
              </value>
            </param>
          </params>
          <reporter-output>
          </reporter-output>
        </test-method> <!-- runScenario -->
        <test-method signature="runScenario(io.cucumber.testng.PickleWrapper,io.cucumber.testng.FeatureWrapper)[pri:0, instance:cucumber.options.TestRunner@6497b078]" started-at="2022-05-18T15:01:54 IST" name="runScenario" data-provider="scenarios" finished-at="2022-05-18T15:01:55 IST" duration-ms="616" status="PASS">
          <params>
            <param index="0">
              <value>
                <![CDATA["Verify GetAllOrder"]]>
              </value>
            </param>
            <param index="1">
              <value>
                <![CDATA["CSX Regression"]]>
              </value>
            </param>
          </params>
          <reporter-output>
          </reporter-output>
        </test-method> <!-- runScenario -->
        <test-method signature="runScenario(io.cucumber.testng.PickleWrapper,io.cucumber.testng.FeatureWrapper)[pri:0, instance:cucumber.options.TestRunner@6497b078]" started-at="2022-05-18T15:01:55 IST" name="runScenario" data-provider="scenarios" finished-at="2022-05-18T15:01:55 IST" duration-ms="346" status="PASS">
          <params>
            <param index="0">
              <value>
                <![CDATA["Verify GetAllIps"]]>
              </value>
            </param>
            <param index="1">
              <value>
                <![CDATA["CSX Regression"]]>
              </value>
            </param>
          </params>
          <reporter-output>
          </reporter-output>
        </test-method> <!-- runScenario -->
        <test-method signature="runScenario(io.cucumber.testng.PickleWrapper,io.cucumber.testng.FeatureWrapper)[pri:0, instance:cucumber.options.TestRunner@6497b078]" started-at="2022-05-18T15:01:55 IST" name="runScenario" data-provider="scenarios" finished-at="2022-05-18T15:02:08 IST" duration-ms="12967" status="FAIL">
          <params>
            <param index="0">
              <value>
                <![CDATA["Verify funds for same broker in fulfilled case"]]>
              </value>
            </param>
            <param index="1">
              <value>
                <![CDATA["Verify funds for same broker"]]>
              </value>
            </param>
          </params>
          <exception class="org.junit.ComparisonFailure">
            <message>
              <![CDATA[expected:<[2.939999997615814]> but was:<[3.0]>]]>
            </message>
            <full-stacktrace>
              <![CDATA[org.junit.ComparisonFailure: expected:<[2.939999997615814]> but was:<[3.0]>
at org.junit.Assert.assertEquals(Assert.java:117)
at org.junit.Assert.assertEquals(Assert.java:146)
at stepDefinations.SDplaceOrderofBroker1.calculate_fees_for_same_broker(SDplaceOrderofBroker1.java:221)
at ✽.Check fees "3.0" for same broker(file:///C:/Users/Dell/eclipse_csk/CSXautomation2Optimision/src/test/java/ETHfeature/ETHINRsameBrokerFunds.feature:31)
]]>
            </full-stacktrace>
          </exception> <!-- org.junit.ComparisonFailure -->
          <reporter-output>
          </reporter-output>
        </test-method> <!-- runScenario -->
        <test-method signature="runScenario(io.cucumber.testng.PickleWrapper,io.cucumber.testng.FeatureWrapper)[pri:0, instance:cucumber.options.TestRunner@6497b078]" started-at="2022-05-18T15:02:08 IST" name="runScenario" data-provider="scenarios" finished-at="2022-05-18T15:02:22 IST" duration-ms="13927" status="FAIL">
          <params>
            <param index="0">
              <value>
                <![CDATA["Verify funds for same broker in partially fulfilled case"]]>
              </value>
            </param>
            <param index="1">
              <value>
                <![CDATA["Verify funds for same broker"]]>
              </value>
            </param>
          </params>
          <exception class="org.junit.ComparisonFailure">
            <message>
              <![CDATA[expected:<1.[469999998807907]> but was:<1.[5]>]]>
            </message>
            <full-stacktrace>
              <![CDATA[org.junit.ComparisonFailure: expected:<1.[469999998807907]> but was:<1.[5]>
at org.junit.Assert.assertEquals(Assert.java:117)
at org.junit.Assert.assertEquals(Assert.java:146)
at stepDefinations.SDplaceOrderofBroker1.calculate_fees_for_same_broker(SDplaceOrderofBroker1.java:221)
at ✽.Check fees "1.5" for same broker(file:///C:/Users/Dell/eclipse_csk/CSXautomation2Optimision/src/test/java/ETHfeature/ETHINRsameBrokerFunds.feature:61)
]]>
            </full-stacktrace>
          </exception> <!-- org.junit.ComparisonFailure -->
          <reporter-output>
          </reporter-output>
        </test-method> <!-- runScenario -->
        <test-method signature="runScenario(io.cucumber.testng.PickleWrapper,io.cucumber.testng.FeatureWrapper)[pri:0, instance:cucumber.options.TestRunner@6497b078]" started-at="2022-05-18T15:02:22 IST" name="runScenario" data-provider="scenarios" finished-at="2022-05-18T15:02:35 IST" duration-ms="12914" status="PASS">
          <params>
            <param index="0">
              <value>
                <![CDATA["Verify funds for same broker in decremented case"]]>
              </value>
            </param>
            <param index="1">
              <value>
                <![CDATA["Verify funds for same broker"]]>
              </value>
            </param>
          </params>
          <reporter-output>
          </reporter-output>
        </test-method> <!-- runScenario -->
        <test-method signature="runScenario(io.cucumber.testng.PickleWrapper,io.cucumber.testng.FeatureWrapper)[pri:0, instance:cucumber.options.TestRunner@6497b078]" started-at="2022-05-18T15:02:35 IST" name="runScenario" data-provider="scenarios" finished-at="2022-05-18T15:02:49 IST" duration-ms="14120" status="PASS">
          <params>
            <param index="0">
              <value>
                <![CDATA["Verify funds for same broker in cancelled case"]]>
              </value>
            </param>
            <param index="1">
              <value>
                <![CDATA["Verify funds for same broker"]]>
              </value>
            </param>
          </params>
          <reporter-output>
          </reporter-output>
        </test-method> <!-- runScenario -->
        <test-method signature="runScenario(io.cucumber.testng.PickleWrapper,io.cucumber.testng.FeatureWrapper)[pri:0, instance:cucumber.options.TestRunner@6497b078]" started-at="2022-05-18T15:02:49 IST" name="runScenario" data-provider="scenarios" finished-at="2022-05-18T15:03:02 IST" duration-ms="13221" status="FAIL">
          <params>
            <param index="0">
              <value>
                <![CDATA["Verify funds for same broker in price improvement case"]]>
              </value>
            </param>
            <param index="1">
              <value>
                <![CDATA["Verify funds for same broker"]]>
              </value>
            </param>
          </params>
          <exception class="org.junit.ComparisonFailure">
            <message>
              <![CDATA[expected:<[2.939999997615814]> but was:<[3.0]>]]>
            </message>
            <full-stacktrace>
              <![CDATA[org.junit.ComparisonFailure: expected:<[2.939999997615814]> but was:<[3.0]>
at org.junit.Assert.assertEquals(Assert.java:117)
at org.junit.Assert.assertEquals(Assert.java:146)
at stepDefinations.SDplaceOrderofBroker1.calculate_fees_for_same_broker(SDplaceOrderofBroker1.java:221)
at ✽.Check fees "3.0" for same broker(file:///C:/Users/Dell/eclipse_csk/CSXautomation2Optimision/src/test/java/ETHfeature/ETHINRsameBrokerFunds.feature:152)
]]>
            </full-stacktrace>
          </exception> <!-- org.junit.ComparisonFailure -->
          <reporter-output>
          </reporter-output>
        </test-method> <!-- runScenario -->
        <test-method signature="runScenario(io.cucumber.testng.PickleWrapper,io.cucumber.testng.FeatureWrapper)[pri:0, instance:cucumber.options.TestRunner@6497b078]" started-at="2022-05-18T15:03:02 IST" name="runScenario" data-provider="scenarios" finished-at="2022-05-18T15:03:16 IST" duration-ms="13915" status="FAIL">
          <params>
            <param index="0">
              <value>
                <![CDATA["Verify funds for same broker in BUYSELLBUY fulfilled case"]]>
              </value>
            </param>
            <param index="1">
              <value>
                <![CDATA["Verify funds for same broker"]]>
              </value>
            </param>
          </params>
          <exception class="org.junit.ComparisonFailure">
            <message>
              <![CDATA[expected:<[3].0> but was:<[1].0>]]>
            </message>
            <full-stacktrace>
              <![CDATA[org.junit.ComparisonFailure: expected:<[3].0> but was:<[1].0>
at org.junit.Assert.assertEquals(Assert.java:117)
at org.junit.Assert.assertEquals(Assert.java:146)
at stepDefinations.SDplaceOrderofBroker1.calculate_fees_for_same_broker(SDplaceOrderofBroker1.java:221)
at ✽.Check fees "1.0" for same broker(file:///C:/Users/Dell/eclipse_csk/CSXautomation2Optimision/src/test/java/ETHfeature/ETHINRsameBrokerFunds.feature:189)
]]>
            </full-stacktrace>
          </exception> <!-- org.junit.ComparisonFailure -->
          <reporter-output>
          </reporter-output>
        </test-method> <!-- runScenario -->
        <test-method is-config="true" signature="destroy()[pri:0, instance:cucumber.options.TestRunner@6497b078]" started-at="2022-05-18T15:03:16 IST" name="destroy" finished-at="2022-05-18T15:03:16 IST" duration-ms="276" status="PASS">
          <reporter-output>
          </reporter-output>
        </test-method> <!-- destroy -->
      </class> <!-- cucumber.options.TestRunner -->
    </test> <!-- Command line test -->
  </suite> <!-- cucumber.options.TestRunner -->
</testng-results>
