<?xml version="1.0" encoding="UTF-8"?>
<testng-results ignored="0" total="36" passed="19" failed="17" skipped="0">
  <reporter-output>
  </reporter-output>
  <suite started-at="2022-06-10T11:50:00 IST" name="cucumber.options.TestRunner" finished-at="2022-06-10T11:58:56 IST" duration-ms="536234">
    <groups>
    </groups>
    <test started-at="2022-06-10T11:50:00 IST" name="Command line test" finished-at="2022-06-10T11:58:56 IST" duration-ms="536234">
      <class name="cucumber.options.TestRunner">
        <test-method is-config="true" signature="setUp()[pri:0, instance:cucumber.options.TestRunner@6497b078]" started-at="2022-06-10T11:50:00 IST" name="setUp" finished-at="2022-06-10T11:50:01 IST" duration-ms="387" status="PASS">
          <reporter-output>
          </reporter-output>
        </test-method> <!-- setUp -->
        <test-method signature="runScenario(io.cucumber.testng.PickleWrapper,io.cucumber.testng.FeatureWrapper)[pri:0, instance:cucumber.options.TestRunner@6497b078]" started-at="2022-06-10T11:50:01 IST" name="runScenario" data-provider="scenarios" finished-at="2022-06-10T11:50:06 IST" duration-ms="5077" status="PASS">
          <params>
            <param index="0">
              <value>
                <![CDATA["Verify place order , get order  and cancel order api"]]>
              </value>
            </param>
            <param index="1">
              <value>
                <![CDATA["ETHINR Regression"]]>
              </value>
            </param>
          </params>
          <reporter-output>
          </reporter-output>
        </test-method> <!-- runScenario -->
        <test-method signature="runScenario(io.cucumber.testng.PickleWrapper,io.cucumber.testng.FeatureWrapper)[pri:0, instance:cucumber.options.TestRunner@6497b078]" started-at="2022-06-10T11:50:06 IST" name="runScenario" data-provider="scenarios" finished-at="2022-06-10T11:50:09 IST" duration-ms="3139" status="PASS">
          <params>
            <param index="0">
              <value>
                <![CDATA["Verify Update Order api"]]>
              </value>
            </param>
            <param index="1">
              <value>
                <![CDATA["ETHINR Regression"]]>
              </value>
            </param>
          </params>
          <reporter-output>
          </reporter-output>
        </test-method> <!-- runScenario -->
        <test-method signature="runScenario(io.cucumber.testng.PickleWrapper,io.cucumber.testng.FeatureWrapper)[pri:0, instance:cucumber.options.TestRunner@6497b078]" started-at="2022-06-10T11:50:09 IST" name="runScenario" data-provider="scenarios" finished-at="2022-06-10T11:50:11 IST" duration-ms="2170" status="PASS">
          <params>
            <param index="0">
              <value>
                <![CDATA["Verify Add IP and delete IP"]]>
              </value>
            </param>
            <param index="1">
              <value>
                <![CDATA["ETHINR Regression"]]>
              </value>
            </param>
          </params>
          <reporter-output>
          </reporter-output>
        </test-method> <!-- runScenario -->
        <test-method signature="runScenario(io.cucumber.testng.PickleWrapper,io.cucumber.testng.FeatureWrapper)[pri:0, instance:cucumber.options.TestRunner@6497b078]" started-at="2022-06-10T11:50:11 IST" name="runScenario" data-provider="scenarios" finished-at="2022-06-10T11:50:13 IST" duration-ms="1890" status="PASS">
          <params>
            <param index="0">
              <value>
                <![CDATA["Verify CancelAllOrder"]]>
              </value>
            </param>
            <param index="1">
              <value>
                <![CDATA["ETHINR Regression"]]>
              </value>
            </param>
          </params>
          <reporter-output>
          </reporter-output>
        </test-method> <!-- runScenario -->
        <test-method signature="runScenario(io.cucumber.testng.PickleWrapper,io.cucumber.testng.FeatureWrapper)[pri:0, instance:cucumber.options.TestRunner@6497b078]" started-at="2022-06-10T11:50:13 IST" name="runScenario" data-provider="scenarios" finished-at="2022-06-10T11:50:13 IST" duration-ms="529" status="PASS">
          <params>
            <param index="0">
              <value>
                <![CDATA["Verify GetAllOrder"]]>
              </value>
            </param>
            <param index="1">
              <value>
                <![CDATA["ETHINR Regression"]]>
              </value>
            </param>
          </params>
          <reporter-output>
          </reporter-output>
        </test-method> <!-- runScenario -->
        <test-method signature="runScenario(io.cucumber.testng.PickleWrapper,io.cucumber.testng.FeatureWrapper)[pri:0, instance:cucumber.options.TestRunner@6497b078]" started-at="2022-06-10T11:50:13 IST" name="runScenario" data-provider="scenarios" finished-at="2022-06-10T11:50:14 IST" duration-ms="398" status="PASS">
          <params>
            <param index="0">
              <value>
                <![CDATA["Verify GetAllIps"]]>
              </value>
            </param>
            <param index="1">
              <value>
                <![CDATA["ETHINR Regression"]]>
              </value>
            </param>
          </params>
          <reporter-output>
          </reporter-output>
        </test-method> <!-- runScenario -->
        <test-method signature="runScenario(io.cucumber.testng.PickleWrapper,io.cucumber.testng.FeatureWrapper)[pri:0, instance:cucumber.options.TestRunner@6497b078]" started-at="2022-06-10T11:50:14 IST" name="runScenario" data-provider="scenarios" finished-at="2022-06-10T11:50:33 IST" duration-ms="18864" status="FAIL">
          <params>
            <param index="0">
              <value>
                <![CDATA["Verify funds for diffrent broker in fulfilled case"]]>
              </value>
            </param>
            <param index="1">
              <value>
                <![CDATA["ETHINR Regression"]]>
              </value>
            </param>
          </params>
          <exception class="java.lang.AssertionError">
            <message>
              <![CDATA[expected:<16.0> but was:<4.0>]]>
            </message>
            <full-stacktrace>
              <![CDATA[java.lang.AssertionError: expected:<16.0> but was:<4.0>
at org.junit.Assert.fail(Assert.java:89)
at org.junit.Assert.failNotEquals(Assert.java:835)
at org.junit.Assert.assertEquals(Assert.java:555)
at org.junit.Assert.assertEquals(Assert.java:685)
at stepDefinations.SDplaceOrderofBroker1.calculate_fees_for_diffrent_broker(SDplaceOrderofBroker1.java:310)
at ✽.Check fees "4" for diffrent broker(file:///C:/Users/Dell/eclipse_csk/CSXautomation2Optimision/src/test/java/features/ETHINR.feature:116)
]]>
            </full-stacktrace>
          </exception> <!-- java.lang.AssertionError -->
          <reporter-output>
          </reporter-output>
        </test-method> <!-- runScenario -->
        <test-method signature="runScenario(io.cucumber.testng.PickleWrapper,io.cucumber.testng.FeatureWrapper)[pri:0, instance:cucumber.options.TestRunner@6497b078]" started-at="2022-06-10T11:50:33 IST" name="runScenario" data-provider="scenarios" finished-at="2022-06-10T11:50:52 IST" duration-ms="19248" status="FAIL">
          <params>
            <param index="0">
              <value>
                <![CDATA["Verify funds for diffrent broker in partially fulfilled case"]]>
              </value>
            </param>
            <param index="1">
              <value>
                <![CDATA["ETHINR Regression"]]>
              </value>
            </param>
          </params>
          <exception class="java.lang.AssertionError">
            <message>
              <![CDATA[expected:<5011.5> but was:<2.0>]]>
            </message>
            <full-stacktrace>
              <![CDATA[java.lang.AssertionError: expected:<5011.5> but was:<2.0>
at org.junit.Assert.fail(Assert.java:89)
at org.junit.Assert.failNotEquals(Assert.java:835)
at org.junit.Assert.assertEquals(Assert.java:555)
at org.junit.Assert.assertEquals(Assert.java:685)
at stepDefinations.SDplaceOrderofBroker1.calculate_fees_for_diffrent_broker(SDplaceOrderofBroker1.java:310)
at ✽.Check fees "2" for diffrent broker(file:///C:/Users/Dell/eclipse_csk/CSXautomation2Optimision/src/test/java/features/ETHINR.feature:159)
]]>
            </full-stacktrace>
          </exception> <!-- java.lang.AssertionError -->
          <reporter-output>
          </reporter-output>
        </test-method> <!-- runScenario -->
        <test-method signature="runScenario(io.cucumber.testng.PickleWrapper,io.cucumber.testng.FeatureWrapper)[pri:0, instance:cucumber.options.TestRunner@6497b078]" started-at="2022-06-10T11:50:52 IST" name="runScenario" data-provider="scenarios" finished-at="2022-06-10T11:51:19 IST" duration-ms="27391" status="FAIL">
          <params>
            <param index="0">
              <value>
                <![CDATA["Verify funds for diffrent broker in cancelled case"]]>
              </value>
            </param>
            <param index="1">
              <value>
                <![CDATA["ETHINR Regression"]]>
              </value>
            </param>
          </params>
          <exception class="java.lang.AssertionError">
            <message>
              <![CDATA[expected:<10007.0> but was:<0.0>]]>
            </message>
            <full-stacktrace>
              <![CDATA[java.lang.AssertionError: expected:<10007.0> but was:<0.0>
at org.junit.Assert.fail(Assert.java:89)
at org.junit.Assert.failNotEquals(Assert.java:835)
at org.junit.Assert.assertEquals(Assert.java:555)
at org.junit.Assert.assertEquals(Assert.java:685)
at stepDefinations.SDplaceOrderofBroker1.calculate_fees_for_diffrent_broker(SDplaceOrderofBroker1.java:310)
at ✽.Check fees "0.0" for diffrent broker(file:///C:/Users/Dell/eclipse_csk/CSXautomation2Optimision/src/test/java/features/ETHINR.feature:202)
]]>
            </full-stacktrace>
          </exception> <!-- java.lang.AssertionError -->
          <reporter-output>
          </reporter-output>
        </test-method> <!-- runScenario -->
        <test-method signature="runScenario(io.cucumber.testng.PickleWrapper,io.cucumber.testng.FeatureWrapper)[pri:0, instance:cucumber.options.TestRunner@6497b078]" started-at="2022-06-10T11:51:19 IST" name="runScenario" data-provider="scenarios" finished-at="2022-06-10T11:51:43 IST" duration-ms="23287" status="FAIL">
          <params>
            <param index="0">
              <value>
                <![CDATA["Verify funds for diffrent broker in price improvement case"]]>
              </value>
            </param>
            <param index="1">
              <value>
                <![CDATA["ETHINR Regression"]]>
              </value>
            </param>
          </params>
          <exception class="java.lang.AssertionError">
            <message>
              <![CDATA[expected:<-9946.459999998566> but was:<4.0>]]>
            </message>
            <full-stacktrace>
              <![CDATA[java.lang.AssertionError: expected:<-9946.459999998566> but was:<4.0>
at org.junit.Assert.fail(Assert.java:89)
at org.junit.Assert.failNotEquals(Assert.java:835)
at org.junit.Assert.assertEquals(Assert.java:555)
at org.junit.Assert.assertEquals(Assert.java:685)
at stepDefinations.SDplaceOrderofBroker1.calculate_fees_for_diffrent_broker(SDplaceOrderofBroker1.java:316)
at ✽.Check fees "4" for diffrent broker(file:///C:/Users/Dell/eclipse_csk/CSXautomation2Optimision/src/test/java/features/ETHINR.feature:245)
]]>
            </full-stacktrace>
          </exception> <!-- java.lang.AssertionError -->
          <reporter-output>
          </reporter-output>
        </test-method> <!-- runScenario -->
        <test-method signature="runScenario(io.cucumber.testng.PickleWrapper,io.cucumber.testng.FeatureWrapper)[pri:0, instance:cucumber.options.TestRunner@6497b078]" started-at="2022-06-10T11:51:43 IST" name="runScenario" data-provider="scenarios" finished-at="2022-06-10T11:52:06 IST" duration-ms="23125" status="FAIL">
          <params>
            <param index="0">
              <value>
                <![CDATA["(placing BUY order first)Verify funds while Updating the order and matching it with two counter orders with diffrent brokers"]]>
              </value>
            </param>
            <param index="1">
              <value>
                <![CDATA["ETHINR Regression"]]>
              </value>
            </param>
          </params>
          <exception class="java.lang.AssertionError">
            <message>
              <![CDATA[expected:<16.0> but was:<4.0>]]>
            </message>
            <full-stacktrace>
              <![CDATA[java.lang.AssertionError: expected:<16.0> but was:<4.0>
at org.junit.Assert.fail(Assert.java:89)
at org.junit.Assert.failNotEquals(Assert.java:835)
at org.junit.Assert.assertEquals(Assert.java:555)
at org.junit.Assert.assertEquals(Assert.java:685)
at stepDefinations.SDplaceOrderofBroker1.calculate_fees_for_diffrent_broker(SDplaceOrderofBroker1.java:310)
at ✽.Check fees "4" for diffrent broker(file:///C:/Users/Dell/eclipse_csk/CSXautomation2Optimision/src/test/java/features/ETHINR.feature:301)
]]>
            </full-stacktrace>
          </exception> <!-- java.lang.AssertionError -->
          <reporter-output>
          </reporter-output>
        </test-method> <!-- runScenario -->
        <test-method signature="runScenario(io.cucumber.testng.PickleWrapper,io.cucumber.testng.FeatureWrapper)[pri:0, instance:cucumber.options.TestRunner@6497b078]" started-at="2022-06-10T11:52:06 IST" name="runScenario" data-provider="scenarios" finished-at="2022-06-10T11:52:23 IST" duration-ms="17567" status="FAIL">
          <params>
            <param index="0">
              <value>
                <![CDATA["(placing BUY order first)Verify funds while when order moves in (open--->partially_fulfilled--->fulfilled) for diffrent brokers"]]>
              </value>
            </param>
            <param index="1">
              <value>
                <![CDATA["ETHINR Regression"]]>
              </value>
            </param>
          </params>
          <exception class="java.lang.AssertionError">
            <message>
              <![CDATA[expected:<16.0> but was:<4.0>]]>
            </message>
            <full-stacktrace>
              <![CDATA[java.lang.AssertionError: expected:<16.0> but was:<4.0>
at org.junit.Assert.fail(Assert.java:89)
at org.junit.Assert.failNotEquals(Assert.java:835)
at org.junit.Assert.assertEquals(Assert.java:555)
at org.junit.Assert.assertEquals(Assert.java:685)
at stepDefinations.SDplaceOrderofBroker1.calculate_fees_for_diffrent_broker(SDplaceOrderofBroker1.java:310)
at ✽.Check fees "4" for diffrent broker(file:///C:/Users/Dell/eclipse_csk/CSXautomation2Optimision/src/test/java/features/ETHINR.feature:350)
]]>
            </full-stacktrace>
          </exception> <!-- java.lang.AssertionError -->
          <reporter-output>
          </reporter-output>
        </test-method> <!-- runScenario -->
        <test-method signature="runScenario(io.cucumber.testng.PickleWrapper,io.cucumber.testng.FeatureWrapper)[pri:0, instance:cucumber.options.TestRunner@6497b078]" started-at="2022-06-10T11:52:23 IST" name="runScenario" data-provider="scenarios" finished-at="2022-06-10T11:53:01 IST" duration-ms="37855" status="FAIL">
          <params>
            <param index="0">
              <value>
                <![CDATA["(placing BUY order first)Verify funds while when order moves in (open--->partially_decrement--->partially_fulfilled(fulfilled)) for diffrent brokers"]]>
              </value>
            </param>
            <param index="1">
              <value>
                <![CDATA["ETHINR Regression"]]>
              </value>
            </param>
          </params>
          <exception class="java.lang.AssertionError">
            <message>
              <![CDATA[expected:<8.0> but was:<2.0>]]>
            </message>
            <full-stacktrace>
              <![CDATA[java.lang.AssertionError: expected:<8.0> but was:<2.0>
at org.junit.Assert.fail(Assert.java:89)
at org.junit.Assert.failNotEquals(Assert.java:835)
at org.junit.Assert.assertEquals(Assert.java:555)
at org.junit.Assert.assertEquals(Assert.java:685)
at stepDefinations.SDplaceOrderofBroker1.calculate_fees_for_diffrent_broker(SDplaceOrderofBroker1.java:310)
at ✽.Check fees "2" for diffrent broker(file:///C:/Users/Dell/eclipse_csk/CSXautomation2Optimision/src/test/java/features/ETHINR.feature:399)
]]>
            </full-stacktrace>
          </exception> <!-- java.lang.AssertionError -->
          <reporter-output>
          </reporter-output>
        </test-method> <!-- runScenario -->
        <test-method signature="runScenario(io.cucumber.testng.PickleWrapper,io.cucumber.testng.FeatureWrapper)[pri:0, instance:cucumber.options.TestRunner@6497b078]" started-at="2022-06-10T11:53:01 IST" name="runScenario" data-provider="scenarios" finished-at="2022-06-10T11:53:27 IST" duration-ms="25808" status="FAIL">
          <params>
            <param index="0">
              <value>
                <![CDATA["(placing BUY order first)Verify funds while when order moves in (open--->partially_fulfilled--->partially_decrement(fulfilled)) for diffrent brokers"]]>
              </value>
            </param>
            <param index="1">
              <value>
                <![CDATA["ETHINR Regression"]]>
              </value>
            </param>
          </params>
          <exception class="java.lang.AssertionError">
            <message>
              <![CDATA[expected:<8.0> but was:<2.0>]]>
            </message>
            <full-stacktrace>
              <![CDATA[java.lang.AssertionError: expected:<8.0> but was:<2.0>
at org.junit.Assert.fail(Assert.java:89)
at org.junit.Assert.failNotEquals(Assert.java:835)
at org.junit.Assert.assertEquals(Assert.java:555)
at org.junit.Assert.assertEquals(Assert.java:685)
at stepDefinations.SDplaceOrderofBroker1.calculate_fees_for_diffrent_broker(SDplaceOrderofBroker1.java:310)
at ✽.Check fees "2" for diffrent broker(file:///C:/Users/Dell/eclipse_csk/CSXautomation2Optimision/src/test/java/features/ETHINR.feature:448)
]]>
            </full-stacktrace>
          </exception> <!-- java.lang.AssertionError -->
          <reporter-output>
          </reporter-output>
        </test-method> <!-- runScenario -->
        <test-method signature="runScenario(io.cucumber.testng.PickleWrapper,io.cucumber.testng.FeatureWrapper)[pri:0, instance:cucumber.options.TestRunner@6497b078]" started-at="2022-06-10T11:53:27 IST" name="runScenario" data-provider="scenarios" finished-at="2022-06-10T11:53:42 IST" duration-ms="14787" status="FAIL">
          <params>
            <param index="0">
              <value>
                <![CDATA["(placing sell order first)Verify funds while Updating the order and matching it with two counter orders with diffrent brokers"]]>
              </value>
            </param>
            <param index="1">
              <value>
                <![CDATA["ETHINR Regression"]]>
              </value>
            </param>
          </params>
          <exception class="java.lang.AssertionError">
            <message>
              <![CDATA[expected:<16.0> but was:<4.0>]]>
            </message>
            <full-stacktrace>
              <![CDATA[java.lang.AssertionError: expected:<16.0> but was:<4.0>
at org.junit.Assert.fail(Assert.java:89)
at org.junit.Assert.failNotEquals(Assert.java:835)
at org.junit.Assert.assertEquals(Assert.java:555)
at org.junit.Assert.assertEquals(Assert.java:685)
at stepDefinations.SDplaceOrderofBroker1.calculate_fees_for_diffrent_broker(SDplaceOrderofBroker1.java:310)
at ✽.Check fees "4" for diffrent broker(file:///C:/Users/Dell/eclipse_csk/CSXautomation2Optimision/src/test/java/features/ETHINR.feature:498)
]]>
            </full-stacktrace>
          </exception> <!-- java.lang.AssertionError -->
          <reporter-output>
          </reporter-output>
        </test-method> <!-- runScenario -->
        <test-method signature="runScenario(io.cucumber.testng.PickleWrapper,io.cucumber.testng.FeatureWrapper)[pri:0, instance:cucumber.options.TestRunner@6497b078]" started-at="2022-06-10T11:53:42 IST" name="runScenario" data-provider="scenarios" finished-at="2022-06-10T11:54:00 IST" duration-ms="18024" status="FAIL">
          <params>
            <param index="0">
              <value>
                <![CDATA["(placing sell order first)Verify funds while when order moves in (open--->partially_fulfilled--->fulfilled) for diffrent brokers"]]>
              </value>
            </param>
            <param index="1">
              <value>
                <![CDATA["ETHINR Regression"]]>
              </value>
            </param>
          </params>
          <exception class="java.lang.AssertionError">
            <message>
              <![CDATA[expected:<1.5999999940395355> but was:<4.0>]]>
            </message>
            <full-stacktrace>
              <![CDATA[java.lang.AssertionError: expected:<1.5999999940395355> but was:<4.0>
at org.junit.Assert.fail(Assert.java:89)
at org.junit.Assert.failNotEquals(Assert.java:835)
at org.junit.Assert.assertEquals(Assert.java:555)
at org.junit.Assert.assertEquals(Assert.java:685)
at stepDefinations.SDplaceOrderofBroker1.calculate_fees_for_diffrent_broker(SDplaceOrderofBroker1.java:316)
at ✽.Check fees "4" for diffrent broker(file:///C:/Users/Dell/eclipse_csk/CSXautomation2Optimision/src/test/java/features/ETHINR.feature:546)
]]>
            </full-stacktrace>
          </exception> <!-- java.lang.AssertionError -->
          <reporter-output>
          </reporter-output>
        </test-method> <!-- runScenario -->
        <test-method signature="runScenario(io.cucumber.testng.PickleWrapper,io.cucumber.testng.FeatureWrapper)[pri:0, instance:cucumber.options.TestRunner@6497b078]" started-at="2022-06-10T11:54:00 IST" name="runScenario" data-provider="scenarios" finished-at="2022-06-10T11:54:28 IST" duration-ms="28561" status="FAIL">
          <params>
            <param index="0">
              <value>
                <![CDATA["(placing sell order first)Verify funds while when order moves in (open--->partially_decrement--->partially_fulfilled(fulfilled)) for diffrent brokers"]]>
              </value>
            </param>
            <param index="1">
              <value>
                <![CDATA["ETHINR Regression"]]>
              </value>
            </param>
          </params>
          <exception class="java.lang.AssertionError">
            <message>
              <![CDATA[expected:<0.7999999970197678> but was:<2.0>]]>
            </message>
            <full-stacktrace>
              <![CDATA[java.lang.AssertionError: expected:<0.7999999970197678> but was:<2.0>
at org.junit.Assert.fail(Assert.java:89)
at org.junit.Assert.failNotEquals(Assert.java:835)
at org.junit.Assert.assertEquals(Assert.java:555)
at org.junit.Assert.assertEquals(Assert.java:685)
at stepDefinations.SDplaceOrderofBroker1.calculate_fees_for_diffrent_broker(SDplaceOrderofBroker1.java:316)
at ✽.Check fees "2" for diffrent broker(file:///C:/Users/Dell/eclipse_csk/CSXautomation2Optimision/src/test/java/features/ETHINR.feature:594)
]]>
            </full-stacktrace>
          </exception> <!-- java.lang.AssertionError -->
          <reporter-output>
          </reporter-output>
        </test-method> <!-- runScenario -->
        <test-method signature="runScenario(io.cucumber.testng.PickleWrapper,io.cucumber.testng.FeatureWrapper)[pri:0, instance:cucumber.options.TestRunner@6497b078]" started-at="2022-06-10T11:54:28 IST" name="runScenario" data-provider="scenarios" finished-at="2022-06-10T11:54:46 IST" duration-ms="18069" status="FAIL">
          <params>
            <param index="0">
              <value>
                <![CDATA["(placing sell order first)Verify funds while when order moves in (open--->partially_fulfilled--->partially_decrement(fulfilled)) for diffrent brokers"]]>
              </value>
            </param>
            <param index="1">
              <value>
                <![CDATA["ETHINR Regression"]]>
              </value>
            </param>
          </params>
          <exception class="java.lang.AssertionError">
            <message>
              <![CDATA[expected:<-4502.3499999940395> but was:<2.0>]]>
            </message>
            <full-stacktrace>
              <![CDATA[java.lang.AssertionError: expected:<-4502.3499999940395> but was:<2.0>
at org.junit.Assert.fail(Assert.java:89)
at org.junit.Assert.failNotEquals(Assert.java:835)
at org.junit.Assert.assertEquals(Assert.java:555)
at org.junit.Assert.assertEquals(Assert.java:685)
at stepDefinations.SDplaceOrderofBroker1.calculate_fees_for_diffrent_broker(SDplaceOrderofBroker1.java:316)
at ✽.Check fees "2" for diffrent broker(file:///C:/Users/Dell/eclipse_csk/CSXautomation2Optimision/src/test/java/features/ETHINR.feature:642)
]]>
            </full-stacktrace>
          </exception> <!-- java.lang.AssertionError -->
          <reporter-output>
          </reporter-output>
        </test-method> <!-- runScenario -->
        <test-method signature="runScenario(io.cucumber.testng.PickleWrapper,io.cucumber.testng.FeatureWrapper)[pri:0, instance:cucumber.options.TestRunner@6497b078]" started-at="2022-06-10T11:54:46 IST" name="runScenario" data-provider="scenarios" finished-at="2022-06-10T11:55:03 IST" duration-ms="16777" status="PASS">
          <params>
            <param index="0">
              <value>
                <![CDATA["Verify funds for same broker in fulfilled case"]]>
              </value>
            </param>
            <param index="1">
              <value>
                <![CDATA["ETHINR Regression"]]>
              </value>
            </param>
          </params>
          <reporter-output>
          </reporter-output>
        </test-method> <!-- runScenario -->
        <test-method signature="runScenario(io.cucumber.testng.PickleWrapper,io.cucumber.testng.FeatureWrapper)[pri:0, instance:cucumber.options.TestRunner@6497b078]" started-at="2022-06-10T11:55:03 IST" name="runScenario" data-provider="scenarios" finished-at="2022-06-10T11:55:22 IST" duration-ms="19155" status="FAIL">
          <params>
            <param index="0">
              <value>
                <![CDATA["Verify funds for same broker in partially fulfilled case"]]>
              </value>
            </param>
            <param index="1">
              <value>
                <![CDATA["ETHINR Regression"]]>
              </value>
            </param>
          </params>
          <exception class="org.junit.ComparisonFailure">
            <message>
              <![CDATA[expected:<[5005.0]> but was:<[1.5]>]]>
            </message>
            <full-stacktrace>
              <![CDATA[org.junit.ComparisonFailure: expected:<[5005.0]> but was:<[1.5]>
at org.junit.Assert.assertEquals(Assert.java:117)
at org.junit.Assert.assertEquals(Assert.java:146)
at stepDefinations.SDplaceOrderofBroker1.calculate_fees_for_same_broker(SDplaceOrderofBroker1.java:232)
at ✽.Check fees "1.5" for same broker(file:///C:/Users/Dell/eclipse_csk/CSXautomation2Optimision/src/test/java/features/ETHINR.feature:710)
]]>
            </full-stacktrace>
          </exception> <!-- org.junit.ComparisonFailure -->
          <reporter-output>
          </reporter-output>
        </test-method> <!-- runScenario -->
        <test-method signature="runScenario(io.cucumber.testng.PickleWrapper,io.cucumber.testng.FeatureWrapper)[pri:0, instance:cucumber.options.TestRunner@6497b078]" started-at="2022-06-10T11:55:22 IST" name="runScenario" data-provider="scenarios" finished-at="2022-06-10T11:55:44 IST" duration-ms="21741" status="FAIL">
          <params>
            <param index="0">
              <value>
                <![CDATA["Verify funds for same broker in decremented case"]]>
              </value>
            </param>
            <param index="1">
              <value>
                <![CDATA["ETHINR Regression"]]>
              </value>
            </param>
          </params>
          <exception class="java.lang.AssertionError">
            <message>
              <![CDATA[expected:<9.000082619605245E7> but was:<9.000082669605245E7>]]>
            </message>
            <full-stacktrace>
              <![CDATA[java.lang.AssertionError: expected:<9.000082619605245E7> but was:<9.000082669605245E7>
at org.junit.Assert.fail(Assert.java:89)
at org.junit.Assert.failNotEquals(Assert.java:835)
at org.junit.Assert.assertEquals(Assert.java:555)
at org.junit.Assert.assertEquals(Assert.java:685)
at stepDefinations.SDplaceOrderofBroker1.calculate_fees_for_same_broker(SDplaceOrderofBroker1.java:242)
at ✽.Check fees "0.0" for same broker(file:///C:/Users/Dell/eclipse_csk/CSXautomation2Optimision/src/test/java/features/ETHINR.feature:740)
]]>
            </full-stacktrace>
          </exception> <!-- java.lang.AssertionError -->
          <reporter-output>
          </reporter-output>
        </test-method> <!-- runScenario -->
        <test-method signature="runScenario(io.cucumber.testng.PickleWrapper,io.cucumber.testng.FeatureWrapper)[pri:0, instance:cucumber.options.TestRunner@6497b078]" started-at="2022-06-10T11:55:44 IST" name="runScenario" data-provider="scenarios" finished-at="2022-06-10T11:55:53 IST" duration-ms="8887" status="PASS">
          <params>
            <param index="0">
              <value>
                <![CDATA["Verify funds for same broker in cancelled case"]]>
              </value>
            </param>
            <param index="1">
              <value>
                <![CDATA["ETHINR Regression"]]>
              </value>
            </param>
          </params>
          <reporter-output>
          </reporter-output>
        </test-method> <!-- runScenario -->
        <test-method signature="runScenario(io.cucumber.testng.PickleWrapper,io.cucumber.testng.FeatureWrapper)[pri:0, instance:cucumber.options.TestRunner@6497b078]" started-at="2022-06-10T11:55:53 IST" name="runScenario" data-provider="scenarios" finished-at="2022-06-10T11:56:07 IST" duration-ms="14524" status="PASS">
          <params>
            <param index="0">
              <value>
                <![CDATA["Verify funds for same broker in price improvement case"]]>
              </value>
            </param>
            <param index="1">
              <value>
                <![CDATA["ETHINR Regression"]]>
              </value>
            </param>
          </params>
          <reporter-output>
          </reporter-output>
        </test-method> <!-- runScenario -->
        <test-method signature="runScenario(io.cucumber.testng.PickleWrapper,io.cucumber.testng.FeatureWrapper)[pri:0, instance:cucumber.options.TestRunner@6497b078]" started-at="2022-06-10T11:56:07 IST" name="runScenario" data-provider="scenarios" finished-at="2022-06-10T11:56:24 IST" duration-ms="16629" status="PASS">
          <params>
            <param index="0">
              <value>
                <![CDATA["Verify funds for same broker in BUYSELLBUY fulfilled case"]]>
              </value>
            </param>
            <param index="1">
              <value>
                <![CDATA["ETHINR Regression"]]>
              </value>
            </param>
          </params>
          <reporter-output>
          </reporter-output>
        </test-method> <!-- runScenario -->
        <test-method signature="runScenario(io.cucumber.testng.PickleWrapper,io.cucumber.testng.FeatureWrapper)[pri:0, instance:cucumber.options.TestRunner@6497b078]" started-at="2022-06-10T11:56:24 IST" name="runScenario" data-provider="scenarios" finished-at="2022-06-10T11:56:35 IST" duration-ms="10541" status="PASS">
          <params>
            <param index="0">
              <value>
                <![CDATA["(placing sell order first)Verify funds while Updating the order and matching it with two counter orders"]]>
              </value>
            </param>
            <param index="1">
              <value>
                <![CDATA["ETHINR Regression"]]>
              </value>
            </param>
          </params>
          <reporter-output>
          </reporter-output>
        </test-method> <!-- runScenario -->
        <test-method signature="runScenario(io.cucumber.testng.PickleWrapper,io.cucumber.testng.FeatureWrapper)[pri:0, instance:cucumber.options.TestRunner@6497b078]" started-at="2022-06-10T11:56:35 IST" name="runScenario" data-provider="scenarios" finished-at="2022-06-10T11:56:58 IST" duration-ms="23762" status="PASS">
          <params>
            <param index="0">
              <value>
                <![CDATA["(placing sell order first)Verify funds while when order moves in (open--->partially_fulfilled--->fulfilled) for same broker"]]>
              </value>
            </param>
            <param index="1">
              <value>
                <![CDATA["ETHINR Regression"]]>
              </value>
            </param>
          </params>
          <reporter-output>
          </reporter-output>
        </test-method> <!-- runScenario -->
        <test-method signature="runScenario(io.cucumber.testng.PickleWrapper,io.cucumber.testng.FeatureWrapper)[pri:0, instance:cucumber.options.TestRunner@6497b078]" started-at="2022-06-10T11:56:58 IST" name="runScenario" data-provider="scenarios" finished-at="2022-06-10T11:57:22 IST" duration-ms="23753" status="PASS">
          <params>
            <param index="0">
              <value>
                <![CDATA["(placing sell order first)Verify funds while when order moves in (open--->partially_decrement--->decrement) for same broker"]]>
              </value>
            </param>
            <param index="1">
              <value>
                <![CDATA["ETHINR Regression"]]>
              </value>
            </param>
          </params>
          <reporter-output>
          </reporter-output>
        </test-method> <!-- runScenario -->
        <test-method signature="runScenario(io.cucumber.testng.PickleWrapper,io.cucumber.testng.FeatureWrapper)[pri:0, instance:cucumber.options.TestRunner@6497b078]" started-at="2022-06-10T11:57:22 IST" name="runScenario" data-provider="scenarios" finished-at="2022-06-10T11:57:32 IST" duration-ms="9664" status="PASS">
          <params>
            <param index="0">
              <value>
                <![CDATA["(placing sell order first)Verify funds while when order moves in (open--->partially_decrement--->partially_fulfilled(fulfilled)) for same broker"]]>
              </value>
            </param>
            <param index="1">
              <value>
                <![CDATA["ETHINR Regression"]]>
              </value>
            </param>
          </params>
          <reporter-output>
          </reporter-output>
        </test-method> <!-- runScenario -->
        <test-method signature="runScenario(io.cucumber.testng.PickleWrapper,io.cucumber.testng.FeatureWrapper)[pri:0, instance:cucumber.options.TestRunner@6497b078]" started-at="2022-06-10T11:57:32 IST" name="runScenario" data-provider="scenarios" finished-at="2022-06-10T11:57:42 IST" duration-ms="9687" status="PASS">
          <params>
            <param index="0">
              <value>
                <![CDATA["(placing sell order first)Verify funds while when order moves in (open--->partially_fulfilled--->partially_decrement(fulfilled)) for same broker"]]>
              </value>
            </param>
            <param index="1">
              <value>
                <![CDATA["ETHINR Regression"]]>
              </value>
            </param>
          </params>
          <reporter-output>
          </reporter-output>
        </test-method> <!-- runScenario -->
        <test-method signature="runScenario(io.cucumber.testng.PickleWrapper,io.cucumber.testng.FeatureWrapper)[pri:0, instance:cucumber.options.TestRunner@6497b078]" started-at="2022-06-10T11:57:42 IST" name="runScenario" data-provider="scenarios" finished-at="2022-06-10T11:57:52 IST" duration-ms="10333" status="FAIL">
          <params>
            <param index="0">
              <value>
                <![CDATA["(placing sell order first)Verify funds while when order moves in (open--->partially_decrement--->cancel(partially_cancelled)) for same broker"]]>
              </value>
            </param>
            <param index="1">
              <value>
                <![CDATA["ETHINR Regression"]]>
              </value>
            </param>
          </params>
          <exception class="java.lang.AssertionError">
            <message>
              <![CDATA[expected:<9.000082669605245E7> but was:<9.000082169605245E7>]]>
            </message>
            <full-stacktrace>
              <![CDATA[java.lang.AssertionError: expected:<9.000082669605245E7> but was:<9.000082169605245E7>
at org.junit.Assert.fail(Assert.java:89)
at org.junit.Assert.failNotEquals(Assert.java:835)
at org.junit.Assert.assertEquals(Assert.java:555)
at org.junit.Assert.assertEquals(Assert.java:685)
at stepDefinations.SDplaceOrderofBroker1.calculate_fees_for_same_broker(SDplaceOrderofBroker1.java:246)
at ✽.Check fees "0.0" for same broker(file:///C:/Users/Dell/eclipse_csk/CSXautomation2Optimision/src/test/java/features/ETHINR.feature:1067)
]]>
            </full-stacktrace>
          </exception> <!-- java.lang.AssertionError -->
          <reporter-output>
          </reporter-output>
        </test-method> <!-- runScenario -->
        <test-method signature="runScenario(io.cucumber.testng.PickleWrapper,io.cucumber.testng.FeatureWrapper)[pri:0, instance:cucumber.options.TestRunner@6497b078]" started-at="2022-06-10T11:57:52 IST" name="runScenario" data-provider="scenarios" finished-at="2022-06-10T11:57:57 IST" duration-ms="5367" status="FAIL">
          <params>
            <param index="0">
              <value>
                <![CDATA["(placing buy order first)Verify funds while Updating the order and matching it with two counter orders"]]>
              </value>
            </param>
            <param index="1">
              <value>
                <![CDATA["ETHINR Regression"]]>
              </value>
            </param>
          </params>
          <exception class="org.junit.ComparisonFailure">
            <message>
              <![CDATA[expected:<[PARTIALLY_FULFILLED]> but was:<[OPEN]>]]>
            </message>
            <full-stacktrace>
              <![CDATA[org.junit.ComparisonFailure: expected:<[PARTIALLY_FULFILLED]> but was:<[OPEN]>
at org.junit.Assert.assertEquals(Assert.java:117)
at org.junit.Assert.assertEquals(Assert.java:146)
at stepDefinations.SDplaceOrderofBroker1.verify_key_of_response(SDplaceOrderofBroker1.java:138)
at ✽.Verify key "data.status" of response "OPEN"(file:///C:/Users/Dell/eclipse_csk/CSXautomation2Optimision/src/test/java/features/ETHINR.feature:1091)
]]>
            </full-stacktrace>
          </exception> <!-- org.junit.ComparisonFailure -->
          <reporter-output>
          </reporter-output>
        </test-method> <!-- runScenario -->
        <test-method signature="runScenario(io.cucumber.testng.PickleWrapper,io.cucumber.testng.FeatureWrapper)[pri:0, instance:cucumber.options.TestRunner@6497b078]" started-at="2022-06-10T11:57:57 IST" name="runScenario" data-provider="scenarios" finished-at="2022-06-10T11:58:06 IST" duration-ms="9145" status="PASS">
          <params>
            <param index="0">
              <value>
                <![CDATA["(placing buy order first)Verify funds while when order moves in (open--->partially_fulfilled--->fulfilled) for same broker"]]>
              </value>
            </param>
            <param index="1">
              <value>
                <![CDATA["ETHINR Regression"]]>
              </value>
            </param>
          </params>
          <reporter-output>
          </reporter-output>
        </test-method> <!-- runScenario -->
        <test-method signature="runScenario(io.cucumber.testng.PickleWrapper,io.cucumber.testng.FeatureWrapper)[pri:0, instance:cucumber.options.TestRunner@6497b078]" started-at="2022-06-10T11:58:06 IST" name="runScenario" data-provider="scenarios" finished-at="2022-06-10T11:58:15 IST" duration-ms="8377" status="FAIL">
          <params>
            <param index="0">
              <value>
                <![CDATA["(placing buy order first)Verify funds while when order moves in (open--->partially_decrement--->decrement) for same broker"]]>
              </value>
            </param>
            <param index="1">
              <value>
                <![CDATA["ETHINR Regression"]]>
              </value>
            </param>
          </params>
          <exception class="java.lang.AssertionError">
            <message>
              <![CDATA[expected:<9.000082669605245E7> but was:<9.000083369605245E7>]]>
            </message>
            <full-stacktrace>
              <![CDATA[java.lang.AssertionError: expected:<9.000082669605245E7> but was:<9.000083369605245E7>
at org.junit.Assert.fail(Assert.java:89)
at org.junit.Assert.failNotEquals(Assert.java:835)
at org.junit.Assert.assertEquals(Assert.java:555)
at org.junit.Assert.assertEquals(Assert.java:685)
at stepDefinations.SDplaceOrderofBroker1.calculate_fees_for_same_broker(SDplaceOrderofBroker1.java:242)
at ✽.Check fees "0.0" for same broker(file:///C:/Users/Dell/eclipse_csk/CSXautomation2Optimision/src/test/java/features/ETHINR.feature:1182)
]]>
            </full-stacktrace>
          </exception> <!-- java.lang.AssertionError -->
          <reporter-output>
          </reporter-output>
        </test-method> <!-- runScenario -->
        <test-method signature="runScenario(io.cucumber.testng.PickleWrapper,io.cucumber.testng.FeatureWrapper)[pri:0, instance:cucumber.options.TestRunner@6497b078]" started-at="2022-06-10T11:58:15 IST" name="runScenario" data-provider="scenarios" finished-at="2022-06-10T11:58:23 IST" duration-ms="8342" status="PASS">
          <params>
            <param index="0">
              <value>
                <![CDATA["(placing buy order first)Verify funds while when order moves in (open--->partially_decrement--->partially_fulfilled(fulfilled)) for same broker"]]>
              </value>
            </param>
            <param index="1">
              <value>
                <![CDATA["ETHINR Regression"]]>
              </value>
            </param>
          </params>
          <reporter-output>
          </reporter-output>
        </test-method> <!-- runScenario -->
        <test-method signature="runScenario(io.cucumber.testng.PickleWrapper,io.cucumber.testng.FeatureWrapper)[pri:0, instance:cucumber.options.TestRunner@6497b078]" started-at="2022-06-10T11:58:23 IST" name="runScenario" data-provider="scenarios" finished-at="2022-06-10T11:58:32 IST" duration-ms="9020" status="PASS">
          <params>
            <param index="0">
              <value>
                <![CDATA["(placing buy order first)Verify funds while when order moves in (open--->partially_fulfilled--->partially_decrement(fulfilled)) for same broker"]]>
              </value>
            </param>
            <param index="1">
              <value>
                <![CDATA["ETHINR Regression"]]>
              </value>
            </param>
          </params>
          <reporter-output>
          </reporter-output>
        </test-method> <!-- runScenario -->
        <test-method signature="runScenario(io.cucumber.testng.PickleWrapper,io.cucumber.testng.FeatureWrapper)[pri:0, instance:cucumber.options.TestRunner@6497b078]" started-at="2022-06-10T11:58:32 IST" name="runScenario" data-provider="scenarios" finished-at="2022-06-10T11:58:56 IST" duration-ms="23761" status="PASS">
          <params>
            <param index="0">
              <value>
                <![CDATA["(placing buy order first)Verify funds while when order moves in (open--->partially_decrement--->cancel(partially_cancelled)) for same broker"]]>
              </value>
            </param>
            <param index="1">
              <value>
                <![CDATA["ETHINR Regression"]]>
              </value>
            </param>
          </params>
          <reporter-output>
          </reporter-output>
        </test-method> <!-- runScenario -->
        <test-method is-config="true" signature="destroy()[pri:0, instance:cucumber.options.TestRunner@6497b078]" started-at="2022-06-10T11:58:56 IST" name="destroy" finished-at="2022-06-10T11:58:56 IST" duration-ms="525" status="PASS">
          <reporter-output>
          </reporter-output>
        </test-method> <!-- destroy -->
      </class> <!-- cucumber.options.TestRunner -->
    </test> <!-- Command line test -->
  </suite> <!-- cucumber.options.TestRunner -->
</testng-results>
