<?xml version="1.0" encoding="UTF-8" ?>
<testsuite tests="36" failures="17" name="cucumber.options.TestRunner" time="535.243" errors="0" skipped="0">
  <properties>
[...]
</properties>
  <testcase classname="cucumber.options.TestRunner" name="runScenario" time="5.085"/>
  <testcase classname="cucumber.options.TestRunner" name="runScenario" time="3.136"/>
  <testcase classname="cucumber.options.TestRunner" name="runScenario" time="2.172"/>
  <testcase classname="cucumber.options.TestRunner" name="runScenario" time="1.89"/>
  <testcase classname="cucumber.options.TestRunner" name="runScenario" time="0.527"/>
  <testcase classname="cucumber.options.TestRunner" name="runScenario" time="0.399"/>
  <testcase classname="cucumber.options.TestRunner" name="runScenario" time="18.873">
    <failure message="expected:&lt;16.0&gt; but was:&lt;4.0&gt;" type="java.lang.AssertionError">java.lang.AssertionError: expected:&lt;16.0&gt; but was:&lt;4.0&gt;
	at org.junit.Assert.fail(Assert.java:89)
	at org.junit.Assert.failNotEquals(Assert.java:835)
	at org.junit.Assert.assertEquals(Assert.java:555)
	at org.junit.Assert.assertEquals(Assert.java:685)
	at stepDefinations.SDplaceOrderofBroker1.calculate_fees_for_diffrent_broker(SDplaceOrderofBroker1.java:310)
	at ✽.Check fees &quot;4&quot; for diffrent broker(file:///C:/Users/Dell/eclipse_csk/CSXautomation2Optimision/src/test/java/features/ETHINR.feature:116)
</failure>
    <system-out>
@GetBalanceforDifferentBrokerfulfilledcase @Regression @ETH
Scenario: Verify funds for diffrent broker in fulfilled case                                                                                                        &amp;#27;[90m# src/test/java/features/ETHINR.feature:76&amp;#27;[0m
  &amp;#27;[32mGiven &amp;#27;[0m&amp;#27;[32mloading the header for broker &amp;#27;[0m&amp;#27;[32m&amp;#27;[1m&quot;B1&quot;&amp;#27;[0m                                                                                                                          &amp;#27;[90m# stepDefinations.SDplaceOrderofBroker1.loading_the_header_for_broker_something(java.lang.String)&amp;#27;[0m
s1b1inr = 130768599.3536362590011
  &amp;#27;[32mGiven &amp;#27;[0m&amp;#27;[32mtake balance of &amp;#27;[0m&amp;#27;[32m&amp;#27;[1m&quot;INR&quot;&amp;#27;[0m&amp;#27;[32m with api &amp;#27;[0m&amp;#27;[32m&amp;#27;[1m&quot;Getbalance&quot;&amp;#27;[0m&amp;#27;[32m with name &amp;#27;[0m&amp;#27;[32m&amp;#27;[1m&quot;s1b1inr&quot;&amp;#27;[0m                                                                                             &amp;#27;[90m# stepDefinations.SDplaceOrderofBroker1.take_balance_of_with_api_with_name(java.lang.String,java.lang.String,java.lang.String)&amp;#27;[0m
s1b1btc = 90000823.6960524464
  &amp;#27;[32mGiven &amp;#27;[0m&amp;#27;[32mtake balance of &amp;#27;[0m&amp;#27;[32m&amp;#27;[1m&quot;ETH&quot;&amp;#27;[0m&amp;#27;[32m with api &amp;#27;[0m&amp;#27;[32m&amp;#27;[1m&quot;Getbalance&quot;&amp;#27;[0m&amp;#27;[32m with name &amp;#27;[0m&amp;#27;[32m&amp;#27;[1m&quot;s1b1btc&quot;&amp;#27;[0m                                                                                             &amp;#27;[90m# stepDefinations.SDplaceOrderofBroker1.take_balance_of_with_api_with_name(java.lang.String,java.lang.String,java.lang.String)&amp;#27;[0m
  &amp;#27;[32mGiven &amp;#27;[0m&amp;#27;[32mloading the header for broker &amp;#27;[0m&amp;#27;[32m&amp;#27;[1m&quot;B2&quot;&amp;#27;[0m                                                                                                                          &amp;#27;[90m# stepDefinations.SDplaceOrderofBroker1.loading_the_header_for_broker_something(java.lang.String)&amp;#27;[0m
s1b2inr = 3699947.59380877
  &amp;#27;[32mGiven &amp;#27;[0m&amp;#27;[32mtake balance of &amp;#27;[0m&amp;#27;[32m&amp;#27;[1m&quot;INR&quot;&amp;#27;[0m&amp;#27;[32m with api &amp;#27;[0m&amp;#27;[32m&amp;#27;[1m&quot;Getbalance&quot;&amp;#27;[0m&amp;#27;[32m with name &amp;#27;[0m&amp;#27;[32m&amp;#27;[1m&quot;s1b2inr&quot;&amp;#27;[0m                                                                                             &amp;#27;[90m# stepDefinations.SDplaceOrderofBroker1.take_balance_of_with_api_with_name(java.lang.String,java.lang.String,java.lang.String)&amp;#27;[0m
s1b2btc = 100001.7194592636
  &amp;#27;[32mGiven &amp;#27;[0m&amp;#27;[32mtake balance of &amp;#27;[0m&amp;#27;[32m&amp;#27;[1m&quot;ETH&quot;&amp;#27;[0m&amp;#27;[32m with api &amp;#27;[0m&amp;#27;[32m&amp;#27;[1m&quot;Getbalance&quot;&amp;#27;[0m&amp;#27;[32m with name &amp;#27;[0m&amp;#27;[32m&amp;#27;[1m&quot;s1b2btc&quot;&amp;#27;[0m                                                                                             &amp;#27;[90m# stepDefinations.SDplaceOrderofBroker1.take_balance_of_with_api_with_name(java.lang.String,java.lang.String,java.lang.String)&amp;#27;[0m
  &amp;#27;[32mGiven &amp;#27;[0m&amp;#27;[32mPlacing an order for broker &amp;#27;[0m&amp;#27;[32m&amp;#27;[1m&quot;B1&quot;&amp;#27;[0m&amp;#27;[32m of type &amp;#27;[0m&amp;#27;[32m&amp;#27;[1m&quot;limit&quot;&amp;#27;[0m&amp;#27;[32m side &amp;#27;[0m&amp;#27;[32m&amp;#27;[1m&quot;BUY&quot;&amp;#27;[0m&amp;#27;[32m instrument &amp;#27;[0m&amp;#27;[32m&amp;#27;[1m&quot;ETH/INR&quot;&amp;#27;[0m&amp;#27;[32m quantityType &amp;#27;[0m&amp;#27;[32m&amp;#27;[1m&quot;QUOTE&quot;&amp;#27;[0m&amp;#27;[32m quantity &amp;#27;[0m&amp;#27;[32m&amp;#27;[1m&quot;10000&quot;&amp;#27;[0m&amp;#27;[32m limitPrice &amp;#27;[0m&amp;#27;[32m&amp;#27;[1m&quot;10000&quot;&amp;#27;[0m&amp;#27;[32m username &amp;#27;[0m&amp;#27;[32m&amp;#27;[1m&quot;user1&quot;&amp;#27;[0m  &amp;#27;[90m# stepDefinations.SDplaceOrderofBroker1.placing_an_order_of_type_side_instrument_quantity_type_quantity_limit_price_username(java.lang.String,java.lang.String,java.lang.String,java.lang.String,java.lang.String,java.lang.String,java.lang.String,java.lang.String)&amp;#27;[0m
{&quot;data&quot;:{&quot;average_price&quot;:&quot;0&quot;,&quot;brokerId&quot;:&quot;97c02e87-a473-414b-9d27-78764a93d439&quot;,&quot;created_at&quot;:&quot;2022-06-10T06:20:16.987Z&quot;,&quot;filledQuantity&quot;:0,&quot;instrument&quot;:&quot;ETH/INR&quot;,&quot;limit_price&quot;:&quot;10000&quot;,&quot;makerFee&quot;:&quot;-0.04&quot;,&quot;orderId&quot;:&quot;d2fdcc04-1920-4f16-bb89-f7422418d49b&quot;,&quot;orderType&quot;:&quot;&quot;,&quot;quantity&quot;:&quot;1&quot;,&quot;quantityType&quot;:&quot;&quot;,&quot;side&quot;:&quot;BUY&quot;,&quot;status&quot;:&quot;OPEN&quot;,&quot;takerFee&quot;:&quot;0.07&quot;,&quot;updated_at&quot;:&quot;2022-06-10T06:20:16.987Z&quot;},&quot;message&quot;:&quot;Order placed successfully&quot;}

  &amp;#27;[32mWhen &amp;#27;[0m&amp;#27;[32mProviding request PathUrl &amp;#27;[0m&amp;#27;[32m&amp;#27;[1m&quot;PlaceOrder&quot;&amp;#27;[0m&amp;#27;[32m with method &amp;#27;[0m&amp;#27;[32m&amp;#27;[1m&quot;POST&quot;&amp;#27;[0m                                                                                                    &amp;#27;[90m# stepDefinations.SDplaceOrderofBroker1.providing_request_path_url_with_method(java.lang.String,java.lang.String)&amp;#27;[0m
  &amp;#27;[32mThen &amp;#27;[0m&amp;#27;[32mI verify the  &amp;#27;[0m&amp;#27;[32m&amp;#27;[1m&quot;200&quot;&amp;#27;[0m&amp;#27;[32m in step&amp;#27;[0m                                                                                                                                  &amp;#27;[90m# stepDefinations.SDplaceOrderofBroker1.i_verify_the_in_step(java.lang.String)&amp;#27;[0m
  &amp;#27;[32mAnd &amp;#27;[0m&amp;#27;[32mVerify key &amp;#27;[0m&amp;#27;[32m&amp;#27;[1m&quot;message&quot;&amp;#27;[0m&amp;#27;[32m of response &amp;#27;[0m&amp;#27;[32m&amp;#27;[1m&quot;Order placed successfully&quot;&amp;#27;[0m                                                                                                  &amp;#27;[90m# stepDefinations.SDplaceOrderofBroker1.verify_key_of_response(java.lang.String,java.lang.String)&amp;#27;[0m
{&quot;data&quot;:{&quot;average_price&quot;:&quot;0&quot;,&quot;brokerId&quot;:&quot;97c02e87-a473-414b-9d27-78764a93d439&quot;,&quot;created_at&quot;:&quot;2022-06-10T06:20:16.987Z&quot;,&quot;filledQuantity&quot;:0,&quot;instrument&quot;:&quot;ETH/INR&quot;,&quot;limit_price&quot;:&quot;10000&quot;,&quot;makerFee&quot;:&quot;-0.04&quot;,&quot;orderId&quot;:&quot;d2fdcc04-1920-4f16-bb89-f7422418d49b&quot;,&quot;orderType&quot;:&quot;&quot;,&quot;quantity&quot;:&quot;1&quot;,&quot;quantityType&quot;:&quot;&quot;,&quot;side&quot;:&quot;BUY&quot;,&quot;status&quot;:&quot;OPEN&quot;,&quot;takerFee&quot;:&quot;0.07&quot;,&quot;updated_at&quot;:&quot;2022-06-10T06:20:16.987Z&quot;},&quot;message&quot;:&quot;Order fetched successfully&quot;}

  &amp;#27;[32mAnd &amp;#27;[0m&amp;#27;[32mVerify the &amp;#27;[0m&amp;#27;[32m&amp;#27;[1m&quot;data.orderId&quot;&amp;#27;[0m&amp;#27;[32m of response &amp;#27;[0m&amp;#27;[32m&amp;#27;[1m&quot;GetOrder&quot;&amp;#27;[0m                                                                                                              &amp;#27;[90m# stepDefinations.SDplaceOrderofBroker1.verify_the_of_response(java.lang.String,java.lang.String)&amp;#27;[0m
  &amp;#27;[32mAnd &amp;#27;[0m&amp;#27;[32mVerify key &amp;#27;[0m&amp;#27;[32m&amp;#27;[1m&quot;data.status&quot;&amp;#27;[0m&amp;#27;[32m of response &amp;#27;[0m&amp;#27;[32m&amp;#27;[1m&quot;OPEN&quot;&amp;#27;[0m                                                                                                                   &amp;#27;[90m# stepDefinations.SDplaceOrderofBroker1.verify_key_of_response(java.lang.String,java.lang.String)&amp;#27;[0m
  &amp;#27;[32mThen &amp;#27;[0m&amp;#27;[32mgive sleep of &amp;#27;[0m&amp;#27;[32m&amp;#27;[1m&quot;000&quot;&amp;#27;[0m                                                                                                                                          &amp;#27;[90m# stepDefinations.SDplaceOrderofBroker1.give_sleep_of_something(java.lang.String)&amp;#27;[0m
  &amp;#27;[32mGiven &amp;#27;[0m&amp;#27;[32mloading the header for broker &amp;#27;[0m&amp;#27;[32m&amp;#27;[1m&quot;B1&quot;&amp;#27;[0m                                                                                                                          &amp;#27;[90m# stepDefinations.SDplaceOrderofBroker1.loading_the_header_for_broker_something(java.lang.String)&amp;#27;[0m
s2b1inr = 130758592.3536362590011
  &amp;#27;[32mGiven &amp;#27;[0m&amp;#27;[32mtake balance of &amp;#27;[0m&amp;#27;[32m&amp;#27;[1m&quot;INR&quot;&amp;#27;[0m&amp;#27;[32m with api &amp;#27;[0m&amp;#27;[32m&amp;#27;[1m&quot;Getbalance&quot;&amp;#27;[0m&amp;#27;[32m with name &amp;#27;[0m&amp;#27;[32m&amp;#27;[1m&quot;s2b1inr&quot;&amp;#27;[0m                                                                                             &amp;#27;[90m# stepDefinations.SDplaceOrderofBroker1.take_balance_of_with_api_with_name(java.lang.String,java.lang.String,java.lang.String)&amp;#27;[0m
s2b1btc = 90000823.6960524464
  &amp;#27;[32mGiven &amp;#27;[0m&amp;#27;[32mtake balance of &amp;#27;[0m&amp;#27;[32m&amp;#27;[1m&quot;ETH&quot;&amp;#27;[0m&amp;#27;[32m with api &amp;#27;[0m&amp;#27;[32m&amp;#27;[1m&quot;Getbalance&quot;&amp;#27;[0m&amp;#27;[32m with name &amp;#27;[0m&amp;#27;[32m&amp;#27;[1m&quot;s2b1btc&quot;&amp;#27;[0m                                                                                             &amp;#27;[90m# stepDefinations.SDplaceOrderofBroker1.take_balance_of_with_api_with_name(java.lang.String,java.lang.String,java.lang.String)&amp;#27;[0m
  &amp;#27;[32mGiven &amp;#27;[0m&amp;#27;[32mloading the header for broker &amp;#27;[0m&amp;#27;[32m&amp;#27;[1m&quot;B2&quot;&amp;#27;[0m                                                                                                                          &amp;#27;[90m# stepDefinations.SDplaceOrderofBroker1.loading_the_header_for_broker_something(java.lang.String)&amp;#27;[0m
s2b2inr = 3699947.59380877
  &amp;#27;[32mGiven &amp;#27;[0m&amp;#27;[32mtake balance of &amp;#27;[0m&amp;#27;[32m&amp;#27;[1m&quot;INR&quot;&amp;#27;[0m&amp;#27;[32m with api &amp;#27;[0m&amp;#27;[32m&amp;#27;[1m&quot;Getbalance&quot;&amp;#27;[0m&amp;#27;[32m with name &amp;#27;[0m&amp;#27;[32m&amp;#27;[1m&quot;s2b2inr&quot;&amp;#27;[0m                                                                                             &amp;#27;[90m# stepDefinations.SDplaceOrderofBroker1.take_balance_of_with_api_with_name(java.lang.String,java.lang.String,java.lang.String)&amp;#27;[0m
s2b2btc = 100001.7194592636
  &amp;#27;[32mGiven &amp;#27;[0m&amp;#27;[32mtake balance of &amp;#27;[0m&amp;#27;[32m&amp;#27;[1m&quot;ETH&quot;&amp;#27;[0m&amp;#27;[32m with api &amp;#27;[0m&amp;#27;[32m&amp;#27;[1m&quot;Getbalance&quot;&amp;#27;[0m&amp;#27;[32m with name &amp;#27;[0m&amp;#27;[32m&amp;#27;[1m&quot;s2b2btc&quot;&amp;#27;[0m                                                                                             &amp;#27;[90m# stepDefinations.SDplaceOrderofBroker1.take_balance_of_with_api_with_name(java.lang.String,java.lang.String,java.lang.String)&amp;#27;[0m
  &amp;#27;[32mGiven &amp;#27;[0m&amp;#27;[32mPlacing an order for broker &amp;#27;[0m&amp;#27;[32m&amp;#27;[1m&quot;B2&quot;&amp;#27;[0m&amp;#27;[32m of type &amp;#27;[0m&amp;#27;[32m&amp;#27;[1m&quot;limit&quot;&amp;#27;[0m&amp;#27;[32m side &amp;#27;[0m&amp;#27;[32m&amp;#27;[1m&quot;SELL&quot;&amp;#27;[0m&amp;#27;[32m instrument &amp;#27;[0m&amp;#27;[32m&amp;#27;[1m&quot;ETH/INR&quot;&amp;#27;[0m&amp;#27;[32m quantityType &amp;#27;[0m&amp;#27;[32m&amp;#27;[1m&quot;QUOTE&quot;&amp;#27;[0m&amp;#27;[32m quantity &amp;#27;[0m&amp;#27;[32m&amp;#27;[1m&quot;10000&quot;&amp;#27;[0m&amp;#27;[32m limitPrice &amp;#27;[0m&amp;#27;[32m&amp;#27;[1m&quot;10000&quot;&amp;#27;[0m&amp;#27;[32m username &amp;#27;[0m&amp;#27;[32m&amp;#27;[1m&quot;user1&quot;&amp;#27;[0m &amp;#27;[90m# stepDefinations.SDplaceOrderofBroker1.placing_an_order_of_type_side_instrument_quantity_type_quantity_limit_price_username(java.lang.String,java.lang.String,java.lang.String,java.lang.String,java.lang.String,java.lang.String,java.lang.String,java.lang.String)&amp;#27;[0m
{&quot;data&quot;:{&quot;average_price&quot;:&quot;0&quot;,&quot;brokerId&quot;:&quot;3ab607d8-8836-4aeb-a71d-7030e7c4524f&quot;,&quot;created_at&quot;:&quot;2022-06-10T06:20:20.018Z&quot;,&quot;filledQuantity&quot;:0,&quot;instrument&quot;:&quot;ETH/INR&quot;,&quot;limit_price&quot;:&quot;10000&quot;,&quot;makerFee&quot;:&quot;0.1&quot;,&quot;orderId&quot;:&quot;d996714d-6ac2-4d10-a3f5-62066792422f&quot;,&quot;orderType&quot;:&quot;&quot;,&quot;quantity&quot;:&quot;1&quot;,&quot;quantityType&quot;:&quot;&quot;,&quot;side&quot;:&quot;SELL&quot;,&quot;status&quot;:&quot;OPEN&quot;,&quot;takerFee&quot;:&quot;0.2&quot;,&quot;updated_at&quot;:&quot;2022-06-10T06:20:20.018Z&quot;},&quot;message&quot;:&quot;Order placed successfully&quot;}

  &amp;#27;[32mWhen &amp;#27;[0m&amp;#27;[32mProviding request PathUrl &amp;#27;[0m&amp;#27;[32m&amp;#27;[1m&quot;PlaceOrder&quot;&amp;#27;[0m&amp;#27;[32m with method &amp;#27;[0m&amp;#27;[32m&amp;#27;[1m&quot;POST&quot;&amp;#27;[0m                                                                                                    &amp;#27;[90m# stepDefinations.SDplaceOrderofBroker1.providing_request_path_url_with_method(java.lang.String,java.lang.String)&amp;#27;[0m
  &amp;#27;[32mThen &amp;#27;[0m&amp;#27;[32mI verify the  &amp;#27;[0m&amp;#27;[32m&amp;#27;[1m&quot;200&quot;&amp;#27;[0m&amp;#27;[32m in step&amp;#27;[0m                                                                                                                                  &amp;#27;[90m# stepDefinations.SDplaceOrderofBroker1.i_verify_the_in_step(java.lang.String)&amp;#27;[0m
  &amp;#27;[32mAnd &amp;#27;[0m&amp;#27;[32mVerify key &amp;#27;[0m&amp;#27;[32m&amp;#27;[1m&quot;message&quot;&amp;#27;[0m&amp;#27;[32m of response &amp;#27;[0m&amp;#27;[32m&amp;#27;[1m&quot;Order placed successfully&quot;&amp;#27;[0m                                                                                                  &amp;#27;[90m# stepDefinations.SDplaceOrderofBroker1.verify_key_of_response(java.lang.String,java.lang.String)&amp;#27;[0m
{&quot;data&quot;:{&quot;average_price&quot;:&quot;0&quot;,&quot;brokerId&quot;:&quot;3ab607d8-8836-4aeb-a71d-7030e7c4524f&quot;,&quot;created_at&quot;:&quot;2022-06-10T06:20:20.018Z&quot;,&quot;filledQuantity&quot;:0,&quot;instrument&quot;:&quot;ETH/INR&quot;,&quot;limit_price&quot;:&quot;10000&quot;,&quot;makerFee&quot;:&quot;0.1&quot;,&quot;orderId&quot;:&quot;d996714d-6ac2-4d10-a3f5-62066792422f&quot;,&quot;orderType&quot;:&quot;&quot;,&quot;quantity&quot;:&quot;1&quot;,&quot;quantityType&quot;:&quot;&quot;,&quot;side&quot;:&quot;SELL&quot;,&quot;status&quot;:&quot;OPEN&quot;,&quot;takerFee&quot;:&quot;0.2&quot;,&quot;updated_at&quot;:&quot;2022-06-10T06:20:20.018Z&quot;},&quot;message&quot;:&quot;Order fetched successfully&quot;}

  &amp;#27;[32mAnd &amp;#27;[0m&amp;#27;[32mVerify the &amp;#27;[0m&amp;#27;[32m&amp;#27;[1m&quot;data.orderId&quot;&amp;#27;[0m&amp;#27;[32m of response &amp;#27;[0m&amp;#27;[32m&amp;#27;[1m&quot;GetOrder&quot;&amp;#27;[0m                                                                                                              &amp;#27;[90m# stepDefinations.SDplaceOrderofBroker1.verify_the_of_response(java.lang.String,java.lang.String)&amp;#27;[0m
  &amp;#27;[32mThen &amp;#27;[0m&amp;#27;[32mgive sleep of &amp;#27;[0m&amp;#27;[32m&amp;#27;[1m&quot;4000&quot;&amp;#27;[0m                                                                                                                                         &amp;#27;[90m# stepDefinations.SDplaceOrderofBroker1.give_sleep_of_something(java.lang.String)&amp;#27;[0m
  &amp;#27;[32mGiven &amp;#27;[0m&amp;#27;[32mloading the header for broker &amp;#27;[0m&amp;#27;[32m&amp;#27;[1m&quot;B1&quot;&amp;#27;[0m                                                                                                                          &amp;#27;[90m# stepDefinations.SDplaceOrderofBroker1.loading_the_header_for_broker_something(java.lang.String)&amp;#27;[0m
{&quot;data&quot;:&quot;18 open orders will be Cancelled&quot;,&quot;message&quot;:&quot;Orders cancellation in progress&quot;}

  &amp;#27;[32mWhen &amp;#27;[0m&amp;#27;[32mProviding request PathUrl &amp;#27;[0m&amp;#27;[32m&amp;#27;[1m&quot;CancelAllOrders&quot;&amp;#27;[0m&amp;#27;[32m with method &amp;#27;[0m&amp;#27;[32m&amp;#27;[1m&quot;DELETE&quot;&amp;#27;[0m                                                                                             &amp;#27;[90m# stepDefinations.SDplaceOrderofBroker1.providing_request_path_url_with_method(java.lang.String,java.lang.String)&amp;#27;[0m
  &amp;#27;[32mGiven &amp;#27;[0m&amp;#27;[32mloading the header for broker &amp;#27;[0m&amp;#27;[32m&amp;#27;[1m&quot;B2&quot;&amp;#27;[0m                                                                                                                          &amp;#27;[90m# stepDefinations.SDplaceOrderofBroker1.loading_the_header_for_broker_something(java.lang.String)&amp;#27;[0m
{&quot;message&quot;:&quot;No Open Orders to Cancel&quot;}

  &amp;#27;[32mWhen &amp;#27;[0m&amp;#27;[32mProviding request PathUrl &amp;#27;[0m&amp;#27;[32m&amp;#27;[1m&quot;CancelAllOrders&quot;&amp;#27;[0m&amp;#27;[32m with method &amp;#27;[0m&amp;#27;[32m&amp;#27;[1m&quot;DELETE&quot;&amp;#27;[0m                                                                                             &amp;#27;[90m# stepDefinations.SDplaceOrderofBroker1.providing_request_path_url_with_method(java.lang.String,java.lang.String)&amp;#27;[0m
  &amp;#27;[32mThen &amp;#27;[0m&amp;#27;[32mgive sleep of &amp;#27;[0m&amp;#27;[32m&amp;#27;[1m&quot;4000&quot;&amp;#27;[0m                                                                                                                                         &amp;#27;[90m# stepDefinations.SDplaceOrderofBroker1.give_sleep_of_something(java.lang.String)&amp;#27;[0m
  &amp;#27;[32mGiven &amp;#27;[0m&amp;#27;[32mloading the header for broker &amp;#27;[0m&amp;#27;[32m&amp;#27;[1m&quot;B1&quot;&amp;#27;[0m                                                                                                                          &amp;#27;[90m# stepDefinations.SDplaceOrderofBroker1.loading_the_header_for_broker_something(java.lang.String)&amp;#27;[0m
s3b1inr = 130758603.3536362590011
  &amp;#27;[32mGiven &amp;#27;[0m&amp;#27;[32mtake balance of &amp;#27;[0m&amp;#27;[32m&amp;#27;[1m&quot;INR&quot;&amp;#27;[0m&amp;#27;[32m with api &amp;#27;[0m&amp;#27;[32m&amp;#27;[1m&quot;Getbalance&quot;&amp;#27;[0m&amp;#27;[32m with name &amp;#27;[0m&amp;#27;[32m&amp;#27;[1m&quot;s3b1inr&quot;&amp;#27;[0m                                                                                             &amp;#27;[90m# stepDefinations.SDplaceOrderofBroker1.take_balance_of_with_api_with_name(java.lang.String,java.lang.String,java.lang.String)&amp;#27;[0m
s3b1btc = 90000824.6960524464
  &amp;#27;[32mGiven &amp;#27;[0m&amp;#27;[32mtake balance of &amp;#27;[0m&amp;#27;[32m&amp;#27;[1m&quot;ETH&quot;&amp;#27;[0m&amp;#27;[32m with api &amp;#27;[0m&amp;#27;[32m&amp;#27;[1m&quot;Getbalance&quot;&amp;#27;[0m&amp;#27;[32m with name &amp;#27;[0m&amp;#27;[32m&amp;#27;[1m&quot;s3b1btc&quot;&amp;#27;[0m                                                                                             &amp;#27;[90m# stepDefinations.SDplaceOrderofBroker1.take_balance_of_with_api_with_name(java.lang.String,java.lang.String,java.lang.String)&amp;#27;[0m
  &amp;#27;[32mGiven &amp;#27;[0m&amp;#27;[32mloading the header for broker &amp;#27;[0m&amp;#27;[32m&amp;#27;[1m&quot;B2&quot;&amp;#27;[0m                                                                                                                          &amp;#27;[90m# stepDefinations.SDplaceOrderofBroker1.loading_the_header_for_broker_something(java.lang.String)&amp;#27;[0m
s3b2inr = 3709927.59380877
  &amp;#27;[32mGiven &amp;#27;[0m&amp;#27;[32mtake balance of &amp;#27;[0m&amp;#27;[32m&amp;#27;[1m&quot;INR&quot;&amp;#27;[0m&amp;#27;[32m with api &amp;#27;[0m&amp;#27;[32m&amp;#27;[1m&quot;Getbalance&quot;&amp;#27;[0m&amp;#27;[32m with name &amp;#27;[0m&amp;#27;[32m&amp;#27;[1m&quot;s3b2inr&quot;&amp;#27;[0m                                                                                             &amp;#27;[90m# stepDefinations.SDplaceOrderofBroker1.take_balance_of_with_api_with_name(java.lang.String,java.lang.String,java.lang.String)&amp;#27;[0m
s3b2btc = 100000.7194592636
  &amp;#27;[32mGiven &amp;#27;[0m&amp;#27;[32mtake balance of &amp;#27;[0m&amp;#27;[32m&amp;#27;[1m&quot;ETH&quot;&amp;#27;[0m&amp;#27;[32m with api &amp;#27;[0m&amp;#27;[32m&amp;#27;[1m&quot;Getbalance&quot;&amp;#27;[0m&amp;#27;[32m with name &amp;#27;[0m&amp;#27;[32m&amp;#27;[1m&quot;s3b2btc&quot;&amp;#27;[0m                                                                                             &amp;#27;[90m# stepDefinations.SDplaceOrderofBroker1.take_balance_of_with_api_with_name(java.lang.String,java.lang.String,java.lang.String)&amp;#27;[0m
-------------------------------------------------------------------------------------
Deduction_of_INR_from_broker1 = 9996.0
-------------------------------------------------------------------------------------
Addition_of_INR_in_broker2 = 9980.0
-------------------------------------------------------------------------------------
Addition_of_BTC_to_broker1 = 1.0
-------------------------------------------------------------------------------------
Deduction_of_BTC_to_broker2 = 1.0
-------------------------------------------------------------------------------------
Fee_for_diffrent_broker = 16.0
-------------------------------------------------------------------------------------
And Fail because diffrence in Fee is= -12.0
  &amp;#27;[31mThen &amp;#27;[0m&amp;#27;[31mCheck fees &amp;#27;[0m&amp;#27;[31m&amp;#27;[1m&quot;4&quot;&amp;#27;[0m&amp;#27;[31m for diffrent broker&amp;#27;[0m                                                                                                                           &amp;#27;[90m# stepDefinations.SDplaceOrderofBroker1.calculate_fees_for_diffrent_broker(java.lang.String)&amp;#27;[0m
      &amp;#27;[31mjava.lang.AssertionError: expected:&lt;16.0&gt; but was:&lt;4.0&gt;
	at org.junit.Assert.fail(Assert.java:89)
	at org.junit.Assert.failNotEquals(Assert.java:835)
	at org.junit.Assert.assertEquals(Assert.java:555)
	at org.junit.Assert.assertEquals(Assert.java:685)
	at stepDefinations.SDplaceOrderofBroker1.calculate_fees_for_diffrent_broker(SDplaceOrderofBroker1.java:310)
	at âœ½.Check fees &quot;4&quot; for diffrent broker(file:///C:/Users/Dell/eclipse_csk/CSXautomation2Optimision/src/test/java/features/ETHINR.feature:116)
&amp;#27;[0m
</system-out>
  </testcase>
  <testcase classname="cucumber.options.TestRunner" name="runScenario" time="19.238">
    <failure message="expected:&lt;5011.5&gt; but was:&lt;2.0&gt;" type="java.lang.AssertionError">java.lang.AssertionError: expected:&lt;5011.5&gt; but was:&lt;2.0&gt;
	at org.junit.Assert.fail(Assert.java:89)
	at org.junit.Assert.failNotEquals(Assert.java:835)
	at org.junit.Assert.assertEquals(Assert.java:555)
	at org.junit.Assert.assertEquals(Assert.java:685)
	at stepDefinations.SDplaceOrderofBroker1.calculate_fees_for_diffrent_broker(SDplaceOrderofBroker1.java:310)
	at ✽.Check fees &quot;2&quot; for diffrent broker(file:///C:/Users/Dell/eclipse_csk/CSXautomation2Optimision/src/test/java/features/ETHINR.feature:159)
</failure>
    <system-out>
@ETH
Scenario: Verify funds for diffrent broker in partially fulfilled case                                                                                             &amp;#27;[90m# src/test/java/features/ETHINR.feature:119&amp;#27;[0m
  &amp;#27;[32mGiven &amp;#27;[0m&amp;#27;[32mloading the header for broker &amp;#27;[0m&amp;#27;[32m&amp;#27;[1m&quot;B1&quot;&amp;#27;[0m                                                                                                                         &amp;#27;[90m# stepDefinations.SDplaceOrderofBroker1.loading_the_header_for_broker_something(java.lang.String)&amp;#27;[0m
s1b1inr = 130758603.3536362590011
  &amp;#27;[32mGiven &amp;#27;[0m&amp;#27;[32mtake balance of &amp;#27;[0m&amp;#27;[32m&amp;#27;[1m&quot;INR&quot;&amp;#27;[0m&amp;#27;[32m with api &amp;#27;[0m&amp;#27;[32m&amp;#27;[1m&quot;Getbalance&quot;&amp;#27;[0m&amp;#27;[32m with name &amp;#27;[0m&amp;#27;[32m&amp;#27;[1m&quot;s1b1inr&quot;&amp;#27;[0m                                                                                            &amp;#27;[90m# stepDefinations.SDplaceOrderofBroker1.take_balance_of_with_api_with_name(java.lang.String,java.lang.String,java.lang.String)&amp;#27;[0m
s1b1btc = 90000824.6960524464
  &amp;#27;[32mGiven &amp;#27;[0m&amp;#27;[32mtake balance of &amp;#27;[0m&amp;#27;[32m&amp;#27;[1m&quot;ETH&quot;&amp;#27;[0m&amp;#27;[32m with api &amp;#27;[0m&amp;#27;[32m&amp;#27;[1m&quot;Getbalance&quot;&amp;#27;[0m&amp;#27;[32m with name &amp;#27;[0m&amp;#27;[32m&amp;#27;[1m&quot;s1b1btc&quot;&amp;#27;[0m                                                                                            &amp;#27;[90m# stepDefinations.SDplaceOrderofBroker1.take_balance_of_with_api_with_name(java.lang.String,java.lang.String,java.lang.String)&amp;#27;[0m
  &amp;#27;[32mGiven &amp;#27;[0m&amp;#27;[32mloading the header for broker &amp;#27;[0m&amp;#27;[32m&amp;#27;[1m&quot;B2&quot;&amp;#27;[0m                                                                                                                         &amp;#27;[90m# stepDefinations.SDplaceOrderofBroker1.loading_the_header_for_broker_something(java.lang.String)&amp;#27;[0m
s1b2inr = 3709927.59380877
  &amp;#27;[32mGiven &amp;#27;[0m&amp;#27;[32mtake balance of &amp;#27;[0m&amp;#27;[32m&amp;#27;[1m&quot;INR&quot;&amp;#27;[0m&amp;#27;[32m with api &amp;#27;[0m&amp;#27;[32m&amp;#27;[1m&quot;Getbalance&quot;&amp;#27;[0m&amp;#27;[32m with name &amp;#27;[0m&amp;#27;[32m&amp;#27;[1m&quot;s1b2inr&quot;&amp;#27;[0m                                                                                            &amp;#27;[90m# stepDefinations.SDplaceOrderofBroker1.take_balance_of_with_api_with_name(java.lang.String,java.lang.String,java.lang.String)&amp;#27;[0m
s1b2btc = 100000.7194592636
  &amp;#27;[32mGiven &amp;#27;[0m&amp;#27;[32mtake balance of &amp;#27;[0m&amp;#27;[32m&amp;#27;[1m&quot;ETH&quot;&amp;#27;[0m&amp;#27;[32m with api &amp;#27;[0m&amp;#27;[32m&amp;#27;[1m&quot;Getbalance&quot;&amp;#27;[0m&amp;#27;[32m with name &amp;#27;[0m&amp;#27;[32m&amp;#27;[1m&quot;s1b2btc&quot;&amp;#27;[0m                                                                                            &amp;#27;[90m# stepDefinations.SDplaceOrderofBroker1.take_balance_of_with_api_with_name(java.lang.String,java.lang.String,java.lang.String)&amp;#27;[0m
  &amp;#27;[32mGiven &amp;#27;[0m&amp;#27;[32mPlacing an order for broker &amp;#27;[0m&amp;#27;[32m&amp;#27;[1m&quot;B1&quot;&amp;#27;[0m&amp;#27;[32m of type &amp;#27;[0m&amp;#27;[32m&amp;#27;[1m&quot;limit&quot;&amp;#27;[0m&amp;#27;[32m side &amp;#27;[0m&amp;#27;[32m&amp;#27;[1m&quot;BUY&quot;&amp;#27;[0m&amp;#27;[32m instrument &amp;#27;[0m&amp;#27;[32m&amp;#27;[1m&quot;ETH/INR&quot;&amp;#27;[0m&amp;#27;[32m quantityType &amp;#27;[0m&amp;#27;[32m&amp;#27;[1m&quot;QUOTE&quot;&amp;#27;[0m&amp;#27;[32m quantity &amp;#27;[0m&amp;#27;[32m&amp;#27;[1m&quot;10000&quot;&amp;#27;[0m&amp;#27;[32m limitPrice &amp;#27;[0m&amp;#27;[32m&amp;#27;[1m&quot;10000&quot;&amp;#27;[0m&amp;#27;[32m username &amp;#27;[0m&amp;#27;[32m&amp;#27;[1m&quot;user1&quot;&amp;#27;[0m &amp;#27;[90m# stepDefinations.SDplaceOrderofBroker1.placing_an_order_of_type_side_instrument_quantity_type_quantity_limit_price_username(java.lang.String,java.lang.String,java.lang.String,java.lang.String,java.lang.String,java.lang.String,java.lang.String,java.lang.String)&amp;#27;[0m
{&quot;data&quot;:{&quot;average_price&quot;:&quot;0&quot;,&quot;brokerId&quot;:&quot;97c02e87-a473-414b-9d27-78764a93d439&quot;,&quot;created_at&quot;:&quot;2022-06-10T06:20:36.287Z&quot;,&quot;filledQuantity&quot;:0,&quot;instrument&quot;:&quot;ETH/INR&quot;,&quot;limit_price&quot;:&quot;10000&quot;,&quot;makerFee&quot;:&quot;-0.04&quot;,&quot;orderId&quot;:&quot;984afcde-eb14-46f1-9d27-f5ce1318f747&quot;,&quot;orderType&quot;:&quot;&quot;,&quot;quantity&quot;:&quot;1&quot;,&quot;quantityType&quot;:&quot;&quot;,&quot;side&quot;:&quot;BUY&quot;,&quot;status&quot;:&quot;OPEN&quot;,&quot;takerFee&quot;:&quot;0.07&quot;,&quot;updated_at&quot;:&quot;2022-06-10T06:20:36.287Z&quot;},&quot;message&quot;:&quot;Order placed successfully&quot;}

  &amp;#27;[32mWhen &amp;#27;[0m&amp;#27;[32mProviding request PathUrl &amp;#27;[0m&amp;#27;[32m&amp;#27;[1m&quot;PlaceOrder&quot;&amp;#27;[0m&amp;#27;[32m with method &amp;#27;[0m&amp;#27;[32m&amp;#27;[1m&quot;POST&quot;&amp;#27;[0m                                                                                                   &amp;#27;[90m# stepDefinations.SDplaceOrderofBroker1.providing_request_path_url_with_method(java.lang.String,java.lang.String)&amp;#27;[0m
  &amp;#27;[32mThen &amp;#27;[0m&amp;#27;[32mI verify the  &amp;#27;[0m&amp;#27;[32m&amp;#27;[1m&quot;200&quot;&amp;#27;[0m&amp;#27;[32m in step&amp;#27;[0m                                                                                                                                 &amp;#27;[90m# stepDefinations.SDplaceOrderofBroker1.i_verify_the_in_step(java.lang.String)&amp;#27;[0m
  &amp;#27;[32mAnd &amp;#27;[0m&amp;#27;[32mVerify key &amp;#27;[0m&amp;#27;[32m&amp;#27;[1m&quot;message&quot;&amp;#27;[0m&amp;#27;[32m of response &amp;#27;[0m&amp;#27;[32m&amp;#27;[1m&quot;Order placed successfully&quot;&amp;#27;[0m                                                                                                 &amp;#27;[90m# stepDefinations.SDplaceOrderofBroker1.verify_key_of_response(java.lang.String,java.lang.String)&amp;#27;[0m
{&quot;data&quot;:{&quot;average_price&quot;:&quot;0&quot;,&quot;brokerId&quot;:&quot;97c02e87-a473-414b-9d27-78764a93d439&quot;,&quot;created_at&quot;:&quot;2022-06-10T06:20:36.287Z&quot;,&quot;filledQuantity&quot;:0,&quot;instrument&quot;:&quot;ETH/INR&quot;,&quot;limit_price&quot;:&quot;10000&quot;,&quot;makerFee&quot;:&quot;-0.04&quot;,&quot;orderId&quot;:&quot;984afcde-eb14-46f1-9d27-f5ce1318f747&quot;,&quot;orderType&quot;:&quot;&quot;,&quot;quantity&quot;:&quot;1&quot;,&quot;quantityType&quot;:&quot;&quot;,&quot;side&quot;:&quot;BUY&quot;,&quot;status&quot;:&quot;OPEN&quot;,&quot;takerFee&quot;:&quot;0.07&quot;,&quot;updated_at&quot;:&quot;2022-06-10T06:20:36.287Z&quot;},&quot;message&quot;:&quot;Order fetched successfully&quot;}

  &amp;#27;[32mAnd &amp;#27;[0m&amp;#27;[32mVerify the &amp;#27;[0m&amp;#27;[32m&amp;#27;[1m&quot;data.orderId&quot;&amp;#27;[0m&amp;#27;[32m of response &amp;#27;[0m&amp;#27;[32m&amp;#27;[1m&quot;GetOrder&quot;&amp;#27;[0m                                                                                                             &amp;#27;[90m# stepDefinations.SDplaceOrderofBroker1.verify_the_of_response(java.lang.String,java.lang.String)&amp;#27;[0m
  &amp;#27;[32mAnd &amp;#27;[0m&amp;#27;[32mVerify key &amp;#27;[0m&amp;#27;[32m&amp;#27;[1m&quot;data.status&quot;&amp;#27;[0m&amp;#27;[32m of response &amp;#27;[0m&amp;#27;[32m&amp;#27;[1m&quot;OPEN&quot;&amp;#27;[0m                                                                                                                  &amp;#27;[90m# stepDefinations.SDplaceOrderofBroker1.verify_key_of_response(java.lang.String,java.lang.String)&amp;#27;[0m
  &amp;#27;[32mThen &amp;#27;[0m&amp;#27;[32mgive sleep of &amp;#27;[0m&amp;#27;[32m&amp;#27;[1m&quot;000&quot;&amp;#27;[0m                                                                                                                                         &amp;#27;[90m# stepDefinations.SDplaceOrderofBroker1.give_sleep_of_something(java.lang.String)&amp;#27;[0m
  &amp;#27;[32mGiven &amp;#27;[0m&amp;#27;[32mloading the header for broker &amp;#27;[0m&amp;#27;[32m&amp;#27;[1m&quot;B1&quot;&amp;#27;[0m                                                                                                                         &amp;#27;[90m# stepDefinations.SDplaceOrderofBroker1.loading_the_header_for_broker_something(java.lang.String)&amp;#27;[0m
s2b1inr = 130748596.3536362590011
  &amp;#27;[32mGiven &amp;#27;[0m&amp;#27;[32mtake balance of &amp;#27;[0m&amp;#27;[32m&amp;#27;[1m&quot;INR&quot;&amp;#27;[0m&amp;#27;[32m with api &amp;#27;[0m&amp;#27;[32m&amp;#27;[1m&quot;Getbalance&quot;&amp;#27;[0m&amp;#27;[32m with name &amp;#27;[0m&amp;#27;[32m&amp;#27;[1m&quot;s2b1inr&quot;&amp;#27;[0m                                                                                            &amp;#27;[90m# stepDefinations.SDplaceOrderofBroker1.take_balance_of_with_api_with_name(java.lang.String,java.lang.String,java.lang.String)&amp;#27;[0m
s2b1btc = 90000824.6960524464
  &amp;#27;[32mGiven &amp;#27;[0m&amp;#27;[32mtake balance of &amp;#27;[0m&amp;#27;[32m&amp;#27;[1m&quot;ETH&quot;&amp;#27;[0m&amp;#27;[32m with api &amp;#27;[0m&amp;#27;[32m&amp;#27;[1m&quot;Getbalance&quot;&amp;#27;[0m&amp;#27;[32m with name &amp;#27;[0m&amp;#27;[32m&amp;#27;[1m&quot;s2b1btc&quot;&amp;#27;[0m                                                                                            &amp;#27;[90m# stepDefinations.SDplaceOrderofBroker1.take_balance_of_with_api_with_name(java.lang.String,java.lang.String,java.lang.String)&amp;#27;[0m
  &amp;#27;[32mGiven &amp;#27;[0m&amp;#27;[32mloading the header for broker &amp;#27;[0m&amp;#27;[32m&amp;#27;[1m&quot;B2&quot;&amp;#27;[0m                                                                                                                         &amp;#27;[90m# stepDefinations.SDplaceOrderofBroker1.loading_the_header_for_broker_something(java.lang.String)&amp;#27;[0m
s2b2inr = 3709927.59380877
  &amp;#27;[32mGiven &amp;#27;[0m&amp;#27;[32mtake balance of &amp;#27;[0m&amp;#27;[32m&amp;#27;[1m&quot;INR&quot;&amp;#27;[0m&amp;#27;[32m with api &amp;#27;[0m&amp;#27;[32m&amp;#27;[1m&quot;Getbalance&quot;&amp;#27;[0m&amp;#27;[32m with name &amp;#27;[0m&amp;#27;[32m&amp;#27;[1m&quot;s2b2inr&quot;&amp;#27;[0m                                                                                            &amp;#27;[90m# stepDefinations.SDplaceOrderofBroker1.take_balance_of_with_api_with_name(java.lang.String,java.lang.String,java.lang.String)&amp;#27;[0m
s2b2btc = 100000.7194592636
  &amp;#27;[32mGiven &amp;#27;[0m&amp;#27;[32mtake balance of &amp;#27;[0m&amp;#27;[32m&amp;#27;[1m&quot;ETH&quot;&amp;#27;[0m&amp;#27;[32m with api &amp;#27;[0m&amp;#27;[32m&amp;#27;[1m&quot;Getbalance&quot;&amp;#27;[0m&amp;#27;[32m with name &amp;#27;[0m&amp;#27;[32m&amp;#27;[1m&quot;s2b2btc&quot;&amp;#27;[0m                                                                                            &amp;#27;[90m# stepDefinations.SDplaceOrderofBroker1.take_balance_of_with_api_with_name(java.lang.String,java.lang.String,java.lang.String)&amp;#27;[0m
  &amp;#27;[32mGiven &amp;#27;[0m&amp;#27;[32mPlacing an order for broker &amp;#27;[0m&amp;#27;[32m&amp;#27;[1m&quot;B2&quot;&amp;#27;[0m&amp;#27;[32m of type &amp;#27;[0m&amp;#27;[32m&amp;#27;[1m&quot;limit&quot;&amp;#27;[0m&amp;#27;[32m side &amp;#27;[0m&amp;#27;[32m&amp;#27;[1m&quot;SELL&quot;&amp;#27;[0m&amp;#27;[32m instrument &amp;#27;[0m&amp;#27;[32m&amp;#27;[1m&quot;ETH/INR&quot;&amp;#27;[0m&amp;#27;[32m quantityType &amp;#27;[0m&amp;#27;[32m&amp;#27;[1m&quot;QUOTE&quot;&amp;#27;[0m&amp;#27;[32m quantity &amp;#27;[0m&amp;#27;[32m&amp;#27;[1m&quot;5000&quot;&amp;#27;[0m&amp;#27;[32m limitPrice &amp;#27;[0m&amp;#27;[32m&amp;#27;[1m&quot;10000&quot;&amp;#27;[0m&amp;#27;[32m username &amp;#27;[0m&amp;#27;[32m&amp;#27;[1m&quot;user1&quot;&amp;#27;[0m &amp;#27;[90m# stepDefinations.SDplaceOrderofBroker1.placing_an_order_of_type_side_instrument_quantity_type_quantity_limit_price_username(java.lang.String,java.lang.String,java.lang.String,java.lang.String,java.lang.String,java.lang.String,java.lang.String,java.lang.String)&amp;#27;[0m
{&quot;data&quot;:{&quot;average_price&quot;:&quot;0&quot;,&quot;brokerId&quot;:&quot;3ab607d8-8836-4aeb-a71d-7030e7c4524f&quot;,&quot;created_at&quot;:&quot;2022-06-10T06:20:39.535Z&quot;,&quot;filledQuantity&quot;:0,&quot;instrument&quot;:&quot;ETH/INR&quot;,&quot;limit_price&quot;:&quot;10000&quot;,&quot;makerFee&quot;:&quot;0.1&quot;,&quot;orderId&quot;:&quot;297044a8-89e8-4cea-855e-cefab5bec330&quot;,&quot;orderType&quot;:&quot;&quot;,&quot;quantity&quot;:&quot;0.5&quot;,&quot;quantityType&quot;:&quot;&quot;,&quot;side&quot;:&quot;SELL&quot;,&quot;status&quot;:&quot;OPEN&quot;,&quot;takerFee&quot;:&quot;0.2&quot;,&quot;updated_at&quot;:&quot;2022-06-10T06:20:39.535Z&quot;},&quot;message&quot;:&quot;Order placed successfully&quot;}

  &amp;#27;[32mWhen &amp;#27;[0m&amp;#27;[32mProviding request PathUrl &amp;#27;[0m&amp;#27;[32m&amp;#27;[1m&quot;PlaceOrder&quot;&amp;#27;[0m&amp;#27;[32m with method &amp;#27;[0m&amp;#27;[32m&amp;#27;[1m&quot;POST&quot;&amp;#27;[0m                                                                                                   &amp;#27;[90m# stepDefinations.SDplaceOrderofBroker1.providing_request_path_url_with_method(java.lang.String,java.lang.String)&amp;#27;[0m
  &amp;#27;[32mThen &amp;#27;[0m&amp;#27;[32mI verify the  &amp;#27;[0m&amp;#27;[32m&amp;#27;[1m&quot;200&quot;&amp;#27;[0m&amp;#27;[32m in step&amp;#27;[0m                                                                                                                                 &amp;#27;[90m# stepDefinations.SDplaceOrderofBroker1.i_verify_the_in_step(java.lang.String)&amp;#27;[0m
  &amp;#27;[32mAnd &amp;#27;[0m&amp;#27;[32mVerify key &amp;#27;[0m&amp;#27;[32m&amp;#27;[1m&quot;message&quot;&amp;#27;[0m&amp;#27;[32m of response &amp;#27;[0m&amp;#27;[32m&amp;#27;[1m&quot;Order placed successfully&quot;&amp;#27;[0m                                                                                                 &amp;#27;[90m# stepDefinations.SDplaceOrderofBroker1.verify_key_of_response(java.lang.String,java.lang.String)&amp;#27;[0m
{&quot;data&quot;:{&quot;average_price&quot;:&quot;10000&quot;,&quot;brokerId&quot;:&quot;3ab607d8-8836-4aeb-a71d-7030e7c4524f&quot;,&quot;created_at&quot;:&quot;2022-06-10T06:20:39.535Z&quot;,&quot;filledQuantity&quot;:0.5,&quot;instrument&quot;:&quot;ETH/INR&quot;,&quot;limit_price&quot;:&quot;10000&quot;,&quot;makerFee&quot;:&quot;0.1&quot;,&quot;orderId&quot;:&quot;297044a8-89e8-4cea-855e-cefab5bec330&quot;,&quot;orderType&quot;:&quot;&quot;,&quot;quantity&quot;:&quot;0.5&quot;,&quot;quantityType&quot;:&quot;&quot;,&quot;side&quot;:&quot;SELL&quot;,&quot;status&quot;:&quot;FULFILLED&quot;,&quot;takerFee&quot;:&quot;0.2&quot;,&quot;updated_at&quot;:&quot;2022-06-10T06:20:39.872Z&quot;},&quot;message&quot;:&quot;Order fetched successfully&quot;}

  &amp;#27;[32mAnd &amp;#27;[0m&amp;#27;[32mVerify the &amp;#27;[0m&amp;#27;[32m&amp;#27;[1m&quot;data.orderId&quot;&amp;#27;[0m&amp;#27;[32m of response &amp;#27;[0m&amp;#27;[32m&amp;#27;[1m&quot;GetOrder&quot;&amp;#27;[0m                                                                                                             &amp;#27;[90m# stepDefinations.SDplaceOrderofBroker1.verify_the_of_response(java.lang.String,java.lang.String)&amp;#27;[0m
  &amp;#27;[32mThen &amp;#27;[0m&amp;#27;[32mgive sleep of &amp;#27;[0m&amp;#27;[32m&amp;#27;[1m&quot;4000&quot;&amp;#27;[0m                                                                                                                                        &amp;#27;[90m# stepDefinations.SDplaceOrderofBroker1.give_sleep_of_something(java.lang.String)&amp;#27;[0m
  &amp;#27;[32mGiven &amp;#27;[0m&amp;#27;[32mloading the header for broker &amp;#27;[0m&amp;#27;[32m&amp;#27;[1m&quot;B1&quot;&amp;#27;[0m                                                                                                                         &amp;#27;[90m# stepDefinations.SDplaceOrderofBroker1.loading_the_header_for_broker_something(java.lang.String)&amp;#27;[0m
{&quot;data&quot;:&quot;19 open orders will be Cancelled&quot;,&quot;message&quot;:&quot;Orders cancellation in progress&quot;}

  &amp;#27;[32mWhen &amp;#27;[0m&amp;#27;[32mProviding request PathUrl &amp;#27;[0m&amp;#27;[32m&amp;#27;[1m&quot;CancelAllOrders&quot;&amp;#27;[0m&amp;#27;[32m with method &amp;#27;[0m&amp;#27;[32m&amp;#27;[1m&quot;DELETE&quot;&amp;#27;[0m                                                                                            &amp;#27;[90m# stepDefinations.SDplaceOrderofBroker1.providing_request_path_url_with_method(java.lang.String,java.lang.String)&amp;#27;[0m
  &amp;#27;[32mGiven &amp;#27;[0m&amp;#27;[32mloading the header for broker &amp;#27;[0m&amp;#27;[32m&amp;#27;[1m&quot;B2&quot;&amp;#27;[0m                                                                                                                         &amp;#27;[90m# stepDefinations.SDplaceOrderofBroker1.loading_the_header_for_broker_something(java.lang.String)&amp;#27;[0m
{&quot;message&quot;:&quot;No Open Orders to Cancel&quot;}

  &amp;#27;[32mWhen &amp;#27;[0m&amp;#27;[32mProviding request PathUrl &amp;#27;[0m&amp;#27;[32m&amp;#27;[1m&quot;CancelAllOrders&quot;&amp;#27;[0m&amp;#27;[32m with method &amp;#27;[0m&amp;#27;[32m&amp;#27;[1m&quot;DELETE&quot;&amp;#27;[0m                                                                                            &amp;#27;[90m# stepDefinations.SDplaceOrderofBroker1.providing_request_path_url_with_method(java.lang.String,java.lang.String)&amp;#27;[0m
  &amp;#27;[32mThen &amp;#27;[0m&amp;#27;[32mgive sleep of &amp;#27;[0m&amp;#27;[32m&amp;#27;[1m&quot;4000&quot;&amp;#27;[0m                                                                                                                                        &amp;#27;[90m# stepDefinations.SDplaceOrderofBroker1.give_sleep_of_something(java.lang.String)&amp;#27;[0m
  &amp;#27;[32mGiven &amp;#27;[0m&amp;#27;[32mloading the header for broker &amp;#27;[0m&amp;#27;[32m&amp;#27;[1m&quot;B1&quot;&amp;#27;[0m                                                                                                                         &amp;#27;[90m# stepDefinations.SDplaceOrderofBroker1.loading_the_header_for_broker_something(java.lang.String)&amp;#27;[0m
s3b1inr = 130748601.8536362590011
  &amp;#27;[32mGiven &amp;#27;[0m&amp;#27;[32mtake balance of &amp;#27;[0m&amp;#27;[32m&amp;#27;[1m&quot;INR&quot;&amp;#27;[0m&amp;#27;[32m with api &amp;#27;[0m&amp;#27;[32m&amp;#27;[1m&quot;Getbalance&quot;&amp;#27;[0m&amp;#27;[32m with name &amp;#27;[0m&amp;#27;[32m&amp;#27;[1m&quot;s3b1inr&quot;&amp;#27;[0m                                                                                            &amp;#27;[90m# stepDefinations.SDplaceOrderofBroker1.take_balance_of_with_api_with_name(java.lang.String,java.lang.String,java.lang.String)&amp;#27;[0m
s3b1btc = 90000825.1960524464
  &amp;#27;[32mGiven &amp;#27;[0m&amp;#27;[32mtake balance of &amp;#27;[0m&amp;#27;[32m&amp;#27;[1m&quot;ETH&quot;&amp;#27;[0m&amp;#27;[32m with api &amp;#27;[0m&amp;#27;[32m&amp;#27;[1m&quot;Getbalance&quot;&amp;#27;[0m&amp;#27;[32m with name &amp;#27;[0m&amp;#27;[32m&amp;#27;[1m&quot;s3b1btc&quot;&amp;#27;[0m                                                                                            &amp;#27;[90m# stepDefinations.SDplaceOrderofBroker1.take_balance_of_with_api_with_name(java.lang.String,java.lang.String,java.lang.String)&amp;#27;[0m
  &amp;#27;[32mGiven &amp;#27;[0m&amp;#27;[32mloading the header for broker &amp;#27;[0m&amp;#27;[32m&amp;#27;[1m&quot;B2&quot;&amp;#27;[0m                                                                                                                         &amp;#27;[90m# stepDefinations.SDplaceOrderofBroker1.loading_the_header_for_broker_something(java.lang.String)&amp;#27;[0m
s3b2inr = 3714917.59380877
  &amp;#27;[32mGiven &amp;#27;[0m&amp;#27;[32mtake balance of &amp;#27;[0m&amp;#27;[32m&amp;#27;[1m&quot;INR&quot;&amp;#27;[0m&amp;#27;[32m with api &amp;#27;[0m&amp;#27;[32m&amp;#27;[1m&quot;Getbalance&quot;&amp;#27;[0m&amp;#27;[32m with name &amp;#27;[0m&amp;#27;[32m&amp;#27;[1m&quot;s3b2inr&quot;&amp;#27;[0m                                                                                            &amp;#27;[90m# stepDefinations.SDplaceOrderofBroker1.take_balance_of_with_api_with_name(java.lang.String,java.lang.String,java.lang.String)&amp;#27;[0m
s3b2btc = 100000.2194592636
  &amp;#27;[32mGiven &amp;#27;[0m&amp;#27;[32mtake balance of &amp;#27;[0m&amp;#27;[32m&amp;#27;[1m&quot;ETH&quot;&amp;#27;[0m&amp;#27;[32m with api &amp;#27;[0m&amp;#27;[32m&amp;#27;[1m&quot;Getbalance&quot;&amp;#27;[0m&amp;#27;[32m with name &amp;#27;[0m&amp;#27;[32m&amp;#27;[1m&quot;s3b2btc&quot;&amp;#27;[0m                                                                                            &amp;#27;[90m# stepDefinations.SDplaceOrderofBroker1.take_balance_of_with_api_with_name(java.lang.String,java.lang.String,java.lang.String)&amp;#27;[0m
-------------------------------------------------------------------------------------
Deduction_of_INR_from_broker1 = 10001.5
-------------------------------------------------------------------------------------
Addition_of_INR_in_broker2 = 4990.0
-------------------------------------------------------------------------------------
Addition_of_BTC_to_broker1 = 0.5
-------------------------------------------------------------------------------------
Deduction_of_BTC_to_broker2 = 0.5
-------------------------------------------------------------------------------------
Fee_for_diffrent_broker = 5011.5
-------------------------------------------------------------------------------------
And Fail because diffrence in Fee is= -5009.5
  &amp;#27;[31mThen &amp;#27;[0m&amp;#27;[31mCheck fees &amp;#27;[0m&amp;#27;[31m&amp;#27;[1m&quot;2&quot;&amp;#27;[0m&amp;#27;[31m for diffrent broker&amp;#27;[0m                                                                                                                          &amp;#27;[90m# stepDefinations.SDplaceOrderofBroker1.calculate_fees_for_diffrent_broker(java.lang.String)&amp;#27;[0m
      &amp;#27;[31mjava.lang.AssertionError: expected:&lt;5011.5&gt; but was:&lt;2.0&gt;
	at org.junit.Assert.fail(Assert.java:89)
	at org.junit.Assert.failNotEquals(Assert.java:835)
	at org.junit.Assert.assertEquals(Assert.java:555)
	at org.junit.Assert.assertEquals(Assert.java:685)
	at stepDefinations.SDplaceOrderofBroker1.calculate_fees_for_diffrent_broker(SDplaceOrderofBroker1.java:310)
	at âœ½.Check fees &quot;2&quot; for diffrent broker(file:///C:/Users/Dell/eclipse_csk/CSXautomation2Optimision/src/test/java/features/ETHINR.feature:159)
&amp;#27;[0m
</system-out>
  </testcase>
  <testcase classname="cucumber.options.TestRunner" name="runScenario" time="27.384">
    <failure message="expected:&lt;10007.0&gt; but was:&lt;0.0&gt;" type="java.lang.AssertionError">java.lang.AssertionError: expected:&lt;10007.0&gt; but was:&lt;0.0&gt;
	at org.junit.Assert.fail(Assert.java:89)
	at org.junit.Assert.failNotEquals(Assert.java:835)
	at org.junit.Assert.assertEquals(Assert.java:555)
	at org.junit.Assert.assertEquals(Assert.java:685)
	at stepDefinations.SDplaceOrderofBroker1.calculate_fees_for_diffrent_broker(SDplaceOrderofBroker1.java:310)
	at ✽.Check fees &quot;0.0&quot; for diffrent broker(file:///C:/Users/Dell/eclipse_csk/CSXautomation2Optimision/src/test/java/features/ETHINR.feature:202)
</failure>
    <system-out>
@ETH
Scenario: Verify funds for diffrent broker in cancelled case                                                                                                          &amp;#27;[90m# src/test/java/features/ETHINR.feature:162&amp;#27;[0m
  &amp;#27;[32mGiven &amp;#27;[0m&amp;#27;[32mloading the header for broker &amp;#27;[0m&amp;#27;[32m&amp;#27;[1m&quot;B1&quot;&amp;#27;[0m                                                                                                                            &amp;#27;[90m# stepDefinations.SDplaceOrderofBroker1.loading_the_header_for_broker_something(java.lang.String)&amp;#27;[0m
s1b1inr = 130748601.8536362590011
  &amp;#27;[32mGiven &amp;#27;[0m&amp;#27;[32mtake balance of &amp;#27;[0m&amp;#27;[32m&amp;#27;[1m&quot;INR&quot;&amp;#27;[0m&amp;#27;[32m with api &amp;#27;[0m&amp;#27;[32m&amp;#27;[1m&quot;Getbalance&quot;&amp;#27;[0m&amp;#27;[32m with name &amp;#27;[0m&amp;#27;[32m&amp;#27;[1m&quot;s1b1inr&quot;&amp;#27;[0m                                                                                               &amp;#27;[90m# stepDefinations.SDplaceOrderofBroker1.take_balance_of_with_api_with_name(java.lang.String,java.lang.String,java.lang.String)&amp;#27;[0m
s1b1btc = 90000825.1960524464
  &amp;#27;[32mGiven &amp;#27;[0m&amp;#27;[32mtake balance of &amp;#27;[0m&amp;#27;[32m&amp;#27;[1m&quot;ETH&quot;&amp;#27;[0m&amp;#27;[32m with api &amp;#27;[0m&amp;#27;[32m&amp;#27;[1m&quot;Getbalance&quot;&amp;#27;[0m&amp;#27;[32m with name &amp;#27;[0m&amp;#27;[32m&amp;#27;[1m&quot;s1b1btc&quot;&amp;#27;[0m                                                                                               &amp;#27;[90m# stepDefinations.SDplaceOrderofBroker1.take_balance_of_with_api_with_name(java.lang.String,java.lang.String,java.lang.String)&amp;#27;[0m
  &amp;#27;[32mGiven &amp;#27;[0m&amp;#27;[32mloading the header for broker &amp;#27;[0m&amp;#27;[32m&amp;#27;[1m&quot;B2&quot;&amp;#27;[0m                                                                                                                            &amp;#27;[90m# stepDefinations.SDplaceOrderofBroker1.loading_the_header_for_broker_something(java.lang.String)&amp;#27;[0m
s1b2inr = 3714917.59380877
  &amp;#27;[32mGiven &amp;#27;[0m&amp;#27;[32mtake balance of &amp;#27;[0m&amp;#27;[32m&amp;#27;[1m&quot;INR&quot;&amp;#27;[0m&amp;#27;[32m with api &amp;#27;[0m&amp;#27;[32m&amp;#27;[1m&quot;Getbalance&quot;&amp;#27;[0m&amp;#27;[32m with name &amp;#27;[0m&amp;#27;[32m&amp;#27;[1m&quot;s1b2inr&quot;&amp;#27;[0m                                                                                               &amp;#27;[90m# stepDefinations.SDplaceOrderofBroker1.take_balance_of_with_api_with_name(java.lang.String,java.lang.String,java.lang.String)&amp;#27;[0m
s1b2btc = 100000.2194592636
  &amp;#27;[32mGiven &amp;#27;[0m&amp;#27;[32mtake balance of &amp;#27;[0m&amp;#27;[32m&amp;#27;[1m&quot;ETH&quot;&amp;#27;[0m&amp;#27;[32m with api &amp;#27;[0m&amp;#27;[32m&amp;#27;[1m&quot;Getbalance&quot;&amp;#27;[0m&amp;#27;[32m with name &amp;#27;[0m&amp;#27;[32m&amp;#27;[1m&quot;s1b2btc&quot;&amp;#27;[0m                                                                                               &amp;#27;[90m# stepDefinations.SDplaceOrderofBroker1.take_balance_of_with_api_with_name(java.lang.String,java.lang.String,java.lang.String)&amp;#27;[0m
  &amp;#27;[32mGiven &amp;#27;[0m&amp;#27;[32mPlacing an order for broker &amp;#27;[0m&amp;#27;[32m&amp;#27;[1m&quot;B1&quot;&amp;#27;[0m&amp;#27;[32m of type &amp;#27;[0m&amp;#27;[32m&amp;#27;[1m&quot;limit&quot;&amp;#27;[0m&amp;#27;[32m side &amp;#27;[0m&amp;#27;[32m&amp;#27;[1m&quot;BUY&quot;&amp;#27;[0m&amp;#27;[32m instrument &amp;#27;[0m&amp;#27;[32m&amp;#27;[1m&quot;ETH/INR&quot;&amp;#27;[0m&amp;#27;[32m quantityType &amp;#27;[0m&amp;#27;[32m&amp;#27;[1m&quot;QUOTE&quot;&amp;#27;[0m&amp;#27;[32m quantity &amp;#27;[0m&amp;#27;[32m&amp;#27;[1m&quot;10000&quot;&amp;#27;[0m&amp;#27;[32m limitPrice &amp;#27;[0m&amp;#27;[32m&amp;#27;[1m&quot;3500000&quot;&amp;#27;[0m&amp;#27;[32m username &amp;#27;[0m&amp;#27;[32m&amp;#27;[1m&quot;user1&quot;&amp;#27;[0m  &amp;#27;[90m# stepDefinations.SDplaceOrderofBroker1.placing_an_order_of_type_side_instrument_quantity_type_quantity_limit_price_username(java.lang.String,java.lang.String,java.lang.String,java.lang.String,java.lang.String,java.lang.String,java.lang.String,java.lang.String)&amp;#27;[0m
{&quot;data&quot;:{&quot;average_price&quot;:&quot;0&quot;,&quot;brokerId&quot;:&quot;97c02e87-a473-414b-9d27-78764a93d439&quot;,&quot;created_at&quot;:&quot;2022-06-10T06:20:55.148Z&quot;,&quot;filledQuantity&quot;:0,&quot;instrument&quot;:&quot;ETH/INR&quot;,&quot;limit_price&quot;:&quot;3500000&quot;,&quot;makerFee&quot;:&quot;-0.04&quot;,&quot;orderId&quot;:&quot;8f356cdc-9cba-4ba6-8742-fdcd7bfef505&quot;,&quot;orderType&quot;:&quot;&quot;,&quot;quantity&quot;:&quot;0.002857142&quot;,&quot;quantityType&quot;:&quot;&quot;,&quot;side&quot;:&quot;BUY&quot;,&quot;status&quot;:&quot;OPEN&quot;,&quot;takerFee&quot;:&quot;0.07&quot;,&quot;updated_at&quot;:&quot;2022-06-10T06:20:55.148Z&quot;},&quot;message&quot;:&quot;Order placed successfully&quot;}

  &amp;#27;[32mWhen &amp;#27;[0m&amp;#27;[32mProviding request PathUrl &amp;#27;[0m&amp;#27;[32m&amp;#27;[1m&quot;PlaceOrder&quot;&amp;#27;[0m&amp;#27;[32m with method &amp;#27;[0m&amp;#27;[32m&amp;#27;[1m&quot;POST&quot;&amp;#27;[0m                                                                                                      &amp;#27;[90m# stepDefinations.SDplaceOrderofBroker1.providing_request_path_url_with_method(java.lang.String,java.lang.String)&amp;#27;[0m
  &amp;#27;[32mThen &amp;#27;[0m&amp;#27;[32mI verify the  &amp;#27;[0m&amp;#27;[32m&amp;#27;[1m&quot;200&quot;&amp;#27;[0m&amp;#27;[32m in step&amp;#27;[0m                                                                                                                                    &amp;#27;[90m# stepDefinations.SDplaceOrderofBroker1.i_verify_the_in_step(java.lang.String)&amp;#27;[0m
  &amp;#27;[32mAnd &amp;#27;[0m&amp;#27;[32mVerify key &amp;#27;[0m&amp;#27;[32m&amp;#27;[1m&quot;message&quot;&amp;#27;[0m&amp;#27;[32m of response &amp;#27;[0m&amp;#27;[32m&amp;#27;[1m&quot;Order placed successfully&quot;&amp;#27;[0m                                                                                                    &amp;#27;[90m# stepDefinations.SDplaceOrderofBroker1.verify_key_of_response(java.lang.String,java.lang.String)&amp;#27;[0m
{&quot;data&quot;:{&quot;average_price&quot;:&quot;0&quot;,&quot;brokerId&quot;:&quot;97c02e87-a473-414b-9d27-78764a93d439&quot;,&quot;created_at&quot;:&quot;2022-06-10T06:20:55.148Z&quot;,&quot;filledQuantity&quot;:0,&quot;instrument&quot;:&quot;ETH/INR&quot;,&quot;limit_price&quot;:&quot;3500000&quot;,&quot;makerFee&quot;:&quot;-0.04&quot;,&quot;orderId&quot;:&quot;8f356cdc-9cba-4ba6-8742-fdcd7bfef505&quot;,&quot;orderType&quot;:&quot;&quot;,&quot;quantity&quot;:&quot;0.002857142&quot;,&quot;quantityType&quot;:&quot;&quot;,&quot;side&quot;:&quot;BUY&quot;,&quot;status&quot;:&quot;OPEN&quot;,&quot;takerFee&quot;:&quot;0.07&quot;,&quot;updated_at&quot;:&quot;2022-06-10T06:20:55.148Z&quot;},&quot;message&quot;:&quot;Order fetched successfully&quot;}

  &amp;#27;[32mAnd &amp;#27;[0m&amp;#27;[32mVerify the &amp;#27;[0m&amp;#27;[32m&amp;#27;[1m&quot;data.orderId&quot;&amp;#27;[0m&amp;#27;[32m of response &amp;#27;[0m&amp;#27;[32m&amp;#27;[1m&quot;GetOrder&quot;&amp;#27;[0m                                                                                                                &amp;#27;[90m# stepDefinations.SDplaceOrderofBroker1.verify_the_of_response(java.lang.String,java.lang.String)&amp;#27;[0m
  &amp;#27;[32mAnd &amp;#27;[0m&amp;#27;[32mVerify key &amp;#27;[0m&amp;#27;[32m&amp;#27;[1m&quot;data.status&quot;&amp;#27;[0m&amp;#27;[32m of response &amp;#27;[0m&amp;#27;[32m&amp;#27;[1m&quot;OPEN&quot;&amp;#27;[0m                                                                                                                     &amp;#27;[90m# stepDefinations.SDplaceOrderofBroker1.verify_key_of_response(java.lang.String,java.lang.String)&amp;#27;[0m
  &amp;#27;[32mThen &amp;#27;[0m&amp;#27;[32mgive sleep of &amp;#27;[0m&amp;#27;[32m&amp;#27;[1m&quot;000&quot;&amp;#27;[0m                                                                                                                                            &amp;#27;[90m# stepDefinations.SDplaceOrderofBroker1.give_sleep_of_something(java.lang.String)&amp;#27;[0m
  &amp;#27;[32mGiven &amp;#27;[0m&amp;#27;[32mloading the header for broker &amp;#27;[0m&amp;#27;[32m&amp;#27;[1m&quot;B1&quot;&amp;#27;[0m                                                                                                                            &amp;#27;[90m# stepDefinations.SDplaceOrderofBroker1.loading_the_header_for_broker_something(java.lang.String)&amp;#27;[0m
s2b1inr = 130738594.8536362590011
  &amp;#27;[32mGiven &amp;#27;[0m&amp;#27;[32mtake balance of &amp;#27;[0m&amp;#27;[32m&amp;#27;[1m&quot;INR&quot;&amp;#27;[0m&amp;#27;[32m with api &amp;#27;[0m&amp;#27;[32m&amp;#27;[1m&quot;Getbalance&quot;&amp;#27;[0m&amp;#27;[32m with name &amp;#27;[0m&amp;#27;[32m&amp;#27;[1m&quot;s2b1inr&quot;&amp;#27;[0m                                                                                               &amp;#27;[90m# stepDefinations.SDplaceOrderofBroker1.take_balance_of_with_api_with_name(java.lang.String,java.lang.String,java.lang.String)&amp;#27;[0m
s2b1btc = 90000825.1960524464
  &amp;#27;[32mGiven &amp;#27;[0m&amp;#27;[32mtake balance of &amp;#27;[0m&amp;#27;[32m&amp;#27;[1m&quot;ETH&quot;&amp;#27;[0m&amp;#27;[32m with api &amp;#27;[0m&amp;#27;[32m&amp;#27;[1m&quot;Getbalance&quot;&amp;#27;[0m&amp;#27;[32m with name &amp;#27;[0m&amp;#27;[32m&amp;#27;[1m&quot;s2b1btc&quot;&amp;#27;[0m                                                                                               &amp;#27;[90m# stepDefinations.SDplaceOrderofBroker1.take_balance_of_with_api_with_name(java.lang.String,java.lang.String,java.lang.String)&amp;#27;[0m
  &amp;#27;[32mGiven &amp;#27;[0m&amp;#27;[32mloading the header for broker &amp;#27;[0m&amp;#27;[32m&amp;#27;[1m&quot;B2&quot;&amp;#27;[0m                                                                                                                            &amp;#27;[90m# stepDefinations.SDplaceOrderofBroker1.loading_the_header_for_broker_something(java.lang.String)&amp;#27;[0m
s2b2inr = 3714917.59380877
  &amp;#27;[32mGiven &amp;#27;[0m&amp;#27;[32mtake balance of &amp;#27;[0m&amp;#27;[32m&amp;#27;[1m&quot;INR&quot;&amp;#27;[0m&amp;#27;[32m with api &amp;#27;[0m&amp;#27;[32m&amp;#27;[1m&quot;Getbalance&quot;&amp;#27;[0m&amp;#27;[32m with name &amp;#27;[0m&amp;#27;[32m&amp;#27;[1m&quot;s2b2inr&quot;&amp;#27;[0m                                                                                               &amp;#27;[90m# stepDefinations.SDplaceOrderofBroker1.take_balance_of_with_api_with_name(java.lang.String,java.lang.String,java.lang.String)&amp;#27;[0m
s2b2btc = 100000.2194592636
  &amp;#27;[32mGiven &amp;#27;[0m&amp;#27;[32mtake balance of &amp;#27;[0m&amp;#27;[32m&amp;#27;[1m&quot;ETH&quot;&amp;#27;[0m&amp;#27;[32m with api &amp;#27;[0m&amp;#27;[32m&amp;#27;[1m&quot;Getbalance&quot;&amp;#27;[0m&amp;#27;[32m with name &amp;#27;[0m&amp;#27;[32m&amp;#27;[1m&quot;s2b2btc&quot;&amp;#27;[0m                                                                                               &amp;#27;[90m# stepDefinations.SDplaceOrderofBroker1.take_balance_of_with_api_with_name(java.lang.String,java.lang.String,java.lang.String)&amp;#27;[0m
  &amp;#27;[32mGiven &amp;#27;[0m&amp;#27;[32mPlacing an order for broker &amp;#27;[0m&amp;#27;[32m&amp;#27;[1m&quot;B2&quot;&amp;#27;[0m&amp;#27;[32m of type &amp;#27;[0m&amp;#27;[32m&amp;#27;[1m&quot;limit&quot;&amp;#27;[0m&amp;#27;[32m side &amp;#27;[0m&amp;#27;[32m&amp;#27;[1m&quot;SELL&quot;&amp;#27;[0m&amp;#27;[32m instrument &amp;#27;[0m&amp;#27;[32m&amp;#27;[1m&quot;ETH/INR&quot;&amp;#27;[0m&amp;#27;[32m quantityType &amp;#27;[0m&amp;#27;[32m&amp;#27;[1m&quot;QUOTE&quot;&amp;#27;[0m&amp;#27;[32m quantity &amp;#27;[0m&amp;#27;[32m&amp;#27;[1m&quot;10000&quot;&amp;#27;[0m&amp;#27;[32m limitPrice &amp;#27;[0m&amp;#27;[32m&amp;#27;[1m&quot;3600000&quot;&amp;#27;[0m&amp;#27;[32m username &amp;#27;[0m&amp;#27;[32m&amp;#27;[1m&quot;user1&quot;&amp;#27;[0m &amp;#27;[90m# stepDefinations.SDplaceOrderofBroker1.placing_an_order_of_type_side_instrument_quantity_type_quantity_limit_price_username(java.lang.String,java.lang.String,java.lang.String,java.lang.String,java.lang.String,java.lang.String,java.lang.String,java.lang.String)&amp;#27;[0m
{&quot;data&quot;:{&quot;average_price&quot;:&quot;0&quot;,&quot;brokerId&quot;:&quot;3ab607d8-8836-4aeb-a71d-7030e7c4524f&quot;,&quot;created_at&quot;:&quot;2022-06-10T06:21:05.911Z&quot;,&quot;filledQuantity&quot;:0,&quot;instrument&quot;:&quot;ETH/INR&quot;,&quot;limit_price&quot;:&quot;3600000&quot;,&quot;makerFee&quot;:&quot;0.1&quot;,&quot;orderId&quot;:&quot;1d58114e-3b9d-4610-a620-adf887067ac1&quot;,&quot;orderType&quot;:&quot;&quot;,&quot;quantity&quot;:&quot;0.002777777&quot;,&quot;quantityType&quot;:&quot;&quot;,&quot;side&quot;:&quot;SELL&quot;,&quot;status&quot;:&quot;OPEN&quot;,&quot;takerFee&quot;:&quot;0.2&quot;,&quot;updated_at&quot;:&quot;2022-06-10T06:21:05.911Z&quot;},&quot;message&quot;:&quot;Order placed successfully&quot;}

  &amp;#27;[32mWhen &amp;#27;[0m&amp;#27;[32mProviding request PathUrl &amp;#27;[0m&amp;#27;[32m&amp;#27;[1m&quot;PlaceOrder&quot;&amp;#27;[0m&amp;#27;[32m with method &amp;#27;[0m&amp;#27;[32m&amp;#27;[1m&quot;POST&quot;&amp;#27;[0m                                                                                                      &amp;#27;[90m# stepDefinations.SDplaceOrderofBroker1.providing_request_path_url_with_method(java.lang.String,java.lang.String)&amp;#27;[0m
  &amp;#27;[32mThen &amp;#27;[0m&amp;#27;[32mI verify the  &amp;#27;[0m&amp;#27;[32m&amp;#27;[1m&quot;200&quot;&amp;#27;[0m&amp;#27;[32m in step&amp;#27;[0m                                                                                                                                    &amp;#27;[90m# stepDefinations.SDplaceOrderofBroker1.i_verify_the_in_step(java.lang.String)&amp;#27;[0m
  &amp;#27;[32mAnd &amp;#27;[0m&amp;#27;[32mVerify key &amp;#27;[0m&amp;#27;[32m&amp;#27;[1m&quot;message&quot;&amp;#27;[0m&amp;#27;[32m of response &amp;#27;[0m&amp;#27;[32m&amp;#27;[1m&quot;Order placed successfully&quot;&amp;#27;[0m                                                                                                    &amp;#27;[90m# stepDefinations.SDplaceOrderofBroker1.verify_key_of_response(java.lang.String,java.lang.String)&amp;#27;[0m
{&quot;data&quot;:{&quot;average_price&quot;:&quot;0&quot;,&quot;brokerId&quot;:&quot;3ab607d8-8836-4aeb-a71d-7030e7c4524f&quot;,&quot;created_at&quot;:&quot;2022-06-10T06:21:05.911Z&quot;,&quot;filledQuantity&quot;:0,&quot;instrument&quot;:&quot;ETH/INR&quot;,&quot;limit_price&quot;:&quot;3600000&quot;,&quot;makerFee&quot;:&quot;0.1&quot;,&quot;orderId&quot;:&quot;1d58114e-3b9d-4610-a620-adf887067ac1&quot;,&quot;orderType&quot;:&quot;&quot;,&quot;quantity&quot;:&quot;0.002777777&quot;,&quot;quantityType&quot;:&quot;&quot;,&quot;side&quot;:&quot;SELL&quot;,&quot;status&quot;:&quot;OPEN&quot;,&quot;takerFee&quot;:&quot;0.2&quot;,&quot;updated_at&quot;:&quot;2022-06-10T06:21:05.911Z&quot;},&quot;message&quot;:&quot;Order fetched successfully&quot;}

  &amp;#27;[32mAnd &amp;#27;[0m&amp;#27;[32mVerify the &amp;#27;[0m&amp;#27;[32m&amp;#27;[1m&quot;data.orderId&quot;&amp;#27;[0m&amp;#27;[32m of response &amp;#27;[0m&amp;#27;[32m&amp;#27;[1m&quot;GetOrder&quot;&amp;#27;[0m                                                                                                                &amp;#27;[90m# stepDefinations.SDplaceOrderofBroker1.verify_the_of_response(java.lang.String,java.lang.String)&amp;#27;[0m
  &amp;#27;[32mThen &amp;#27;[0m&amp;#27;[32mgive sleep of &amp;#27;[0m&amp;#27;[32m&amp;#27;[1m&quot;4000&quot;&amp;#27;[0m                                                                                                                                           &amp;#27;[90m# stepDefinations.SDplaceOrderofBroker1.give_sleep_of_something(java.lang.String)&amp;#27;[0m
  &amp;#27;[32mGiven &amp;#27;[0m&amp;#27;[32mloading the header for broker &amp;#27;[0m&amp;#27;[32m&amp;#27;[1m&quot;B1&quot;&amp;#27;[0m                                                                                                                            &amp;#27;[90m# stepDefinations.SDplaceOrderofBroker1.loading_the_header_for_broker_something(java.lang.String)&amp;#27;[0m
{&quot;data&quot;:&quot;20 open orders will be Cancelled&quot;,&quot;message&quot;:&quot;Orders cancellation in progress&quot;}

  &amp;#27;[32mWhen &amp;#27;[0m&amp;#27;[32mProviding request PathUrl &amp;#27;[0m&amp;#27;[32m&amp;#27;[1m&quot;CancelAllOrders&quot;&amp;#27;[0m&amp;#27;[32m with method &amp;#27;[0m&amp;#27;[32m&amp;#27;[1m&quot;DELETE&quot;&amp;#27;[0m                                                                                               &amp;#27;[90m# stepDefinations.SDplaceOrderofBroker1.providing_request_path_url_with_method(java.lang.String,java.lang.String)&amp;#27;[0m
  &amp;#27;[32mGiven &amp;#27;[0m&amp;#27;[32mloading the header for broker &amp;#27;[0m&amp;#27;[32m&amp;#27;[1m&quot;B2&quot;&amp;#27;[0m                                                                                                                            &amp;#27;[90m# stepDefinations.SDplaceOrderofBroker1.loading_the_header_for_broker_something(java.lang.String)&amp;#27;[0m
{&quot;data&quot;:&quot;1 open orders will be Cancelled&quot;,&quot;message&quot;:&quot;Orders cancellation in progress&quot;}

  &amp;#27;[32mWhen &amp;#27;[0m&amp;#27;[32mProviding request PathUrl &amp;#27;[0m&amp;#27;[32m&amp;#27;[1m&quot;CancelAllOrders&quot;&amp;#27;[0m&amp;#27;[32m with method &amp;#27;[0m&amp;#27;[32m&amp;#27;[1m&quot;DELETE&quot;&amp;#27;[0m                                                                                               &amp;#27;[90m# stepDefinations.SDplaceOrderofBroker1.providing_request_path_url_with_method(java.lang.String,java.lang.String)&amp;#27;[0m
  &amp;#27;[32mThen &amp;#27;[0m&amp;#27;[32mgive sleep of &amp;#27;[0m&amp;#27;[32m&amp;#27;[1m&quot;4000&quot;&amp;#27;[0m                                                                                                                                           &amp;#27;[90m# stepDefinations.SDplaceOrderofBroker1.give_sleep_of_something(java.lang.String)&amp;#27;[0m
  &amp;#27;[32mGiven &amp;#27;[0m&amp;#27;[32mloading the header for broker &amp;#27;[0m&amp;#27;[32m&amp;#27;[1m&quot;B1&quot;&amp;#27;[0m                                                                                                                            &amp;#27;[90m# stepDefinations.SDplaceOrderofBroker1.loading_the_header_for_broker_something(java.lang.String)&amp;#27;[0m
s3b1inr = 130738594.8536362590011
  &amp;#27;[32mGiven &amp;#27;[0m&amp;#27;[32mtake balance of &amp;#27;[0m&amp;#27;[32m&amp;#27;[1m&quot;INR&quot;&amp;#27;[0m&amp;#27;[32m with api &amp;#27;[0m&amp;#27;[32m&amp;#27;[1m&quot;Getbalance&quot;&amp;#27;[0m&amp;#27;[32m with name &amp;#27;[0m&amp;#27;[32m&amp;#27;[1m&quot;s3b1inr&quot;&amp;#27;[0m                                                                                               &amp;#27;[90m# stepDefinations.SDplaceOrderofBroker1.take_balance_of_with_api_with_name(java.lang.String,java.lang.String,java.lang.String)&amp;#27;[0m
s3b1btc = 90000825.1960524464
  &amp;#27;[32mGiven &amp;#27;[0m&amp;#27;[32mtake balance of &amp;#27;[0m&amp;#27;[32m&amp;#27;[1m&quot;ETH&quot;&amp;#27;[0m&amp;#27;[32m with api &amp;#27;[0m&amp;#27;[32m&amp;#27;[1m&quot;Getbalance&quot;&amp;#27;[0m&amp;#27;[32m with name &amp;#27;[0m&amp;#27;[32m&amp;#27;[1m&quot;s3b1btc&quot;&amp;#27;[0m                                                                                               &amp;#27;[90m# stepDefinations.SDplaceOrderofBroker1.take_balance_of_with_api_with_name(java.lang.String,java.lang.String,java.lang.String)&amp;#27;[0m
  &amp;#27;[32mGiven &amp;#27;[0m&amp;#27;[32mloading the header for broker &amp;#27;[0m&amp;#27;[32m&amp;#27;[1m&quot;B2&quot;&amp;#27;[0m                                                                                                                            &amp;#27;[90m# stepDefinations.SDplaceOrderofBroker1.loading_the_header_for_broker_something(java.lang.String)&amp;#27;[0m
s3b2inr = 3714917.59380877
  &amp;#27;[32mGiven &amp;#27;[0m&amp;#27;[32mtake balance of &amp;#27;[0m&amp;#27;[32m&amp;#27;[1m&quot;INR&quot;&amp;#27;[0m&amp;#27;[32m with api &amp;#27;[0m&amp;#27;[32m&amp;#27;[1m&quot;Getbalance&quot;&amp;#27;[0m&amp;#27;[32m with name &amp;#27;[0m&amp;#27;[32m&amp;#27;[1m&quot;s3b2inr&quot;&amp;#27;[0m                                                                                               &amp;#27;[90m# stepDefinations.SDplaceOrderofBroker1.take_balance_of_with_api_with_name(java.lang.String,java.lang.String,java.lang.String)&amp;#27;[0m
s3b2btc = 100000.2194592636
  &amp;#27;[32mGiven &amp;#27;[0m&amp;#27;[32mtake balance of &amp;#27;[0m&amp;#27;[32m&amp;#27;[1m&quot;ETH&quot;&amp;#27;[0m&amp;#27;[32m with api &amp;#27;[0m&amp;#27;[32m&amp;#27;[1m&quot;Getbalance&quot;&amp;#27;[0m&amp;#27;[32m with name &amp;#27;[0m&amp;#27;[32m&amp;#27;[1m&quot;s3b2btc&quot;&amp;#27;[0m                                                                                               &amp;#27;[90m# stepDefinations.SDplaceOrderofBroker1.take_balance_of_with_api_with_name(java.lang.String,java.lang.String,java.lang.String)&amp;#27;[0m
-------------------------------------------------------------------------------------
Deduction_of_INR_from_broker1 = 10007.0
-------------------------------------------------------------------------------------
Addition_of_INR_in_broker2 = 0.0
-------------------------------------------------------------------------------------
Addition_of_BTC_to_broker1 = 0.0
-------------------------------------------------------------------------------------
Deduction_of_BTC_to_broker2 = 0.0
-------------------------------------------------------------------------------------
Fee_for_diffrent_broker = 10007.0
-------------------------------------------------------------------------------------
And Fail because diffrence in Fee is= -10007.0
  &amp;#27;[31mThen &amp;#27;[0m&amp;#27;[31mCheck fees &amp;#27;[0m&amp;#27;[31m&amp;#27;[1m&quot;0.0&quot;&amp;#27;[0m&amp;#27;[31m for diffrent broker&amp;#27;[0m                                                                                                                           &amp;#27;[90m# stepDefinations.SDplaceOrderofBroker1.calculate_fees_for_diffrent_broker(java.lang.String)&amp;#27;[0m
      &amp;#27;[31mjava.lang.AssertionError: expected:&lt;10007.0&gt; but was:&lt;0.0&gt;
	at org.junit.Assert.fail(Assert.java:89)
	at org.junit.Assert.failNotEquals(Assert.java:835)
	at org.junit.Assert.assertEquals(Assert.java:555)
	at org.junit.Assert.assertEquals(Assert.java:685)
	at stepDefinations.SDplaceOrderofBroker1.calculate_fees_for_diffrent_broker(SDplaceOrderofBroker1.java:310)
	at âœ½.Check fees &quot;0.0&quot; for diffrent broker(file:///C:/Users/Dell/eclipse_csk/CSXautomation2Optimision/src/test/java/features/ETHINR.feature:202)
&amp;#27;[0m
</system-out>
  </testcase>
  <testcase classname="cucumber.options.TestRunner" name="runScenario" time="23.279">
    <failure message="expected:&lt;-9946.459999998566&gt; but was:&lt;4.0&gt;" type="java.lang.AssertionError">java.lang.AssertionError: expected:&lt;-9946.459999998566&gt; but was:&lt;4.0&gt;
	at org.junit.Assert.fail(Assert.java:89)
	at org.junit.Assert.failNotEquals(Assert.java:835)
	at org.junit.Assert.assertEquals(Assert.java:555)
	at org.junit.Assert.assertEquals(Assert.java:685)
	at stepDefinations.SDplaceOrderofBroker1.calculate_fees_for_diffrent_broker(SDplaceOrderofBroker1.java:316)
	at ✽.Check fees &quot;4&quot; for diffrent broker(file:///C:/Users/Dell/eclipse_csk/CSXautomation2Optimision/src/test/java/features/ETHINR.feature:245)
</failure>
    <system-out>
@ETH
Scenario: Verify funds for diffrent broker in price improvement case                                                                                               &amp;#27;[90m# src/test/java/features/ETHINR.feature:205&amp;#27;[0m
  &amp;#27;[32mGiven &amp;#27;[0m&amp;#27;[32mloading the header for broker &amp;#27;[0m&amp;#27;[32m&amp;#27;[1m&quot;B1&quot;&amp;#27;[0m                                                                                                                         &amp;#27;[90m# stepDefinations.SDplaceOrderofBroker1.loading_the_header_for_broker_something(java.lang.String)&amp;#27;[0m
s1b1inr = 130738594.8536362590011
  &amp;#27;[32mGiven &amp;#27;[0m&amp;#27;[32mtake balance of &amp;#27;[0m&amp;#27;[32m&amp;#27;[1m&quot;INR&quot;&amp;#27;[0m&amp;#27;[32m with api &amp;#27;[0m&amp;#27;[32m&amp;#27;[1m&quot;Getbalance&quot;&amp;#27;[0m&amp;#27;[32m with name &amp;#27;[0m&amp;#27;[32m&amp;#27;[1m&quot;s1b1inr&quot;&amp;#27;[0m                                                                                            &amp;#27;[90m# stepDefinations.SDplaceOrderofBroker1.take_balance_of_with_api_with_name(java.lang.String,java.lang.String,java.lang.String)&amp;#27;[0m
s1b1btc = 90000825.1960524464
  &amp;#27;[32mGiven &amp;#27;[0m&amp;#27;[32mtake balance of &amp;#27;[0m&amp;#27;[32m&amp;#27;[1m&quot;ETH&quot;&amp;#27;[0m&amp;#27;[32m with api &amp;#27;[0m&amp;#27;[32m&amp;#27;[1m&quot;Getbalance&quot;&amp;#27;[0m&amp;#27;[32m with name &amp;#27;[0m&amp;#27;[32m&amp;#27;[1m&quot;s1b1btc&quot;&amp;#27;[0m                                                                                            &amp;#27;[90m# stepDefinations.SDplaceOrderofBroker1.take_balance_of_with_api_with_name(java.lang.String,java.lang.String,java.lang.String)&amp;#27;[0m
  &amp;#27;[32mGiven &amp;#27;[0m&amp;#27;[32mloading the header for broker &amp;#27;[0m&amp;#27;[32m&amp;#27;[1m&quot;B2&quot;&amp;#27;[0m                                                                                                                         &amp;#27;[90m# stepDefinations.SDplaceOrderofBroker1.loading_the_header_for_broker_something(java.lang.String)&amp;#27;[0m
s1b2inr = 3714917.59380877
  &amp;#27;[32mGiven &amp;#27;[0m&amp;#27;[32mtake balance of &amp;#27;[0m&amp;#27;[32m&amp;#27;[1m&quot;INR&quot;&amp;#27;[0m&amp;#27;[32m with api &amp;#27;[0m&amp;#27;[32m&amp;#27;[1m&quot;Getbalance&quot;&amp;#27;[0m&amp;#27;[32m with name &amp;#27;[0m&amp;#27;[32m&amp;#27;[1m&quot;s1b2inr&quot;&amp;#27;[0m                                                                                            &amp;#27;[90m# stepDefinations.SDplaceOrderofBroker1.take_balance_of_with_api_with_name(java.lang.String,java.lang.String,java.lang.String)&amp;#27;[0m
s1b2btc = 100000.2194592636
  &amp;#27;[32mGiven &amp;#27;[0m&amp;#27;[32mtake balance of &amp;#27;[0m&amp;#27;[32m&amp;#27;[1m&quot;ETH&quot;&amp;#27;[0m&amp;#27;[32m with api &amp;#27;[0m&amp;#27;[32m&amp;#27;[1m&quot;Getbalance&quot;&amp;#27;[0m&amp;#27;[32m with name &amp;#27;[0m&amp;#27;[32m&amp;#27;[1m&quot;s1b2btc&quot;&amp;#27;[0m                                                                                            &amp;#27;[90m# stepDefinations.SDplaceOrderofBroker1.take_balance_of_with_api_with_name(java.lang.String,java.lang.String,java.lang.String)&amp;#27;[0m
  &amp;#27;[32mGiven &amp;#27;[0m&amp;#27;[32mPlacing an order for broker &amp;#27;[0m&amp;#27;[32m&amp;#27;[1m&quot;B1&quot;&amp;#27;[0m&amp;#27;[32m of type &amp;#27;[0m&amp;#27;[32m&amp;#27;[1m&quot;limit&quot;&amp;#27;[0m&amp;#27;[32m side &amp;#27;[0m&amp;#27;[32m&amp;#27;[1m&quot;BUY&quot;&amp;#27;[0m&amp;#27;[32m instrument &amp;#27;[0m&amp;#27;[32m&amp;#27;[1m&quot;ETH/INR&quot;&amp;#27;[0m&amp;#27;[32m quantityType &amp;#27;[0m&amp;#27;[32m&amp;#27;[1m&quot;QUOTE&quot;&amp;#27;[0m&amp;#27;[32m quantity &amp;#27;[0m&amp;#27;[32m&amp;#27;[1m&quot;10000&quot;&amp;#27;[0m&amp;#27;[32m limitPrice &amp;#27;[0m&amp;#27;[32m&amp;#27;[1m&quot;10000&quot;&amp;#27;[0m&amp;#27;[32m username &amp;#27;[0m&amp;#27;[32m&amp;#27;[1m&quot;user1&quot;&amp;#27;[0m &amp;#27;[90m# stepDefinations.SDplaceOrderofBroker1.placing_an_order_of_type_side_instrument_quantity_type_quantity_limit_price_username(java.lang.String,java.lang.String,java.lang.String,java.lang.String,java.lang.String,java.lang.String,java.lang.String,java.lang.String)&amp;#27;[0m
{&quot;data&quot;:{&quot;average_price&quot;:&quot;0&quot;,&quot;brokerId&quot;:&quot;97c02e87-a473-414b-9d27-78764a93d439&quot;,&quot;created_at&quot;:&quot;2022-06-10T06:21:24.008Z&quot;,&quot;filledQuantity&quot;:0,&quot;instrument&quot;:&quot;ETH/INR&quot;,&quot;limit_price&quot;:&quot;10000&quot;,&quot;makerFee&quot;:&quot;-0.04&quot;,&quot;orderId&quot;:&quot;3822d02b-77a0-4447-871e-79a6b5c029ff&quot;,&quot;orderType&quot;:&quot;&quot;,&quot;quantity&quot;:&quot;1&quot;,&quot;quantityType&quot;:&quot;&quot;,&quot;side&quot;:&quot;BUY&quot;,&quot;status&quot;:&quot;OPEN&quot;,&quot;takerFee&quot;:&quot;0.07&quot;,&quot;updated_at&quot;:&quot;2022-06-10T06:21:24.008Z&quot;},&quot;message&quot;:&quot;Order placed successfully&quot;}

  &amp;#27;[32mWhen &amp;#27;[0m&amp;#27;[32mProviding request PathUrl &amp;#27;[0m&amp;#27;[32m&amp;#27;[1m&quot;PlaceOrder&quot;&amp;#27;[0m&amp;#27;[32m with method &amp;#27;[0m&amp;#27;[32m&amp;#27;[1m&quot;POST&quot;&amp;#27;[0m                                                                                                   &amp;#27;[90m# stepDefinations.SDplaceOrderofBroker1.providing_request_path_url_with_method(java.lang.String,java.lang.String)&amp;#27;[0m
[...]
  &amp;#27;[32mThen &amp;#27;[0m&amp;#27;[32mgive sleep of &amp;#27;[0m&amp;#27;[32m&amp;#27;[1m&quot;000&quot;&amp;#27;[0m                                                                                                                                        &amp;#27;[90m# stepDefinations.SDplaceOrderofBroker1.give_sleep_of_something(java.lang.String)&amp;#27;[0m
{&quot;data&quot;:&quot;19 open orders will be Cancelled&quot;,&quot;message&quot;:&quot;Orders cancellation in progress&quot;}

  &amp;#27;[32mWhen &amp;#27;[0m&amp;#27;[32mProviding request PathUrl &amp;#27;[0m&amp;#27;[32m&amp;#27;[1m&quot;CancelAllOrders&quot;&amp;#27;[0m&amp;#27;[32m with method &amp;#27;[0m&amp;#27;[32m&amp;#27;[1m&quot;DELETE&quot;&amp;#27;[0m                                                                                           &amp;#27;[90m# stepDefinations.SDplaceOrderofBroker1.providing_request_path_url_with_method(java.lang.String,java.lang.String)&amp;#27;[0m
  &amp;#27;[32mGiven &amp;#27;[0m&amp;#27;[32mloading the header for broker &amp;#27;[0m&amp;#27;[32m&amp;#27;[1m&quot;B1&quot;&amp;#27;[0m                                                                                                                        &amp;#27;[90m# stepDefinations.SDplaceOrderofBroker1.loading_the_header_for_broker_something(java.lang.String)&amp;#27;[0m
s1b1inr = 130720139.3636362590011
  &amp;#27;[32mGiven &amp;#27;[0m&amp;#27;[32mtake balance of &amp;#27;[0m&amp;#27;[32m&amp;#27;[1m&quot;INR&quot;&amp;#27;[0m&amp;#27;[32m with api &amp;#27;[0m&amp;#27;[32m&amp;#27;[1m&quot;Getbalance&quot;&amp;#27;[0m&amp;#27;[32m with name &amp;#27;[0m&amp;#27;[32m&amp;#27;[1m&quot;s1b1inr&quot;&amp;#27;[0m                                                                                           &amp;#27;[90m# stepDefinations.SDplaceOrderofBroker1.take_balance_of_with_api_with_name(java.lang.String,java.lang.String,java.lang.String)&amp;#27;[0m
s1b1btc = 90000826.6960524464
  &amp;#27;[32mGiven &amp;#27;[0m&amp;#27;[32mtake balance of &amp;#27;[0m&amp;#27;[32m&amp;#27;[1m&quot;ETH&quot;&amp;#27;[0m&amp;#27;[32m with api &amp;#27;[0m&amp;#27;[32m&amp;#27;[1m&quot;Getbalance&quot;&amp;#27;[0m&amp;#27;[32m with name &amp;#27;[0m&amp;#27;[32m&amp;#27;[1m&quot;s1b1btc&quot;&amp;#27;[0m                                                                                           &amp;#27;[90m# stepDefinations.SDplaceOrderofBroker1.take_balance_of_with_api_with_name(java.lang.String,java.lang.String,java.lang.String)&amp;#27;[0m
  &amp;#27;[32mGiven &amp;#27;[0m&amp;#27;[32mPlacing an order for broker &amp;#27;[0m&amp;#27;[32m&amp;#27;[1m&quot;B1&quot;&amp;#27;[0m&amp;#27;[32m of type &amp;#27;[0m&amp;#27;[32m&amp;#27;[1m&quot;limit&quot;&amp;#27;[0m&amp;#27;[32m side &amp;#27;[0m&amp;#27;[32m&amp;#27;[1m&quot;BUY&quot;&amp;#27;[0m&amp;#27;[32m instrument &amp;#27;[0m&amp;#27;[32m&amp;#27;[1m&quot;ETH/INR&quot;&amp;#27;[0m&amp;#27;[32m quantityType &amp;#27;[0m&amp;#27;[32m&amp;#27;[1m&quot;QUOTE&quot;&amp;#27;[0m&amp;#27;[32m quantity &amp;#27;[0m&amp;#27;[32m&amp;#27;[1m&quot;10000&quot;&amp;#27;[0m&amp;#27;[32m limitPrice &amp;#27;[0m&amp;#27;[32m&amp;#27;[1m&quot;1000&quot;&amp;#27;[0m&amp;#27;[32m username &amp;#27;[0m&amp;#27;[32m&amp;#27;[1m&quot;user1&quot;&amp;#27;[0m &amp;#27;[90m# stepDefinations.SDplaceOrderofBroker1.placing_an_order_of_type_side_instrument_quantity_type_quantity_limit_price_username(java.lang.String,java.lang.String,java.lang.String,java.lang.String,java.lang.String,java.lang.String,java.lang.String,java.lang.String)&amp;#27;[0m
{&quot;data&quot;:{&quot;average_price&quot;:&quot;0&quot;,&quot;brokerId&quot;:&quot;97c02e87-a473-414b-9d27-78764a93d439&quot;,&quot;created_at&quot;:&quot;2022-06-10T06:28:10.041Z&quot;,&quot;filledQuantity&quot;:0,&quot;instrument&quot;:&quot;ETH/INR&quot;,&quot;limit_price&quot;:&quot;1000&quot;,&quot;makerFee&quot;:&quot;-0.04&quot;,&quot;orderId&quot;:&quot;7666e580-3116-40a2-be34-528229ba09e0&quot;,&quot;orderType&quot;:&quot;&quot;,&quot;quantity&quot;:&quot;10&quot;,&quot;quantityType&quot;:&quot;&quot;,&quot;side&quot;:&quot;BUY&quot;,&quot;status&quot;:&quot;OPEN&quot;,&quot;takerFee&quot;:&quot;0.07&quot;,&quot;updated_at&quot;:&quot;2022-06-10T06:28:10.041Z&quot;},&quot;message&quot;:&quot;Order placed successfully&quot;}

  &amp;#27;[32mWhen &amp;#27;[0m&amp;#27;[32mProviding request PathUrl &amp;#27;[0m&amp;#27;[32m&amp;#27;[1m&quot;PlaceOrder&quot;&amp;#27;[0m&amp;#27;[32m with method &amp;#27;[0m&amp;#27;[32m&amp;#27;[1m&quot;POST&quot;&amp;#27;[0m                                                                                                  &amp;#27;[90m# stepDefinations.SDplaceOrderofBroker1.providing_request_path_url_with_method(java.lang.String,java.lang.String)&amp;#27;[0m
  &amp;#27;[32mThen &amp;#27;[0m&amp;#27;[32mI verify the  &amp;#27;[0m&amp;#27;[32m&amp;#27;[1m&quot;200&quot;&amp;#27;[0m&amp;#27;[32m in step&amp;#27;[0m                                                                                                                                &amp;#27;[90m# stepDefinations.SDplaceOrderofBroker1.i_verify_the_in_step(java.lang.String)&amp;#27;[0m
  &amp;#27;[32mAnd &amp;#27;[0m&amp;#27;[32mVerify key &amp;#27;[0m&amp;#27;[32m&amp;#27;[1m&quot;message&quot;&amp;#27;[0m&amp;#27;[32m of response &amp;#27;[0m&amp;#27;[32m&amp;#27;[1m&quot;Order placed successfully&quot;&amp;#27;[0m                                                                                                &amp;#27;[90m# stepDefinations.SDplaceOrderofBroker1.verify_key_of_response(java.lang.String,java.lang.String)&amp;#27;[0m
{&quot;data&quot;:{&quot;average_price&quot;:&quot;0&quot;,&quot;brokerId&quot;:&quot;97c02e87-a473-414b-9d27-78764a93d439&quot;,&quot;created_at&quot;:&quot;2022-06-10T06:28:10.041Z&quot;,&quot;filledQuantity&quot;:0,&quot;instrument&quot;:&quot;ETH/INR&quot;,&quot;limit_price&quot;:&quot;1000&quot;,&quot;makerFee&quot;:&quot;-0.04&quot;,&quot;orderId&quot;:&quot;7666e580-3116-40a2-be34-528229ba09e0&quot;,&quot;orderType&quot;:&quot;&quot;,&quot;quantity&quot;:&quot;10&quot;,&quot;quantityType&quot;:&quot;&quot;,&quot;side&quot;:&quot;BUY&quot;,&quot;status&quot;:&quot;OPEN&quot;,&quot;takerFee&quot;:&quot;0.07&quot;,&quot;updated_at&quot;:&quot;2022-06-10T06:28:10.041Z&quot;},&quot;message&quot;:&quot;Order fetched successfully&quot;}

  &amp;#27;[32mAnd &amp;#27;[0m&amp;#27;[32mVerify the &amp;#27;[0m&amp;#27;[32m&amp;#27;[1m&quot;data.orderId&quot;&amp;#27;[0m&amp;#27;[32m of response &amp;#27;[0m&amp;#27;[32m&amp;#27;[1m&quot;GetOrder&quot;&amp;#27;[0m                                                                                                            &amp;#27;[90m# stepDefinations.SDplaceOrderofBroker1.verify_the_of_response(java.lang.String,java.lang.String)&amp;#27;[0m
  &amp;#27;[32mAnd &amp;#27;[0m&amp;#27;[32mVerify key &amp;#27;[0m&amp;#27;[32m&amp;#27;[1m&quot;data.status&quot;&amp;#27;[0m&amp;#27;[32m of response &amp;#27;[0m&amp;#27;[32m&amp;#27;[1m&quot;OPEN&quot;&amp;#27;[0m                                                                                                                 &amp;#27;[90m# stepDefinations.SDplaceOrderofBroker1.verify_key_of_response(java.lang.String,java.lang.String)&amp;#27;[0m
  &amp;#27;[32mGiven &amp;#27;[0m&amp;#27;[32mloading the header for broker &amp;#27;[0m&amp;#27;[32m&amp;#27;[1m&quot;B1&quot;&amp;#27;[0m                                                                                                                        &amp;#27;[90m# stepDefinations.SDplaceOrderofBroker1.loading_the_header_for_broker_something(java.lang.String)&amp;#27;[0m
s2b1inr = 130710132.3636362590011
  &amp;#27;[32mGiven &amp;#27;[0m&amp;#27;[32mtake balance of &amp;#27;[0m&amp;#27;[32m&amp;#27;[1m&quot;INR&quot;&amp;#27;[0m&amp;#27;[32m with api &amp;#27;[0m&amp;#27;[32m&amp;#27;[1m&quot;Getbalance&quot;&amp;#27;[0m&amp;#27;[32m with name &amp;#27;[0m&amp;#27;[32m&amp;#27;[1m&quot;s2b1inr&quot;&amp;#27;[0m                                                                                           &amp;#27;[90m# stepDefinations.SDplaceOrderofBroker1.take_balance_of_with_api_with_name(java.lang.String,java.lang.String,java.lang.String)&amp;#27;[0m
s2b1btc = 90000826.6960524464
  &amp;#27;[32mGiven &amp;#27;[0m&amp;#27;[32mtake balance of &amp;#27;[0m&amp;#27;[32m&amp;#27;[1m&quot;ETH&quot;&amp;#27;[0m&amp;#27;[32m with api &amp;#27;[0m&amp;#27;[32m&amp;#27;[1m&quot;Getbalance&quot;&amp;#27;[0m&amp;#27;[32m with name &amp;#27;[0m&amp;#27;[32m&amp;#27;[1m&quot;s2b1btc&quot;&amp;#27;[0m                                                                                           &amp;#27;[90m# stepDefinations.SDplaceOrderofBroker1.take_balance_of_with_api_with_name(java.lang.String,java.lang.String,java.lang.String)&amp;#27;[0m
  &amp;#27;[32mGiven &amp;#27;[0m&amp;#27;[32mPlacing an order for broker &amp;#27;[0m&amp;#27;[32m&amp;#27;[1m&quot;B1&quot;&amp;#27;[0m&amp;#27;[32m of type &amp;#27;[0m&amp;#27;[32m&amp;#27;[1m&quot;limit&quot;&amp;#27;[0m&amp;#27;[32m side &amp;#27;[0m&amp;#27;[32m&amp;#27;[1m&quot;SELL&quot;&amp;#27;[0m&amp;#27;[32m instrument &amp;#27;[0m&amp;#27;[32m&amp;#27;[1m&quot;ETH/INR&quot;&amp;#27;[0m&amp;#27;[32m quantityType &amp;#27;[0m&amp;#27;[32m&amp;#27;[1m&quot;QUOTE&quot;&amp;#27;[0m&amp;#27;[32m quantity &amp;#27;[0m&amp;#27;[32m&amp;#27;[1m&quot;2000&quot;&amp;#27;[0m&amp;#27;[32m limitPrice &amp;#27;[0m&amp;#27;[32m&amp;#27;[1m&quot;1000&quot;&amp;#27;[0m&amp;#27;[32m username &amp;#27;[0m&amp;#27;[32m&amp;#27;[1m&quot;user1&quot;&amp;#27;[0m &amp;#27;[90m# stepDefinations.SDplaceOrderofBroker1.placing_an_order_of_type_side_instrument_quantity_type_quantity_limit_price_username(java.lang.String,java.lang.String,java.lang.String,java.lang.String,java.lang.String,java.lang.String,java.lang.String,java.lang.String)&amp;#27;[0m
{&quot;data&quot;:{&quot;average_price&quot;:&quot;0&quot;,&quot;brokerId&quot;:&quot;97c02e87-a473-414b-9d27-78764a93d439&quot;,&quot;created_at&quot;:&quot;2022-06-10T06:28:12.576Z&quot;,&quot;filledQuantity&quot;:0,&quot;instrument&quot;:&quot;ETH/INR&quot;,&quot;limit_price&quot;:&quot;1000&quot;,&quot;makerFee&quot;:&quot;-0.04&quot;,&quot;orderId&quot;:&quot;4fe7e7ae-706e-445f-90f2-cd6b69655843&quot;,&quot;orderType&quot;:&quot;&quot;,&quot;quantity&quot;:&quot;2&quot;,&quot;quantityType&quot;:&quot;&quot;,&quot;side&quot;:&quot;SELL&quot;,&quot;status&quot;:&quot;OPEN&quot;,&quot;takerFee&quot;:&quot;0.07&quot;,&quot;updated_at&quot;:&quot;2022-06-10T06:28:12.576Z&quot;},&quot;message&quot;:&quot;Order placed successfully&quot;}

  &amp;#27;[32mWhen &amp;#27;[0m&amp;#27;[32mProviding request PathUrl &amp;#27;[0m&amp;#27;[32m&amp;#27;[1m&quot;PlaceOrder&quot;&amp;#27;[0m&amp;#27;[32m with method &amp;#27;[0m&amp;#27;[32m&amp;#27;[1m&quot;POST&quot;&amp;#27;[0m                                                                                                  &amp;#27;[90m# stepDefinations.SDplaceOrderofBroker1.providing_request_path_url_with_method(java.lang.String,java.lang.String)&amp;#27;[0m
  &amp;#27;[32mThen &amp;#27;[0m&amp;#27;[32mI verify the  &amp;#27;[0m&amp;#27;[32m&amp;#27;[1m&quot;200&quot;&amp;#27;[0m&amp;#27;[32m in step&amp;#27;[0m                                                                                                                                &amp;#27;[90m# stepDefinations.SDplaceOrderofBroker1.i_verify_the_in_step(java.lang.String)&amp;#27;[0m
  &amp;#27;[32mAnd &amp;#27;[0m&amp;#27;[32mVerify key &amp;#27;[0m&amp;#27;[32m&amp;#27;[1m&quot;message&quot;&amp;#27;[0m&amp;#27;[32m of response &amp;#27;[0m&amp;#27;[32m&amp;#27;[1m&quot;Order placed successfully&quot;&amp;#27;[0m                                                                                                &amp;#27;[90m# stepDefinations.SDplaceOrderofBroker1.verify_key_of_response(java.lang.String,java.lang.String)&amp;#27;[0m
  &amp;#27;[32mGiven &amp;#27;[0m&amp;#27;[32mPlacing an order for broker &amp;#27;[0m&amp;#27;[32m&amp;#27;[1m&quot;B1&quot;&amp;#27;[0m&amp;#27;[32m of type &amp;#27;[0m&amp;#27;[32m&amp;#27;[1m&quot;limit&quot;&amp;#27;[0m&amp;#27;[32m side &amp;#27;[0m&amp;#27;[32m&amp;#27;[1m&quot;SELL&quot;&amp;#27;[0m&amp;#27;[32m instrument &amp;#27;[0m&amp;#27;[32m&amp;#27;[1m&quot;ETH/INR&quot;&amp;#27;[0m&amp;#27;[32m quantityType &amp;#27;[0m&amp;#27;[32m&amp;#27;[1m&quot;QUOTE&quot;&amp;#27;[0m&amp;#27;[32m quantity &amp;#27;[0m&amp;#27;[32m&amp;#27;[1m&quot;8000&quot;&amp;#27;[0m&amp;#27;[32m limitPrice &amp;#27;[0m&amp;#27;[32m&amp;#27;[1m&quot;1000&quot;&amp;#27;[0m&amp;#27;[32m username &amp;#27;[0m&amp;#27;[32m&amp;#27;[1m&quot;user1&quot;&amp;#27;[0m &amp;#27;[90m# stepDefinations.SDplaceOrderofBroker1.placing_an_order_of_type_side_instrument_quantity_type_quantity_limit_price_username(java.lang.String,java.lang.String,java.lang.String,java.lang.String,java.lang.String,java.lang.String,java.lang.String,java.lang.String)&amp;#27;[0m
{&quot;data&quot;:{&quot;average_price&quot;:&quot;0&quot;,&quot;brokerId&quot;:&quot;97c02e87-a473-414b-9d27-78764a93d439&quot;,&quot;created_at&quot;:&quot;2022-06-10T06:28:13.294Z&quot;,&quot;filledQuantity&quot;:0,&quot;instrument&quot;:&quot;ETH/INR&quot;,&quot;limit_price&quot;:&quot;1000&quot;,&quot;makerFee&quot;:&quot;-0.04&quot;,&quot;orderId&quot;:&quot;f5db594e-42e7-4955-871f-8fcf431d3395&quot;,&quot;orderType&quot;:&quot;&quot;,&quot;quantity&quot;:&quot;8&quot;,&quot;quantityType&quot;:&quot;&quot;,&quot;side&quot;:&quot;SELL&quot;,&quot;status&quot;:&quot;OPEN&quot;,&quot;takerFee&quot;:&quot;0.07&quot;,&quot;updated_at&quot;:&quot;2022-06-10T06:28:13.294Z&quot;},&quot;message&quot;:&quot;Order placed successfully&quot;}

  &amp;#27;[32mWhen &amp;#27;[0m&amp;#27;[32mProviding request PathUrl &amp;#27;[0m&amp;#27;[32m&amp;#27;[1m&quot;PlaceOrder&quot;&amp;#27;[0m&amp;#27;[32m with method &amp;#27;[0m&amp;#27;[32m&amp;#27;[1m&quot;POST&quot;&amp;#27;[0m                                                                                                  &amp;#27;[90m# stepDefinations.SDplaceOrderofBroker1.providing_request_path_url_with_method(java.lang.String,java.lang.String)&amp;#27;[0m
  &amp;#27;[32mThen &amp;#27;[0m&amp;#27;[32mI verify the  &amp;#27;[0m&amp;#27;[32m&amp;#27;[1m&quot;200&quot;&amp;#27;[0m&amp;#27;[32m in step&amp;#27;[0m                                                                                                                                &amp;#27;[90m# stepDefinations.SDplaceOrderofBroker1.i_verify_the_in_step(java.lang.String)&amp;#27;[0m
  &amp;#27;[32mAnd &amp;#27;[0m&amp;#27;[32mVerify key &amp;#27;[0m&amp;#27;[32m&amp;#27;[1m&quot;message&quot;&amp;#27;[0m&amp;#27;[32m of response &amp;#27;[0m&amp;#27;[32m&amp;#27;[1m&quot;Order placed successfully&quot;&amp;#27;[0m                                                                                                &amp;#27;[90m# stepDefinations.SDplaceOrderofBroker1.verify_key_of_response(java.lang.String,java.lang.String)&amp;#27;[0m
{&quot;data&quot;:{&quot;average_price&quot;:&quot;1000&quot;,&quot;brokerId&quot;:&quot;97c02e87-a473-414b-9d27-78764a93d439&quot;,&quot;created_at&quot;:&quot;2022-06-10T06:28:13.294Z&quot;,&quot;filledQuantity&quot;:8,&quot;instrument&quot;:&quot;ETH/INR&quot;,&quot;limit_price&quot;:&quot;1000&quot;,&quot;makerFee&quot;:&quot;-0.04&quot;,&quot;orderId&quot;:&quot;f5db594e-42e7-4955-871f-8fcf431d3395&quot;,&quot;orderType&quot;:&quot;&quot;,&quot;quantity&quot;:&quot;8&quot;,&quot;quantityType&quot;:&quot;&quot;,&quot;side&quot;:&quot;SELL&quot;,&quot;status&quot;:&quot;FULFILLED&quot;,&quot;takerFee&quot;:&quot;0.07&quot;,&quot;updated_at&quot;:&quot;2022-06-10T06:28:13.899Z&quot;},&quot;message&quot;:&quot;Order fetched successfully&quot;}

  &amp;#27;[32mAnd &amp;#27;[0m&amp;#27;[32mVerify the &amp;#27;[0m&amp;#27;[32m&amp;#27;[1m&quot;data.orderId&quot;&amp;#27;[0m&amp;#27;[32m of response &amp;#27;[0m&amp;#27;[32m&amp;#27;[1m&quot;GetOrder&quot;&amp;#27;[0m                                                                                                            &amp;#27;[90m# stepDefinations.SDplaceOrderofBroker1.verify_the_of_response(java.lang.String,java.lang.String)&amp;#27;[0m
  &amp;#27;[32mThen &amp;#27;[0m&amp;#27;[32mgive sleep of &amp;#27;[0m&amp;#27;[32m&amp;#27;[1m&quot;000&quot;&amp;#27;[0m                                                                                                                                        &amp;#27;[90m# stepDefinations.SDplaceOrderofBroker1.give_sleep_of_something(java.lang.String)&amp;#27;[0m
  &amp;#27;[32mGiven &amp;#27;[0m&amp;#27;[32mloading the header for broker &amp;#27;[0m&amp;#27;[32m&amp;#27;[1m&quot;B1&quot;&amp;#27;[0m                                                                                                                        &amp;#27;[90m# stepDefinations.SDplaceOrderofBroker1.loading_the_header_for_broker_something(java.lang.String)&amp;#27;[0m
s3b1inr = 130727144.2636362590011
  &amp;#27;[32mGiven &amp;#27;[0m&amp;#27;[32mtake balance of &amp;#27;[0m&amp;#27;[32m&amp;#27;[1m&quot;INR&quot;&amp;#27;[0m&amp;#27;[32m with api &amp;#27;[0m&amp;#27;[32m&amp;#27;[1m&quot;Getbalance&quot;&amp;#27;[0m&amp;#27;[32m with name &amp;#27;[0m&amp;#27;[32m&amp;#27;[1m&quot;s3b1inr&quot;&amp;#27;[0m                                                                                           &amp;#27;[90m# stepDefinations.SDplaceOrderofBroker1.take_balance_of_with_api_with_name(java.lang.String,java.lang.String,java.lang.String)&amp;#27;[0m
s3b1btc = 90000833.6960524464
  &amp;#27;[32mGiven &amp;#27;[0m&amp;#27;[32mtake balance of &amp;#27;[0m&amp;#27;[32m&amp;#27;[1m&quot;ETH&quot;&amp;#27;[0m&amp;#27;[32m with api &amp;#27;[0m&amp;#27;[32m&amp;#27;[1m&quot;Getbalance&quot;&amp;#27;[0m&amp;#27;[32m with name &amp;#27;[0m&amp;#27;[32m&amp;#27;[1m&quot;s3b1btc&quot;&amp;#27;[0m                                                                                           &amp;#27;[90m# stepDefinations.SDplaceOrderofBroker1.take_balance_of_with_api_with_name(java.lang.String,java.lang.String,java.lang.String)&amp;#27;[0m
FEE = -7004.9000000059605
diffrence inr before matching = 10007.0
diffrence btc before matching = 0.0
Error Fail because diffrence in btc is = -7.0
  &amp;#27;[31mThen &amp;#27;[0m&amp;#27;[31mCheck fees &amp;#27;[0m&amp;#27;[31m&amp;#27;[1m&quot;0.0&quot;&amp;#27;[0m&amp;#27;[31m for same broker&amp;#27;[0m                                                                                                                           &amp;#27;[90m# stepDefinations.SDplaceOrderofBroker1.calculate_fees_for_same_broker(java.lang.String)&amp;#27;[0m
      &amp;#27;[31mjava.lang.AssertionError: expected:&lt;9.000082669605245E7&gt; but was:&lt;9.000083369605245E7&gt;
	at org.junit.Assert.fail(Assert.java:89)
	at org.junit.Assert.failNotEquals(Assert.java:835)
	at org.junit.Assert.assertEquals(Assert.java:555)
	at org.junit.Assert.assertEquals(Assert.java:685)
	at stepDefinations.SDplaceOrderofBroker1.calculate_fees_for_same_broker(SDplaceOrderofBroker1.java:242)
	at âœ½.Check fees &quot;0.0&quot; for same broker(file:///C:/Users/Dell/eclipse_csk/CSXautomation2Optimision/src/test/java/features/ETHINR.feature:1182)
&amp;#27;[0m
</system-out>
  </testcase>
  <testcase classname="cucumber.options.TestRunner" name="runScenario" time="8.342"/>
  <testcase classname="cucumber.options.TestRunner" name="runScenario" time="9.02"/>
  <testcase classname="cucumber.options.TestRunner" name="runScenario" time="23.761"/>
</testsuite>