<?xml version="1.0" encoding="UTF-8"?>
<!-- Generated by org.testng.reporters.JUnitReportReporter -->
<testsuite hostname="DESKTOP-5AST0QG" failures="1" tests="2" name="cucumber.options.TestRunner" time="30.430" errors="0" timestamp="2022-04-28T13:38:49 IST" skipped="0">
  <testcase classname="cucumber.options.TestRunner" name="runScenario" time="11.791">
    <failure message="expected:&lt;[FULFILLED]&gt; but was:&lt;[OPEN]&gt;" type="org.junit.ComparisonFailure">
      <![CDATA[org.junit.ComparisonFailure: expected:<[FULFILLED]> but was:<[OPEN]>
at org.junit.Assert.assertEquals(Assert.java:117)
at org.junit.Assert.assertEquals(Assert.java:146)
at stepDefinations.SDplaceOrderofBroker1.verify_key_of_response(SDplaceOrderofBroker1.java:105)
at ✽.Verify key "data.status" of response "OPEN"(file:///C:/Users/Dell/eclipse_csk/CSXautomation2/src/test/java/demoFeature/demo.feature:12)
]]>
    </failure>
  </testcase> <!-- runScenario -->
  <system-out/>
  <testcase classname="cucumber.options.TestRunner" name="runScenario" time="18.639"/>
  <system-out/>
</testsuite> <!-- cucumber.options.TestRunner -->
